 0.00000000e+00  7.95458527e+00  0.00000000e+00  7.81878830e+00  0.00000000e+00  7.68776200e+00 
 1.00000000e-07  7.95407086e+00  1.00000000e-07  7.81813216e+00  1.00000000e-07  7.68770869e+00 
 1.75455447e-07  7.95365819e+00  2.00000000e-07  7.81744523e+00  1.08386600e-07  7.68770384e+00 
 3.26366342e-07  7.95279885e+00  4.00000000e-07  7.81603675e+00  1.25159800e-07  7.68769335e+00 
 6.28188132e-07  7.95090222e+00  8.00000000e-07  7.81304651e+00  1.58706201e-07  7.68766766e+00 
 1.23183171e-06  7.94654867e+00  1.60000000e-06  7.80655729e+00  2.25799001e-07  7.68759784e+00 
 2.43911887e-06  7.93640222e+00  3.20000000e-06  7.79242100e+00  3.59984603e-07  7.68738838e+00 
 4.85369319e-06  7.91353644e+00  6.40000000e-06  7.76244171e+00  6.28355806e-07  7.68671922e+00 
 8.92445388e-06  7.87285954e+00  1.28000000e-05  7.70107152e+00  1.16509821e-06  7.68457199e+00 
 1.67171320e-05  7.79384597e+00  2.28000000e-05  7.60408848e+00  2.19230827e-06  7.67843146e+00 
 2.67171320e-05  7.69120176e+00  3.28000000e-05  7.50605010e+00  3.70933605e-06  7.66671368e+00 
 3.67171320e-05  7.58747055e+00  4.28000000e-05  7.40741412e+00  6.20184609e-06  7.64499032e+00 
 4.67171320e-05  7.48316025e+00  5.28000000e-05  7.30862073e+00  1.02678836e-05  7.60805525e+00 
 5.67171320e-05  7.37874547e+00  6.28000000e-05  7.21015752e+00  1.83999587e-05  7.53334774e+00 
 6.67171320e-05  7.27476603e+00  7.28000000e-05  7.11252444e+00  2.83999587e-05  7.44058849e+00 
 7.67171320e-05  7.17176439e+00  8.28000000e-05  7.01624351e+00  3.83999587e-05  7.34716863e+00 
 8.67171320e-05  7.07031782e+00  9.28000000e-05  6.92185188e+00  4.83999587e-05  7.25352939e+00 
 9.67171320e-05  6.97101003e+00  1.02800000e-04  6.82989482e+00  5.83999587e-05  7.16009824e+00 
 1.06717132e-04  6.87444253e+00  1.12800000e-04  6.74092599e+00  6.83999587e-05  7.06734273e+00 
 1.16717132e-04  6.78121617e+00  1.22800000e-04  6.65549552e+00  7.83999587e-05  6.97573686e+00 
 1.26717132e-04  6.69193519e+00  1.32800000e-04  6.57415134e+00  8.83999587e-05  6.88577439e+00 
 1.36717132e-04  6.60719182e+00  1.42800000e-04  6.49742618e+00  9.83999587e-05  6.79795588e+00 
 1.46717132e-04  6.52756727e+00  1.52800000e-04  6.42583839e+00  1.08399959e-04  6.71278929e+00 
 1.56717132e-04  6.45361789e+00  1.62800000e-04  6.35987944e+00  1.18399959e-04  6.63078268e+00 
 1.66717132e-04  6.38587455e+00  1.72800000e-04  6.30001387e+00  1.28399959e-04  6.55244071e+00 
 1.76717132e-04  6.32483037e+00  1.82800000e-04  6.24666825e+00  1.38399959e-04  6.47825865e+00 
 1.86717132e-04  6.27093923e+00  1.92800000e-04  6.20023035e+00  1.48399959e-04  6.40871751e+00 
 1.96717132e-04  6.22460557e+00  2.02800000e-04  6.16104030e+00  1.58399959e-04  6.34427842e+00 
 2.06717132e-04  6.18618247e+00  2.12800000e-04  6.12938918e+00  1.68399959e-04  6.28537745e+00 
 2.16717132e-04  6.15596414e+00  2.22800000e-04  6.10551294e+00  1.78399959e-04  6.23242036e+00 
 2.26717132e-04  6.13418379e+00  2.32800000e-04  6.08959061e+00  1.88399959e-04  6.18577770e+00 
 2.36717132e-04  6.12100939e+00  2.42800000e-04  6.08174141e+00  1.98399959e-04  6.14578018e+00 
 2.46717132e-04  6.11654162e+00  2.52800000e-04  6.08202283e+00  2.08399959e-04  6.11271449e+00 
 2.56717132e-04  6.12081306e+00  2.62800000e-04  6.09043109e+00  2.18399959e-04  6.08681965e+00 
 2.66717132e-04  6.13378645e+00  2.72800000e-04  6.10689916e+00  2.28399959e-04  6.06828393e+00 
 2.76717132e-04  6.15535750e+00  2.82800000e-04  6.13130068e+00  2.38399959e-04  6.05724235e+00 
 2.86717132e-04  6.18535340e+00  2.92800000e-04  6.16344797e+00  2.48399959e-04  6.05377497e+00 
 2.96717132e-04  6.22353913e+00  3.02800000e-04  6.20309922e+00  2.58399959e-04  6.05790584e+00 
 3.06717132e-04  6.26961626e+00  3.12800000e-04  6.24995641e+00  2.68399959e-04  6.06960274e+00 
 3.16717132e-04  6.32323238e+00  3.22800000e-04  6.30367546e+00  2.78399959e-04  6.08877761e+00 
 3.26717132e-04  6.38397999e+00  3.32800000e-04  6.36386390e+00  2.88399959e-04  6.11528781e+00 
 3.36717132e-04  6.45140868e+00  3.42800000e-04  6.43009357e+00  2.98399959e-04  6.14893800e+00 
 3.46717132e-04  6.52502375e+00  3.52800000e-04  6.50189777e+00  3.08399959e-04  6.18948277e+00 
 3.56717132e-04  6.60430058e+00  3.62800000e-04  6.57878589e+00  3.18399959e-04  6.23662987e+00 
 3.66717132e-04  6.68868268e+00  3.72800000e-04  6.66023991e+00  3.28399959e-04  6.29004395e+00 
 3.76717132e-04  6.77759754e+00  3.82800000e-04  6.74573032e+00  3.38399959e-04  6.34935088e+00 
 3.86717132e-04  6.87045385e+00  3.92800000e-04  6.83471158e+00  3.48399959e-04  6.41414235e+00 
 3.96717132e-04  6.96665803e+00  4.02800000e-04  6.92663887e+00  3.58399959e-04  6.48398084e+00 
 4.06717132e-04  7.06561041e+00  4.12800000e-04  7.02096228e+00  3.68399959e-04  6.55840482e+00 
 4.16717132e-04  7.16672183e+00  4.22800000e-04  7.11714366e+00  3.78399959e-04  6.63693402e+00 
 4.26717132e-04  7.26940842e+00  4.32800000e-04  7.21464962e+00  3.88399959e-04  6.71907470e+00 
 4.36717132e-04  7.37310780e+00  4.42800000e-04  7.31296784e+00  3.98399959e-04  6.80432494e+00 
 4.46717132e-04  7.47727238e+00  4.52800000e-04  7.41159883e+00  4.08399959e-04  6.89217966e+00 
 4.56717132e-04  7.58138461e+00  4.62800000e-04  7.51007142e+00  4.18399959e-04  6.98213549e+00 
 4.66717132e-04  7.68494890e+00  4.72800000e-04  7.60793328e+00  4.28399959e-04  7.07369529e+00 
 4.76717132e-04  7.78750557e+00  4.82800000e-04  7.70476528e+00  4.38399959e-04  7.16637229e+00 
 4.86717132e-04  7.88862155e+00  4.92800000e-04  7.80017096e+00  4.48399959e-04  7.25969386e+00 
 4.96717132e-04  7.98790289e+00  5.02800000e-04  7.89378969e+00  4.58399959e-04  7.35320479e+00 
 5.06717132e-04  8.08498439e+00  5.12800000e-04  7.98528523e+00  4.68399959e-04  7.44647012e+00 
 5.16717132e-04  8.17954070e+00  5.22800000e-04  8.07435763e+00  4.78399959e-04  7.53907744e+00 
 5.26717132e-04  8.27127520e+00  5.32800000e-04  8.16073130e+00  4.88399959e-04  7.63063873e+00 
 5.36717132e-04  8.35992969e+00  5.42800000e-04  8.24416555e+00  4.98399959e-04  7.72079172e+00 
 5.46717132e-04  8.44527295e+00  5.52800000e-04  8.32444257e+00  5.08399959e-04  7.80920076e+00 
 5.56717132e-04  8.52710910e+00  5.62800000e-04  8.40137667e+00  5.18399959e-04  7.89555728e+00 
 5.66717132e-04  8.60526618e+00  5.72800000e-04  8.47480247e+00  5.28399959e-04  7.97957982e+00 
 5.76717132e-04  8.67960333e+00  5.82800000e-04  8.54458302e+00  5.38399959e-04  8.06101370e+00 
 5.86717132e-04  8.74999976e+00  5.92800000e-04  8.61059839e+00  5.48399959e-04  8.13963035e+00 
 5.96717132e-04  8.81636095e+00  6.02800000e-04  8.67275287e+00  5.58399959e-04  8.21522641e+00 
 6.06717132e-04  8.87860817e+00  6.12800000e-04  8.73096419e+00  5.68399959e-04  8.28762249e+00 
 6.16717132e-04  8.93668390e+00  6.22800000e-04  8.78516988e+00  5.78399959e-04  8.35666188e+00 
 6.26717132e-04  8.99054217e+00  6.32800000e-04  8.83531738e+00  5.88399959e-04  8.42220895e+00 
 6.36717132e-04  9.04015329e+00  6.42800000e-04  8.88136957e+00  5.98399959e-04  8.48414759e+00 
 6.46717132e-04  9.08549517e+00  6.52800000e-04  8.92329599e+00  6.08399959e-04  8.54237947e+00 
 6.56717132e-04  9.12655739e+00  6.62800000e-04  8.96107761e+00  6.18399959e-04  8.59682233e+00 
 6.66717132e-04  9.16333372e+00  6.72800000e-04  8.99469919e+00  6.28399959e-04  8.64740828e+00 
 6.76717132e-04  9.19582557e+00  6.82800000e-04  9.02415340e+00  6.38399959e-04  8.69408204e+00 
 6.86717132e-04  9.22403566e+00  6.92800000e-04  9.04943438e+00  6.48399959e-04  8.73679935e+00 
 6.96717132e-04  9.24797104e+00  7.02800000e-04  9.07054126e+00  6.58399959e-04  8.77552538e+00 
 7.06717132e-04  9.26763786e+00  7.12800000e-04  9.08747289e+00  6.68399959e-04  8.81023324e+00 
 7.16717132e-04  9.28304400e+00  7.22800000e-04  9.10023084e+00  6.78399959e-04  8.84090264e+00 
 7.26717132e-04  9.29419493e+00  7.32800000e-04  9.10881530e+00  6.88399959e-04  8.86751861e+00 
 7.36717132e-04  9.30109598e+00  7.42800000e-04  9.11322756e+00  6.98399959e-04  8.89007040e+00 
 7.46717132e-04  9.30374933e+00  7.52800000e-04  9.11346713e+00  7.08399959e-04  8.90855052e+00 
 7.56717132e-04  9.30215584e+00  7.62800000e-04  9.10953367e+00  7.18399959e-04  8.92295382e+00 
 7.66717132e-04  9.29631323e+00  7.72800000e-04  9.10142528e+00  7.28399959e-04  8.93327691e+00 
 7.76717132e-04  9.28621746e+00  7.82800000e-04  9.08913997e+00  7.38399959e-04  8.93951754e+00 
 7.86717132e-04  9.27186210e+00  7.92800000e-04  9.07267513e+00  7.48399959e-04  8.94167424e+00 
 7.96717132e-04  9.25323926e+00  8.02800000e-04  9.05202847e+00  7.58399959e-04  8.93974610e+00 
 8.06717132e-04  9.23034012e+00  8.12800000e-04  9.02719868e+00  7.68399959e-04  8.93373265e+00 
 8.16717132e-04  9.20315550e+00  8.22800000e-04  8.99818590e+00  7.78399959e-04  8.92363402e+00 
 8.26717132e-04  9.17167746e+00  8.32800000e-04  8.96499349e+00  7.88399959e-04  8.90945108e+00 
 8.36717132e-04  9.13589953e+00  8.42800000e-04  8.92762804e+00  7.98399959e-04  8.89118590e+00 
 8.46717132e-04  9.09581942e+00  8.52800000e-04  8.88610230e+00  8.08399959e-04  8.86884227e+00 
 8.56717132e-04  9.05143890e+00  8.62800000e-04  8.84043465e+00  8.18399959e-04  8.84242642e+00 
 8.66717132e-04  9.00276752e+00  8.72800000e-04  8.79065309e+00  8.28399959e-04  8.81194782e+00 
 8.76717132e-04  8.94982217e+00  8.82800000e-04  8.73679430e+00  8.38399959e-04  8.77742023e+00 
 8.86717132e-04  8.89263180e+00  8.92800000e-04  8.67890854e+00  8.48399959e-04  8.73886280e+00 
 8.96717132e-04  8.83123658e+00  9.02800000e-04  8.61705817e+00  8.58399959e-04  8.69630136e+00 
 9.06717132e-04  8.76569348e+00  9.12800000e-04  8.55132346e+00  8.68399959e-04  8.64976979e+00 
 9.16717132e-04  8.69607503e+00  9.22800000e-04  8.48180054e+00  8.78399959e-04  8.59931155e+00 
 9.26717132e-04  8.62247566e+00  9.32800000e-04  8.40860783e+00  8.88399959e-04  8.54498124e+00 
 9.36717132e-04  8.54500982e+00  9.42800000e-04  8.33188337e+00  8.98399959e-04  8.48684631e+00 
 9.46717132e-04  8.46381893e+00  9.52800000e-04  8.25179174e+00  9.08399959e-04  8.42498878e+00 
 9.56717132e-04  8.37906884e+00  9.62800000e-04  8.16852060e+00  9.18399959e-04  8.35950699e+00 
 9.66717132e-04  8.29095698e+00  9.72800000e-04  8.08228780e+00  9.28399959e-04  8.29051738e+00 
 9.76717132e-04  8.19970901e+00  9.82800000e-04  7.99333702e+00  9.38399959e-04  8.21815621e+00 
 9.86717132e-04  8.10558594e+00  9.92800000e-04  7.90194486e+00  9.48399959e-04  8.14258120e+00 
 9.96717132e-04  8.00887972e+00  1.00280000e-03  7.80841536e+00  9.58399959e-04  8.06397310e+00 
 1.00671713e-03  7.90991999e+00  1.01280000e-03  7.71308672e+00  9.68399959e-04  7.98253707e+00 
 1.01671713e-03  7.80906844e+00  1.02280000e-03  7.61632472e+00  9.78399959e-04  7.89850384e+00 
 1.02671713e-03  7.70672486e+00  1.03280000e-03  7.51852865e+00  9.88399959e-04  7.81213074e+00 
 1.03671713e-03  7.60332013e+00  1.04280000e-03  7.42012358e+00  9.98399959e-04  7.72370222e+00 
 1.04671713e-03  7.49932118e+00  1.05280000e-03  7.32156530e+00  1.00839996e-03  7.63353029e+00 
 1.05671713e-03  7.39522265e+00  1.06280000e-03  7.22333138e+00  1.01839996e-03  7.54195436e+00 
 1.06671713e-03  7.29155049e+00  1.07280000e-03  7.12592494e+00  1.02839996e-03  7.44934078e+00 
 1.07671713e-03  7.18885233e+00  1.08280000e-03  7.02986465e+00  1.03839996e-03  7.35608188e+00 
 1.08671713e-03  7.08769956e+00  1.09280000e-03  6.93568716e+00  1.04839996e-03  7.26259455e+00 
 1.09671713e-03  6.98867663e+00  1.10280000e-03  6.84393635e+00  1.05839996e-03  7.16931832e+00 
 1.10671713e-03  6.89238164e+00  1.11280000e-03  6.75516438e+00  1.06839996e-03  7.07671293e+00 
 1.11671713e-03  6.79941486e+00  1.12280000e-03  6.66992054e+00  1.07839996e-03  6.98525536e+00 
 1.12671713e-03  6.71037795e+00  1.13280000e-03  6.58875108e+00  1.08839996e-03  6.89543649e+00 
 1.13671713e-03  6.62586225e+00  1.14280000e-03  6.51218811e+00  1.09839996e-03  6.80775713e+00 
 1.14671713e-03  6.54644683e+00  1.15280000e-03  6.44074839e+00  1.10839996e-03  6.72272385e+00 
 1.15671713e-03  6.47268714e+00  1.16280000e-03  6.37492286e+00  1.11839996e-03  6.64084421e+00 
 1.16671713e-03  6.40511226e+00  1.17280000e-03  6.31517472e+00  1.12839996e-03  6.56262190e+00 
 1.17671713e-03  6.34421454e+00  1.18280000e-03  6.26193009e+00  1.13839996e-03  6.48855154e+00 
 1.18671713e-03  6.29044645e+00  1.19280000e-03  6.21557572e+00  1.14839996e-03  6.41911336e+00 
 1.19671713e-03  6.24421185e+00  1.20280000e-03  6.17645138e+00  1.15839996e-03  6.35476784e+00 
 1.20671713e-03  6.20586286e+00  1.21280000e-03  6.14484749e+00  1.16839996e-03  6.29595041e+00 
 1.21671713e-03  6.17569327e+00  1.22280000e-03  6.12099974e+00  1.17839996e-03  6.24306629e+00 
 1.22671713e-03  6.15393584e+00  1.23280000e-03  6.10508688e+00  1.18839996e-03  6.19648549e+00 
 1.23671713e-03  6.14075833e+00  1.24280000e-03  6.09722800e+00  1.19839996e-03  6.15653831e+00 
 1.24671713e-03  6.13626143e+00  1.25280000e-03  6.09748071e+00  1.20839996e-03  6.12351107e+00 
 1.25671713e-03  6.14047775e+00  1.26280000e-03  6.10584119e+00  1.21839996e-03  6.09764252e+00 
 1.26671713e-03  6.15337053e+00  1.27280000e-03  6.12224293e+00  1.22839996e-03  6.07912069e+00 
 1.27671713e-03  6.17483571e+00  1.28280000e-03  6.14655966e+00  1.23839996e-03  6.06808051e+00 
 1.28671713e-03  6.20470146e+00  1.29280000e-03  6.17860459e+00  1.24839996e-03  6.06460199e+00 
 1.29671713e-03  6.24273319e+00  1.30280000e-03  6.21813610e+00  1.25839996e-03  6.06870922e+00 
 1.30671713e-03  6.28863385e+00  1.31280000e-03  6.26485739e+00  1.26839996e-03  6.08037009e+00 
 1.31671713e-03  6.34205164e+00  1.32280000e-03  6.31842465e+00  1.27839996e-03  6.09949677e+00 
 1.32671713e-03  6.40258083e+00  1.33280000e-03  6.37844696e+00  1.28839996e-03  6.12594689e+00 
 1.33671713e-03  6.46977174e+00  1.34280000e-03  6.44449647e+00  1.29839996e-03  6.15952546e+00 
 1.34671713e-03  6.54313176e+00  1.35280000e-03  6.51610826e+00  1.30839996e-03  6.19998752e+00 
 1.35671713e-03  6.62213709e+00  1.36280000e-03  6.59279211e+00  1.31839996e-03  6.24704130e+00 
 1.36671713e-03  6.70623358e+00  1.37280000e-03  6.67403195e+00  1.32839996e-03  6.30035202e+00 
 1.37671713e-03  6.79484959e+00  1.38280000e-03  6.75929864e+00  1.33839996e-03  6.35954615e+00 
 1.38671713e-03  6.88739628e+00  1.39280000e-03  6.84804877e+00  1.34839996e-03  6.42421604e+00 
 1.39671713e-03  6.98328097e+00  1.40280000e-03  6.93973784e+00  1.35839996e-03  6.49392490e+00 
 1.40671713e-03  7.08190656e+00  1.41280000e-03  7.03381812e+00  1.36839996e-03  6.56821192e+00 
 1.41671713e-03  7.18268471e+00  1.42280000e-03  7.12975177e+00  1.37839996e-03  6.64659761e+00 
 1.42671713e-03  7.28503413e+00  1.43280000e-03  7.22700754e+00  1.38839996e-03  6.72858901e+00 
 1.43671713e-03  7.38839318e+00  1.44280000e-03  7.32507338e+00  1.39839996e-03  6.81368501e+00 
 1.44671713e-03  7.49221679e+00  1.45280000e-03  7.42345190e+00  1.40839996e-03  6.90138135e+00 
 1.45671713e-03  7.59598803e+00  1.46280000e-03  7.52167209e+00  1.41839996e-03  6.99117546e+00 
 1.46671713e-03  7.69921368e+00  1.47280000e-03  7.61928362e+00  1.42839996e-03  7.08257100e+00 
 1.47671713e-03  7.80143457e+00  1.48280000e-03  7.71586742e+00  1.43839996e-03  7.17508201e+00 
 1.48671713e-03  7.90221980e+00  1.49280000e-03  7.81102894e+00  1.44839996e-03  7.26823662e+00 
 1.49671713e-03  8.00117577e+00  1.50280000e-03  7.90440744e+00  1.45839996e-03  7.36158037e+00 
 1.50671713e-03  8.09793926e+00  1.51280000e-03  7.99566847e+00  1.46839996e-03  7.45467900e+00 
 1.51671713e-03  8.19218508e+00  1.52280000e-03  8.08451187e+00  1.47839996e-03  7.54712081e+00 
 1.52671713e-03  8.28361839e+00  1.53280000e-03  8.17066364e+00  1.48839996e-03  7.63851841e+00 
 1.53671713e-03  8.37198100e+00  1.54280000e-03  8.25388282e+00  1.49839996e-03  7.72851016e+00 
 1.54671713e-03  8.45704320e+00  1.55280000e-03  8.33395299e+00  1.50839996e-03  7.81676096e+00 
 1.55671713e-03  8.53860900e+00  1.56280000e-03  8.41068812e+00  1.51839996e-03  7.90296279e+00 
 1.56671713e-03  8.61650773e+00  1.57280000e-03  8.48392402e+00  1.52839996e-03  7.98683465e+00 
 1.57671713e-03  8.69059830e+00  1.58280000e-03  8.55352337e+00  1.53839996e-03  8.06812230e+00 
 1.58671713e-03  8.76076101e+00  1.59280000e-03  8.61936725e+00  1.54839996e-03  8.14659760e+00 
 1.59671713e-03  8.82690099e+00  1.60280000e-03  8.68135952e+00  1.55839996e-03  8.22205751e+00 
 1.60671713e-03  8.88894041e+00  1.61280000e-03  8.73941878e+00  1.56839996e-03  8.29432298e+00 
 1.61671713e-03  8.94682138e+00  1.62280000e-03  8.79348212e+00  1.57839996e-03  8.36323757e+00 
 1.62671713e-03  9.00049863e+00  1.63280000e-03  8.84349768e+00  1.58839996e-03  8.42866590e+00 
 1.63671713e-03  9.04994205e+00  1.64280000e-03  8.88942792e+00  1.59839996e-03  8.49049207e+00 
 1.64671713e-03  9.09513013e+00  1.65280000e-03  8.93124294e+00  1.60839996e-03  8.54861792e+00 
 1.65671713e-03  9.13605204e+00  1.66280000e-03  8.96892331e+00  1.61839996e-03  8.60296135e+00 
 1.66671713e-03  9.17270196e+00  1.67280000e-03  9.00245425e+00  1.62839996e-03  8.65345459e+00 
 1.67671713e-03  9.20508093e+00  1.68280000e-03  9.03182805e+00  1.63839996e-03  8.70004246e+00 
 1.68671713e-03  9.23319199e+00  1.69280000e-03  9.05703921e+00  1.64839996e-03  8.74268078e+00 
 1.69671713e-03  9.25704184e+00  1.70280000e-03  9.07808652e+00  1.65839996e-03  8.78133478e+00 
 1.70671713e-03  9.27663688e+00  1.71280000e-03  9.09496912e+00  1.66839996e-03  8.81597762e+00 
 1.71671713e-03  9.29198466e+00  1.72280000e-03  9.10768827e+00  1.67839996e-03  8.84658904e+00 
 1.72671713e-03  9.30309085e+00  1.73280000e-03  9.11624440e+00  1.68839996e-03  8.87315411e+00 
 1.73671713e-03  9.30996051e+00  1.74280000e-03  9.12063855e+00  1.69839996e-03  8.89566207e+00 
 1.74671713e-03  9.31259595e+00  1.75280000e-03  9.12087036e+00  1.70839996e-03  8.91410542e+00 
 1.75671713e-03  9.31099782e+00  1.76280000e-03  9.11693932e+00  1.71839996e-03  8.92847905e+00 
 1.76671713e-03  9.30516390e+00  1.77280000e-03  9.10884360e+00  1.72839996e-03  8.93877953e+00 
 1.77671713e-03  9.29509004e+00  1.78280000e-03  9.09658109e+00  1.73839996e-03  8.94500460e+00 
 1.78671713e-03  9.28076977e+00  1.79280000e-03  9.08014918e+00  1.74839996e-03  8.94715278e+00 
 1.79671713e-03  9.26219516e+00  1.80280000e-03  9.05954551e+00  1.75839996e-03  8.94522313e+00 
 1.80671713e-03  9.23935730e+00  1.81280000e-03  9.03476870e+00  1.76839996e-03  8.93921517e+00 
 1.81671713e-03  9.21224699e+00  1.82280000e-03  9.00581887e+00  1.77839996e-03  8.92912899e+00 
 1.82671713e-03  9.18085613e+00  1.83280000e-03  8.97269920e+00  1.78839996e-03  8.91496544e+00 
 1.83671713e-03  9.14517828e+00  1.84280000e-03  8.93541634e+00  1.79839996e-03  8.89672654e+00 
 1.84671713e-03  9.10521091e+00  1.85280000e-03  8.89398274e+00  1.80839996e-03  8.87441604e+00 
 1.85671713e-03  9.06095580e+00  1.86280000e-03  8.84841684e+00  1.81839996e-03  8.84804012e+00 
 1.86671713e-03  9.01242215e+00  1.87280000e-03  8.79874628e+00  1.82839996e-03  8.81760819e+00 
 1.87671713e-03  8.95962689e+00  1.88280000e-03  8.74500779e+00  1.83839996e-03  8.78313395e+00 
 1.88671713e-03  8.90259847e+00  1.89280000e-03  8.68725113e+00  1.84839996e-03  8.74463646e+00 
 1.89671713e-03  8.84137706e+00  1.90280000e-03  8.62553872e+00  1.85839996e-03  8.70214145e+00 
 1.90671713e-03  8.77601900e+00  1.91280000e-03  8.55995019e+00  1.86839996e-03  8.65568270e+00 
 1.91671713e-03  8.70659675e+00  1.92280000e-03  8.49058168e+00  1.87839996e-03  8.60530352e+00 
 1.92671713e-03  8.63320394e+00  1.93280000e-03  8.41755085e+00  1.88839996e-03  8.55105838e+00 
 1.93671713e-03  8.55595486e+00  1.94280000e-03  8.34099570e+00  1.89839996e-03  8.49301454e+00 
 1.94671713e-03  8.47498997e+00  1.95280000e-03  8.26107989e+00  1.90839996e-03  8.43125384e+00 
 1.95671713e-03  8.39047482e+00  1.96280000e-03  8.17799096e+00  1.91839996e-03  8.36587437e+00 
 1.96671713e-03  8.30260569e+00  1.97280000e-03  8.09194570e+00  1.92839996e-03  8.29699232e+00 
 1.97671713e-03  8.21160782e+00  1.98280000e-03  8.00318760e+00  1.93839996e-03  8.22474365e+00 
 1.98671713e-03  8.11774085e+00  1.99280000e-03  7.91199201e+00  1.94839996e-03  8.14928577e+00 
 1.99671713e-03  8.02129619e+00  2.00000000e-03  7.84498823e+00  1.95839996e-03  8.07079905e+00 
 2.00000000e-03  7.98912323e+00                                  1.96839996e-03  7.98948825e+00 
                                                                 1.97839996e-03  7.90558368e+00 
                                                                 1.98839996e-03  7.81934218e+00 
                                                                 1.99839996e-03  7.73104770e+00 
                                                                 2.00000000e-03  7.71674735e+00 
