 0.00000000e+00  7.91060270e+00  0.00000000e+00  7.80815874e+00  0.00000000e+00  7.73314102e+00 
 1.00000000e-07  7.90986095e+00  1.00000000e-07  7.80749037e+00  1.00000000e-07  7.73252164e+00 
 2.00000000e-07  7.90909505e+00  2.00000000e-07  7.80679196e+00  2.00000000e-07  7.73186818e+00 
 4.00000000e-07  7.90754300e+00  4.00000000e-07  7.80536238e+00  4.00000000e-07  7.73051987e+00 
 8.00000000e-07  7.90434204e+00  8.00000000e-07  7.80234001e+00  8.00000000e-07  7.72761424e+00 
 1.60000000e-06  7.89765595e+00  1.60000000e-06  7.79581619e+00  1.60000000e-06  7.72118920e+00 
 3.20000000e-06  7.88363110e+00  3.20000000e-06  7.78167740e+00  3.20000000e-06  7.70694480e+00 
 6.40000000e-06  7.85458965e+00  6.40000000e-06  7.75178764e+00  6.40000000e-06  7.67641381e+00 
 1.28000000e-05  7.79554607e+00  1.28000000e-05  7.69065596e+00  1.24192730e-05  7.61747143e+00 
 2.28000000e-05  7.70228578e+00  2.28000000e-05  7.59405594e+00  2.24192730e-05  7.51842712e+00 
 3.28000000e-05  7.60809805e+00  3.28000000e-05  7.49641591e+00  3.24192730e-05  7.41823997e+00 
 4.28000000e-05  7.51341631e+00  4.28000000e-05  7.39819029e+00  4.24192730e-05  7.31737724e+00 
 5.28000000e-05  7.41867053e+00  5.28000000e-05  7.29981777e+00  5.24192730e-05  7.21628360e+00 
 6.28000000e-05  7.32432710e+00  6.28000000e-05  7.20178296e+00  6.24192730e-05  7.11545573e+00 
 7.28000000e-05  7.23086745e+00  7.28000000e-05  7.10458322e+00  7.24192730e-05  7.01540206e+00 
 8.28000000e-05  7.13879040e+00  8.28000000e-05  7.00873733e+00  8.24192730e-05  6.91665541e+00 
 9.28000000e-05  7.04860944e+00  9.28000000e-05  6.91477918e+00  9.24192730e-05  6.81976445e+00 
 1.02800000e-04  6.96084361e+00  1.02800000e-04  6.82325049e+00  1.02419273e-04  6.72528750e+00 
 1.12800000e-04  6.87601930e+00  1.12800000e-04  6.73470130e+00  1.12419273e-04  6.63379234e+00 
 1.22800000e-04  6.79465781e+00  1.22800000e-04  6.64967796e+00  1.22419273e-04  6.54584428e+00 
 1.32800000e-04  6.71727751e+00  1.32800000e-04  6.56872462e+00  1.32419273e-04  6.46200745e+00 
 1.42800000e-04  6.64438093e+00  1.42800000e-04  6.49237025e+00  1.42419273e-04  6.38283147e+00 
 1.52800000e-04  6.57645607e+00  1.52800000e-04  6.42112951e+00  1.52419273e-04  6.30885224e+00 
 1.62800000e-04  6.51396433e+00  1.62800000e-04  6.35549032e+00  1.62419273e-04  6.24057908e+00 
 1.72800000e-04  6.45734089e+00  1.72800000e-04  6.29591387e+00  1.72419273e-04  6.17849451e+00 
 1.82800000e-04  6.40698412e+00  1.82800000e-04  6.24282362e+00  1.82419273e-04  6.12304291e+00 
 1.92800000e-04  6.36325522e+00  1.92800000e-04  6.19660457e+00  1.92419273e-04  6.07462946e+00 
 2.02800000e-04  6.32646984e+00  2.02800000e-04  6.15759440e+00  2.02419273e-04  6.03361094e+00 
 2.12800000e-04  6.29689700e+00  2.12800000e-04  6.12608217e+00  2.12419273e-04  6.00029415e+00 
 2.22800000e-04  6.27475350e+00  2.22800000e-04  6.10230221e+00  2.22419273e-04  5.97492946e+00 
 2.32800000e-04  6.26020237e+00  2.32800000e-04  6.08643243e+00  2.32419273e-04  5.95770887e+00 
 2.42800000e-04  6.25335034e+00  2.42800000e-04  6.07859139e+00  2.42419273e-04  5.94876281e+00 
 2.52800000e-04  6.25424604e+00  2.52800000e-04  6.07883642e+00  2.52419273e-04  5.94815811e+00 
 2.62800000e-04  6.26288068e+00  2.62800000e-04  6.08716408e+00  2.62419273e-04  5.95589822e+00 
 2.72800000e-04  6.27918613e+00  2.72800000e-04  6.10350815e+00  2.72419273e-04  5.97192122e+00 
 2.82800000e-04  6.30303885e+00  2.82800000e-04  6.12774361e+00  2.82419273e-04  5.99610359e+00 
 2.92800000e-04  6.33425779e+00  2.92800000e-04  6.15968450e+00  2.92419273e-04  6.02825823e+00 
 3.02800000e-04  6.37261150e+00  3.02800000e-04  6.19909123e+00  3.02419273e-04  6.06814168e+00 
 3.12800000e-04  6.41781575e+00  3.12800000e-04  6.24566830e+00  3.12419273e-04  6.11545205e+00 
 3.22800000e-04  6.46954354e+00  3.22800000e-04  6.29907457e+00  3.22419273e-04  6.16983935e+00 
 3.32800000e-04  6.52742232e+00  3.32800000e-04  6.35892074e+00  3.32419273e-04  6.23090325e+00 
 3.42800000e-04  6.59104640e+00  3.42800000e-04  6.42478211e+00  3.42419273e-04  6.29820598e+00 
 3.52800000e-04  6.65997367e+00  3.52800000e-04  6.49619554e+00  3.52419273e-04  6.37126962e+00 
 3.62800000e-04  6.73373990e+00  3.62800000e-04  6.57267421e+00  3.62419273e-04  6.44959106e+00 
 3.72800000e-04  6.81185460e+00  3.72800000e-04  6.65370386e+00  3.72419273e-04  6.53263859e+00 
 3.82800000e-04  6.89381677e+00  3.82800000e-04  6.73875880e+00  3.82419273e-04  6.61986819e+00 
 3.92800000e-04  6.97910972e+00  3.92800000e-04  6.82729724e+00  3.92419273e-04  6.71071914e+00 
 4.02800000e-04  7.06721755e+00  4.02800000e-04  6.91877803e+00  4.02419273e-04  6.80463101e+00 
 4.12800000e-04  7.15761884e+00  4.12800000e-04  7.01265473e+00  4.12419273e-04  6.90103811e+00 
 4.22800000e-04  7.24980333e+00  4.22800000e-04  7.10839256e+00  4.22419273e-04  6.99938656e+00 
 4.32800000e-04  7.34326436e+00  4.32800000e-04  7.20546115e+00  4.32419273e-04  7.09912739e+00 
 4.42800000e-04  7.43751523e+00  4.42800000e-04  7.30335106e+00  4.42419273e-04  7.19973313e+00 
 4.52800000e-04  7.53208039e+00  4.52800000e-04  7.40156529e+00  4.52419273e-04  7.30068963e+00 
 4.62800000e-04  7.62651111e+00  4.62800000e-04  7.49963496e+00  4.62419273e-04  7.40151175e+00 
 4.72800000e-04  7.72037550e+00  4.72800000e-04  7.59710960e+00  4.72419273e-04  7.50173389e+00 
 4.82800000e-04  7.81327317e+00  4.82800000e-04  7.69357175e+00  4.82419273e-04  7.60092454e+00 
 4.92800000e-04  7.90482432e+00  4.92800000e-04  7.78862619e+00  4.92419273e-04  7.69867570e+00 
 5.02800000e-04  7.99468314e+00  5.02800000e-04  7.88191331e+00  5.02419273e-04  7.79461611e+00 
 5.12800000e-04  8.08252622e+00  5.12800000e-04  7.97309752e+00  5.12419273e-04  7.88839989e+00 
 5.22800000e-04  8.16806468e+00  5.22800000e-04  8.06187932e+00  5.22419273e-04  7.97971834e+00 
 5.32800000e-04  8.25103210e+00  5.32800000e-04  8.14798322e+00  5.32419273e-04  8.06828805e+00 
 5.42800000e-04  8.33119546e+00  5.42800000e-04  8.23116850e+00  5.42419273e-04  8.15386141e+00 
 5.52800000e-04  8.40834290e+00  5.52800000e-04  8.31121699e+00  5.52419273e-04  8.23621454e+00 
 5.62800000e-04  8.48229344e+00  5.62800000e-04  8.38794258e+00  5.62419273e-04  8.31515652e+00 
 5.72800000e-04  8.55288496e+00  5.72800000e-04  8.46117921e+00  5.72419273e-04  8.39051745e+00 
 5.82800000e-04  8.61998279e+00  5.82800000e-04  8.53078919e+00  5.82419273e-04  8.46215660e+00 
 5.92800000e-04  8.68346816e+00  5.92800000e-04  8.59665171e+00  5.92419273e-04  8.52995091e+00 
 6.02800000e-04  8.74324578e+00  6.02800000e-04  8.65867012e+00  6.02419273e-04  8.59380209e+00 
 6.12800000e-04  8.79923297e+00  6.12800000e-04  8.71676115e+00  6.12419273e-04  8.65362588e+00 
 6.22800000e-04  8.85136636e+00  6.22800000e-04  8.77086132e+00  6.22419273e-04  8.70935823e+00 
 6.32800000e-04  8.89959194e+00  6.32800000e-04  8.82091703e+00  6.32419273e-04  8.76094543e+00 
 6.42800000e-04  8.94387090e+00  6.42800000e-04  8.86689016e+00  6.42419273e-04  8.80834959e+00 
 6.52800000e-04  8.98417070e+00  6.52800000e-04  8.90874925e+00  6.52419273e-04  8.85153974e+00 
 6.62800000e-04  9.02047022e+00  6.62800000e-04  8.94647435e+00  6.62419273e-04  8.89049663e+00 
 6.72800000e-04  9.05275196e+00  6.72800000e-04  8.98004930e+00  6.72419273e-04  8.92520498e+00 
 6.82800000e-04  9.08100644e+00  6.82800000e-04  9.00946602e+00  6.82419273e-04  8.95565760e+00 
 6.92800000e-04  9.10522565e+00  6.92800000e-04  9.03471789e+00  6.92419273e-04  8.98184888e+00 
 7.02800000e-04  9.12540678e+00  7.02800000e-04  9.05580342e+00  7.02419273e-04  9.00377829e+00 
 7.12800000e-04  9.14154689e+00  7.12800000e-04  9.07272091e+00  7.12419273e-04  9.02144509e+00 
 7.22800000e-04  9.15364605e+00  7.22800000e-04  9.08547151e+00  7.22419273e-04  9.03485125e+00 
 7.32800000e-04  9.16170321e+00  7.32800000e-04  9.09405509e+00  7.32419273e-04  9.04399739e+00 
 7.42800000e-04  9.16571873e+00  7.42800000e-04  9.09847273e+00  7.42419273e-04  9.04888517e+00 
 7.52800000e-04  9.16569154e+00  7.52800000e-04  9.09872383e+00  7.52419273e-04  9.04951442e+00 
 7.62800000e-04  9.16162104e+00  7.62800000e-04  9.09480805e+00  7.62419273e-04  9.04588507e+00 
 7.72800000e-04  9.15350550e+00  7.72800000e-04  9.08672364e+00  7.72419273e-04  9.03799537e+00 
 7.82800000e-04  9.14134343e+00  7.82800000e-04  9.07446882e+00  7.82419273e-04  9.02584342e+00 
 7.92800000e-04  9.12513309e+00  7.92800000e-04  9.05804134e+00  7.92419273e-04  9.00942653e+00 
 8.02800000e-04  9.10487347e+00  8.02800000e-04  9.03743936e+00  8.02419273e-04  8.98874226e+00 
 8.12800000e-04  9.08056485e+00  8.12800000e-04  9.01266210e+00  8.12419273e-04  8.96378899e+00 
 8.22800000e-04  9.05220930e+00  8.22800000e-04  8.98371035e+00  8.22419273e-04  8.93456640e+00 
 8.32800000e-04  9.01981245e+00  8.32800000e-04  8.95058819e+00  8.32419273e-04  8.90107729e+00 
 8.42800000e-04  8.98338340e+00  8.42800000e-04  8.91330302e+00  8.42419273e-04  8.86332756e+00 
 8.52800000e-04  8.94293766e+00  8.52800000e-04  8.87186844e+00  8.52419273e-04  8.82132909e+00 
 8.62800000e-04  8.89849650e+00  8.62800000e-04  8.82630375e+00  8.62419273e-04  8.77509932e+00 
 8.72800000e-04  8.85009099e+00  8.72800000e-04  8.77663790e+00  8.72419273e-04  8.72466520e+00 
 8.82800000e-04  8.79776085e+00  8.82800000e-04  8.72290853e+00  8.82419273e-04  8.67006227e+00 
 8.92800000e-04  8.74155936e+00  8.92800000e-04  8.66516685e+00  8.92419273e-04  8.61133957e+00 
 9.02800000e-04  8.68155173e+00  9.02800000e-04  8.60347619e+00  9.02419273e-04  8.54855828e+00 
 9.12800000e-04  8.61782088e+00  9.12800000e-04  8.53791771e+00  9.12419273e-04  8.48179742e+00 
 9.22800000e-04  8.55046513e+00  9.22800000e-04  8.46858834e+00  9.22419273e-04  8.41115199e+00 
 9.32800000e-04  8.47960466e+00  9.32800000e-04  8.39560727e+00  9.32419273e-04  8.33673936e+00 
 9.42800000e-04  8.40537855e+00  9.42800000e-04  8.31911313e+00  9.42419273e-04  8.25869671e+00 
 9.52800000e-04  8.32795171e+00  9.52800000e-04  8.23927098e+00  9.52419273e-04  8.17718799e+00 
 9.62800000e-04  8.24751104e+00  9.62800000e-04  8.15626874e+00  9.62419273e-04  8.09240056e+00 
 9.72800000e-04  8.16427264e+00  9.72800000e-04  8.07032435e+00  9.72419273e-04  8.00455236e+00 
 9.82800000e-04  8.07847704e+00  9.82800000e-04  7.98168133e+00  9.82419273e-04  7.91388769e+00 
 9.92800000e-04  7.99039634e+00  9.92800000e-04  7.89061588e+00  9.92419273e-04  7.82068432e+00 
 1.00280000e-03  7.90032838e+00  1.00280000e-03  7.79743136e+00  1.00241927e-03  7.72524819e+00 
 1.01280000e-03  7.80860348e+00  1.01280000e-03  7.70246500e+00  1.01241927e-03  7.62792018e+00 
 1.02280000e-03  7.71557757e+00  1.02280000e-03  7.60608128e+00  1.02241927e-03  7.52906965e+00 
 1.03280000e-03  7.62163819e+00  1.03280000e-03  7.50867792e+00  1.03241927e-03  7.42910046e+00 
 1.04280000e-03  7.52719647e+00  1.04280000e-03  7.41067805e+00  1.04241927e-03  7.32844334e+00 
 1.05280000e-03  7.43269224e+00  1.05280000e-03  7.31253526e+00  1.05241927e-03  7.22756088e+00 
 1.06280000e-03  7.33858488e+00  1.06280000e-03  7.21472457e+00  1.06241927e-03  7.12693870e+00 
 1.07280000e-03  7.24535726e+00  1.07280000e-03  7.11774631e+00  1.07241927e-03  7.02708922e+00 
 1.08280000e-03  7.15350570e+00  1.08280000e-03  7.02211607e+00  1.08241927e-03  6.92854167e+00 
 1.09280000e-03  7.06354269e+00  1.09280000e-03  6.92836722e+00  1.09241927e-03  6.83184458e+00 
 1.10280000e-03  6.97598606e+00  1.10280000e-03  6.83704013e+00  1.10241927e-03  6.73755491e+00 
 1.11280000e-03  6.89136055e+00  1.11280000e-03  6.74868337e+00  1.11241927e-03  6.64623910e+00 
 1.12280000e-03  6.81018669e+00  1.12280000e-03  6.66384248e+00  1.12241927e-03  6.55846175e+00 
 1.13280000e-03  6.73298114e+00  1.13280000e-03  6.58305998e+00  1.13241927e-03  6.47478540e+00 
 1.14280000e-03  6.66024576e+00  1.14280000e-03  6.50686420e+00  1.14241927e-03  6.39575915e+00 
 1.15280000e-03  6.59246702e+00  1.15280000e-03  6.43576829e+00  1.15241927e-03  6.32191741e+00 
 1.16280000e-03  6.53010578e+00  1.16280000e-03  6.37025963e+00  1.16241927e-03  6.25376902e+00 
 1.17280000e-03  6.47359591e+00  1.17280000e-03  6.31079810e+00  1.17241927e-03  6.19179523e+00 
 1.18280000e-03  6.42333536e+00  1.18280000e-03  6.25780674e+00  1.18241927e-03  6.13644003e+00 
 1.19280000e-03  6.37968435e+00  1.19280000e-03  6.21166953e+00  1.19241927e-03  6.08810760e+00 
 1.20280000e-03  6.34295817e+00  1.20280000e-03  6.17272380e+00  1.20241927e-03  6.04715439e+00 
 1.21280000e-03  6.31342528e+00  1.21280000e-03  6.14125797e+00  1.21241927e-03  6.01388653e+00 
 1.22280000e-03  6.29130221e+00  1.22280000e-03  6.11750611e+00  1.22241927e-03  5.98855413e+00 
 1.23280000e-03  6.27675180e+00  1.23280000e-03  6.10164587e+00  1.23241927e-03  5.97134890e+00 
 1.24280000e-03  6.26988067e+00  1.24280000e-03  6.09379566e+00  1.24241927e-03  5.96240111e+00 
 1.25280000e-03  6.27073762e+00  1.25280000e-03  6.09401293e+00  1.25241927e-03  5.96177764e+00 
 1.26280000e-03  6.27931390e+00  1.26280000e-03  6.10229421e+00  1.26241927e-03  5.96948189e+00 
 1.27280000e-03  6.29554193e+00  1.27280000e-03  6.11857379e+00  1.27241927e-03  5.98545238e+00 
 1.28280000e-03  6.31929830e+00  1.28280000e-03  6.14272670e+00  1.28241927e-03  6.00956559e+00 
 1.29280000e-03  6.35040288e+00  1.29280000e-03  6.17456789e+00  1.29241927e-03  6.04163525e+00 
 1.30280000e-03  6.38862448e+00  1.30280000e-03  6.21385792e+00  1.30241927e-03  6.08141797e+00 
 1.31280000e-03  6.43368011e+00  1.31280000e-03  6.26030250e+00  1.31241927e-03  6.12861302e+00 
 1.32280000e-03  6.48524310e+00  1.32280000e-03  6.31356074e+00  1.32241927e-03  6.18287057e+00 
 1.33280000e-03  6.54294245e+00  1.33280000e-03  6.37324485e+00  1.33241927e-03  6.24379170e+00 
 1.34280000e-03  6.60637288e+00  1.34280000e-03  6.43893043e+00  1.34241927e-03  6.31093887e+00 
 1.35280000e-03  6.67509404e+00  1.35280000e-03  6.51015610e+00  1.35241927e-03  6.38383582e+00 
 1.36280000e-03  6.74864212e+00  1.36280000e-03  6.58643539e+00  1.36241927e-03  6.46197970e+00 
 1.37280000e-03  6.82652865e+00  1.37280000e-03  6.66725595e+00  1.37241927e-03  6.54484063e+00 
 1.38280000e-03  6.90825301e+00  1.38280000e-03  6.75209247e+00  1.38241927e-03  6.63187484e+00 
 1.39280000e-03  6.99330064e+00  1.39280000e-03  6.84040521e+00  1.39241927e-03  6.72252359e+00 
 1.40280000e-03  7.08115603e+00  1.40280000e-03  6.93165334e+00  1.40241927e-03  6.81622667e+00 
 1.41280000e-03  7.17129995e+00  1.41280000e-03  7.02529256e+00  1.41241927e-03  6.91242045e+00 
 1.42280000e-03  7.26322248e+00  1.42280000e-03  7.12078837e+00  1.42241927e-03  7.01055121e+00 
 1.43280000e-03  7.35641916e+00  1.43280000e-03  7.21761253e+00  1.43241927e-03  7.11007203e+00 
 1.44280000e-03  7.45040353e+00  1.44280000e-03  7.31525580e+00  1.44241927e-03  7.21045556e+00 
 1.45280000e-03  7.54470222e+00  1.45280000e-03  7.41322330e+00  1.45241927e-03  7.31118967e+00 
 1.46280000e-03  7.63886664e+00  1.46280000e-03  7.51104625e+00  1.46241927e-03  7.41178923e+00 
 1.47280000e-03  7.73246699e+00  1.47280000e-03  7.60827619e+00  1.47241927e-03  7.51179059e+00 
 1.48280000e-03  7.82510293e+00  1.48280000e-03  7.70449567e+00  1.48241927e-03  7.61076214e+00 
 1.49280000e-03  7.91639658e+00  1.49280000e-03  7.79931136e+00  1.49241927e-03  7.70829773e+00 
 1.50280000e-03  8.00600212e+00  1.50280000e-03  7.89236355e+00  1.50241927e-03  7.80402592e+00 
 1.51280000e-03  8.09359787e+00  1.51280000e-03  7.98331839e+00  1.51241927e-03  7.89760249e+00 
 1.52280000e-03  8.17889484e+00  1.52280000e-03  8.07187617e+00  1.52241927e-03  7.98871850e+00 
 1.53280000e-03  8.26162818e+00  1.53280000e-03  8.15776299e+00  1.53241927e-03  8.07709204e+00 
 1.54280000e-03  8.34156465e+00  1.54280000e-03  8.24073782e+00  1.54241927e-03  8.16247519e+00 
 1.55280000e-03  8.41849379e+00  1.55280000e-03  8.32058389e+00  1.55241927e-03  8.24464538e+00 
 1.56280000e-03  8.49223431e+00  1.56280000e-03  8.39711474e+00  1.56241927e-03  8.32341131e+00 
 1.57280000e-03  8.56262532e+00  1.57280000e-03  8.47016549e+00  1.57241927e-03  8.39860426e+00 
 1.58280000e-03  8.62953175e+00  1.58280000e-03  8.53959807e+00  1.58241927e-03  8.47008305e+00 
 1.59280000e-03  8.69283590e+00  1.59280000e-03  8.60529269e+00  1.59241927e-03  8.53772562e+00 
 1.60280000e-03  8.75244205e+00  1.60280000e-03  8.66715226e+00  1.60241927e-03  8.60143324e+00 
 1.61280000e-03  8.80826840e+00  1.61280000e-03  8.72509438e+00  1.61241927e-03  8.66112248e+00 
 1.62280000e-03  8.86025115e+00  1.62280000e-03  8.77905512e+00  1.62241927e-03  8.71672882e+00 
 1.63280000e-03  8.90833703e+00  1.63280000e-03  8.82898160e+00  1.63241927e-03  8.76819928e+00 
 1.64280000e-03  8.95248676e+00  1.64280000e-03  8.87483526e+00  1.64241927e-03  8.81549550e+00 
 1.65280000e-03  8.99266843e+00  1.65280000e-03  8.91658521e+00  1.65241927e-03  8.85858710e+00 
 1.66280000e-03  9.02886049e+00  1.66280000e-03  8.95421109e+00  1.66241927e-03  8.89745440e+00 
 1.67280000e-03  9.06104590e+00  1.67280000e-03  8.98769724e+00  1.67241927e-03  8.93208259e+00 
 1.68280000e-03  9.08921481e+00  1.68280000e-03  9.01703514e+00  1.68241927e-03  8.96246410e+00 
 1.69280000e-03  9.11335956e+00  1.69280000e-03  9.04221858e+00  1.69241927e-03  8.98859370e+00 
 1.70280000e-03  9.13347703e+00  1.70280000e-03  9.06324572e+00  1.70241927e-03  9.01047051e+00 
 1.71280000e-03  9.14956453e+00  1.71280000e-03  9.08011515e+00  1.71241927e-03  9.02809407e+00 
 1.72280000e-03  9.16162186e+00  1.72280000e-03  9.09282772e+00  1.72241927e-03  9.04146609e+00 
 1.73280000e-03  9.16964814e+00  1.73280000e-03  9.10138352e+00  1.73241927e-03  9.05058738e+00 
 1.74280000e-03  9.17364352e+00  1.74280000e-03  9.10578339e+00  1.74241927e-03  9.05545940e+00 
 1.75280000e-03  9.17360703e+00  1.75280000e-03  9.10602687e+00  1.75241927e-03  9.05608212e+00 
 1.76280000e-03  9.16953791e+00  1.76280000e-03  9.10211345e+00  1.76241927e-03  9.05245529e+00 
 1.77280000e-03  9.16143446e+00  1.77280000e-03  9.09404143e+00  1.77241927e-03  9.04457725e+00 
 1.78280000e-03  9.14929508e+00  1.78280000e-03  9.08180895e+00  1.78241927e-03  9.03244600e+00 
 1.79280000e-03  9.13311801e+00  1.79280000e-03  9.06541373e+00  1.79241927e-03  9.01605885e+00 
 1.80280000e-03  9.11290213e+00  1.80280000e-03  9.04485386e+00  1.80241927e-03  8.99541331e+00 
 1.81280000e-03  9.08864766e+00  1.81280000e-03  9.02012851e+00  1.81241927e-03  8.97050770e+00 
 1.82280000e-03  9.06035662e+00  1.82280000e-03  8.99123843e+00  1.82241927e-03  8.94134171e+00 
 1.83280000e-03  9.02803444e+00  1.83280000e-03  8.95818755e+00  1.83241927e-03  8.90791799e+00 
 1.84280000e-03  8.99169024e+00  1.84280000e-03  8.92098329e+00  1.84241927e-03  8.87024248e+00 
 1.85280000e-03  8.95133920e+00  1.85280000e-03  8.87963898e+00  1.85241927e-03  8.82832681e+00 
 1.86280000e-03  8.90700266e+00  1.86280000e-03  8.83417398e+00  1.86241927e-03  8.78218854e+00 
 1.87280000e-03  8.85871125e+00  1.87280000e-03  8.78461686e+00  1.87241927e-03  8.73185424e+00 
 1.88280000e-03  8.80650471e+00  1.88280000e-03  8.73100533e+00  1.88241927e-03  8.67735957e+00 
 1.89280000e-03  8.75043580e+00  1.89280000e-03  8.67339011e+00  1.89241927e-03  8.61875310e+00 
 1.90280000e-03  8.69056974e+00  1.90280000e-03  8.61183457e+00  1.90241927e-03  8.55609610e+00 
 1.91280000e-03  8.62698878e+00  1.91280000e-03  8.54641925e+00  1.91241927e-03  8.48946703e+00 
 1.92280000e-03  8.55979119e+00  1.92280000e-03  8.47724111e+00  1.92241927e-03  8.41896094e+00 
 1.93280000e-03  8.48909636e+00  1.93280000e-03  8.40441857e+00  1.93241927e-03  8.34469451e+00 
 1.94280000e-03  8.41504327e+00  1.94280000e-03  8.32809022e+00  1.94241927e-03  8.26680494e+00 
 1.95280000e-03  8.33779585e+00  1.95280000e-03  8.24842023e+00  1.95241927e-03  8.18545533e+00 
 1.96280000e-03  8.25754086e+00  1.96280000e-03  8.16559639e+00  1.96241927e-03  8.10083301e+00 
 1.97280000e-03  8.17449326e+00  1.97280000e-03  8.07983560e+00  1.97241927e-03  8.01315494e+00 
 1.98280000e-03  8.08889336e+00  1.98280000e-03  7.99138121e+00  1.98241927e-03  7.92266531e+00 
 1.99280000e-03  8.00101196e+00  1.99280000e-03  7.90050820e+00  1.99241927e-03  7.82964074e+00 
 2.00000000e-03  7.93648759e+00  2.00000000e-03  7.83374799e+00  2.00000000e-03  7.75761560e+00 
