 1.00000000e+02 -3.77613494e+01 
 1.02329299e+02 -3.73723711e+01 
 1.04712855e+02 -3.69830374e+01 
 1.07151931e+02 -3.65933686e+01 
 1.09647820e+02 -3.62033846e+01 
 1.12201845e+02 -3.58131049e+01 
 1.14815362e+02 -3.54225485e+01 
 1.17489755e+02 -3.50317343e+01 
 1.20226443e+02 -3.46406805e+01 
 1.23026877e+02 -3.42494053e+01 
 1.25892541e+02 -3.38579266e+01 
 1.28824955e+02 -3.34662619e+01 
 1.31825674e+02 -3.30744286e+01 
 1.34896288e+02 -3.26824440e+01 
 1.38038426e+02 -3.22903250e+01 
 1.41253754e+02 -3.18980889e+01 
 1.44543977e+02 -3.15057524e+01 
 1.47910839e+02 -3.11133325e+01 
 1.51356125e+02 -3.07208463e+01 
 1.54881662e+02 -3.03283106e+01 
 1.58489319e+02 -2.99357428e+01 
 1.62181010e+02 -2.95431600e+01 
 1.65958691e+02 -2.91505798e+01 
 1.69824365e+02 -2.87580201e+01 
 1.73780083e+02 -2.83654988e+01 
 1.77827941e+02 -2.79730344e+01 
 1.81970086e+02 -2.75806459e+01 
 1.86208714e+02 -2.71883526e+01 
 1.90546072e+02 -2.67961744e+01 
 1.94984460e+02 -2.64041320e+01 
 1.99526231e+02 -2.60122466e+01 
 2.04173794e+02 -2.56205401e+01 
 2.08929613e+02 -2.52290356e+01 
 2.13796209e+02 -2.48377567e+01 
 2.18776162e+02 -2.44467284e+01 
 2.23872114e+02 -2.40559766e+01 
 2.29086765e+02 -2.36655286e+01 
 2.34422882e+02 -2.32754129e+01 
 2.39883292e+02 -2.28856595e+01 
 2.45470892e+02 -2.24962999e+01 
 2.51188643e+02 -2.21073674e+01 
 2.57039578e+02 -2.17188973e+01 
 2.63026799e+02 -2.13309265e+01 
 2.69153480e+02 -2.09434943e+01 
 2.75422870e+02 -2.05566423e+01 
 2.81838293e+02 -2.01704145e+01 
 2.88403150e+02 -1.97848576e+01 
 2.95120923e+02 -1.94000212e+01 
 3.01995172e+02 -1.90159579e+01 
 3.09029543e+02 -1.86327234e+01 
 3.16227766e+02 -1.82503772e+01 
 3.23593657e+02 -1.78689823e+01 
 3.31131121e+02 -1.74886057e+01 
 3.38844156e+02 -1.71093187e+01 
 3.46736850e+02 -1.67311968e+01 
 3.54813389e+02 -1.63543204e+01 
 3.63078055e+02 -1.59787749e+01 
 3.71535229e+02 -1.56046509e+01 
 3.80189396e+02 -1.52320444e+01 
 3.89045145e+02 -1.48610573e+01 
 3.98107171e+02 -1.44917977e+01 
 4.07380278e+02 -1.41243795e+01 
 4.16869383e+02 -1.37589237e+01 
 4.26579519e+02 -1.33955576e+01 
 4.36515832e+02 -1.30344157e+01 
 4.46683592e+02 -1.26756395e+01 
 4.57088190e+02 -1.23193778e+01 
 4.67735141e+02 -1.19657866e+01 
 4.78630092e+02 -1.16150293e+01 
 4.89778819e+02 -1.12672766e+01 
 5.01187234e+02 -1.09227063e+01 
 5.12861384e+02 -1.05815033e+01 
 5.24807460e+02 -1.02438591e+01 
 5.37031796e+02 -9.90997160e+00 
 5.49540874e+02 -9.58004434e+00 
 5.62341325e+02 -9.25428618e+00 
 5.75439937e+02 -8.93291035e+00 
 5.88843655e+02 -8.61613361e+00 
 6.02559586e+02 -8.30417527e+00 
 6.16595002e+02 -7.99725597e+00 
 6.30957344e+02 -7.69559641e+00 
 6.45654229e+02 -7.39941594e+00 
 6.60693448e+02 -7.10893102e+00 
 6.76082975e+02 -6.82435353e+00 
 6.91830971e+02 -6.54588908e+00 
 7.07945784e+02 -6.27373522e+00 
 7.24435960e+02 -6.00807957e+00 
 7.41310241e+02 -5.74909801e+00 
 7.58577575e+02 -5.49695287e+00 
 7.76247117e+02 -5.25179120e+00 
 7.94328235e+02 -5.01374312e+00 
 8.12830516e+02 -4.78292032e+00 
 8.31763771e+02 -4.55941479e+00 
 8.51138038e+02 -4.34329762e+00 
 8.70963590e+02 -4.13461822e+00 
 8.91250938e+02 -3.93340365e+00 
 9.12010839e+02 -3.73965829e+00 
 9.33254301e+02 -3.55336381e+00 
 9.54992586e+02 -3.37447940e+00 
 9.77237221e+02 -3.20294226e+00 
 1.00000000e+03 -3.03866841e+00 
 1.02329299e+03 -2.88155371e+00 
 1.04712855e+03 -2.73147513e+00 
 1.07151931e+03 -2.58829212e+00 
 1.09647820e+03 -2.45184830e+00 
 1.12201845e+03 -2.32197307e+00 
 1.14815362e+03 -2.19848346e+00 
 1.17489755e+03 -2.08118595e+00 
 1.20226443e+03 -1.96987827e+00 
 1.23026877e+03 -1.86435127e+00 
 1.25892541e+03 -1.76439063e+00 
 1.28824955e+03 -1.66977857e+00 
 1.31825674e+03 -1.58029543e+00 
 1.34896288e+03 -1.49572111e+00 
 1.38038426e+03 -1.41583648e+00 
 1.41253754e+03 -1.34042452e+00 
 1.44543977e+03 -1.26927142e+00 
 1.47910839e+03 -1.20216752e+00 
 1.51356125e+03 -1.13890812e+00 
 1.54881662e+03 -1.07929413e+00 
 1.58489319e+03 -1.02313264e+00 
 1.62181010e+03 -9.70237308e-01 
 1.65958691e+03 -9.20428757e-01 
 1.69824365e+03 -8.73534747e-01 
 1.73780083e+03 -8.29390344e-01 
 1.77827941e+03 -7.87837980e-01 
 1.81970086e+03 -7.48727457e-01 
 1.86208714e+03 -7.11915887e-01 
 1.90546072e+03 -6.77267585e-01 
 1.94984460e+03 -6.44653924e-01 
 1.99526231e+03 -6.13953152e-01 
 2.04173794e+03 -5.85050183e-01 
 2.08929613e+03 -5.57836375e-01 
 2.13796209e+03 -5.32209279e-01 
 2.18776162e+03 -5.08072388e-01 
 2.23872114e+03 -4.85334877e-01 
 2.29086765e+03 -4.63911335e-01 
 2.34422882e+03 -4.43721506e-01 
 2.39883292e+03 -4.24690021e-01 
 2.45470892e+03 -4.06746143e-01 
 2.51188643e+03 -3.89823516e-01 
 2.57039578e+03 -3.73859914e-01 
 2.63026799e+03 -3.58797012e-01 
 2.69153480e+03 -3.44580150e-01 
 2.75422870e+03 -3.31158120e-01 
 2.81838293e+03 -3.18482954e-01 
 2.88403150e+03 -3.06509724e-01 
 2.95120923e+03 -2.95196355e-01 
 3.01995172e+03 -2.84503445e-01 
 3.09029543e+03 -2.74394092e-01 
 3.16227766e+03 -2.64833739e-01 
 3.23593657e+03 -2.55790019e-01 
 3.31131121e+03 -2.47232615e-01 
 3.38844156e+03 -2.39133124e-01 
 3.46736850e+03 -2.31464935e-01 
 3.54813389e+03 -2.24203110e-01 
 3.63078055e+03 -2.17324272e-01 
 3.71535229e+03 -2.10806505e-01 
 3.80189396e+03 -2.04629256e-01 
 3.89045145e+03 -1.98773247e-01 
 3.98107171e+03 -1.93220388e-01 
 4.07380278e+03 -1.87953702e-01 
 4.16869383e+03 -1.82957247e-01 
 4.26579519e+03 -1.78216053e-01 
 4.36515832e+03 -1.73716057e-01 
 4.46683592e+03 -1.69444042e-01 
 4.57088190e+03 -1.65387581e-01 
 4.67735141e+03 -1.61534990e-01 
 4.78630092e+03 -1.57875275e-01 
 4.89778819e+03 -1.54398092e-01 
 5.01187234e+03 -1.51093700e-01 
 5.12861384e+03 -1.47952927e-01 
 5.24807460e+03 -1.44967133e-01 
 5.37031796e+03 -1.42128172e-01 
 5.49540874e+03 -1.39428367e-01 
 5.62341325e+03 -1.36860476e-01 
 5.75439937e+03 -1.34417668e-01 
 5.88843655e+03 -1.32093495e-01 
 6.02559586e+03 -1.29881869e-01 
 6.16595002e+03 -1.27777040e-01 
 6.30957344e+03 -1.25773578e-01 
 6.45654229e+03 -1.23866348e-01 
 6.60693448e+03 -1.22050498e-01 
 6.76082975e+03 -1.20321438e-01 
 6.91830971e+03 -1.18674826e-01 
 7.07945784e+03 -1.17106553e-01 
 7.24435960e+03 -1.15612732e-01 
 7.41310241e+03 -1.14189678e-01 
 7.58577575e+03 -1.12833904e-01 
 7.76247117e+03 -1.11542107e-01 
 7.94328235e+03 -1.10311154e-01 
 8.12830516e+03 -1.09138077e-01 
 8.31763771e+03 -1.08020062e-01 
 8.51138038e+03 -1.06954438e-01 
 8.70963590e+03 -1.05938675e-01 
 8.91250938e+03 -1.04970368e-01 
 9.12010839e+03 -1.04047238e-01 
 9.33254301e+03 -1.03167118e-01 
 9.54992586e+03 -1.02327954e-01 
 9.77237221e+03 -1.01527793e-01 
 1.00000000e+04 -1.00764781e-01 
 1.02329299e+04 -1.00037155e-01 
 1.04712855e+04 -9.93432403e-02 
 1.07151931e+04 -9.86814461e-02 
 1.09647820e+04 -9.80502593e-02 
 1.12201845e+04 -9.74482412e-02 
 1.14815362e+04 -9.68740242e-02 
 1.17489755e+04 -9.63263071e-02 
 1.20226443e+04 -9.58038524e-02 
 1.23026877e+04 -9.53054830e-02 
 1.25892541e+04 -9.48300785e-02 
 1.28824955e+04 -9.43765732e-02 
 1.31825674e+04 -9.39439526e-02 
 1.34896288e+04 -9.35312511e-02 
 1.38038426e+04 -9.31375496e-02 
 1.41253754e+04 -9.27619732e-02 
 1.44543977e+04 -9.24036890e-02 
 1.47910839e+04 -9.20619036e-02 
 1.51356125e+04 -9.17358619e-02 
 1.54881662e+04 -9.14248447e-02 
 1.58489319e+04 -9.11281671e-02 
 1.62181010e+04 -9.08451767e-02 
 1.65958691e+04 -9.05752525e-02 
 1.69824365e+04 -9.03178026e-02 
 1.73780083e+04 -9.00722636e-02 
 1.77827941e+04 -8.98380987e-02 
 1.81970086e+04 -8.96147968e-02 
 1.86208714e+04 -8.94018708e-02 
 1.90546072e+04 -8.91988571e-02 
 1.94984460e+04 -8.90053140e-02 
 1.99526231e+04 -8.88208210e-02 
 2.04173794e+04 -8.86449775e-02 
 2.08929613e+04 -8.84774022e-02 
 2.13796209e+04 -8.83177320e-02 
 2.18776162e+04 -8.81656212e-02 
 2.23872114e+04 -8.80207410e-02 
 2.29086765e+04 -8.78827781e-02 
 2.34422882e+04 -8.77514346e-02 
 2.39883292e+04 -8.76264271e-02 
 2.45470892e+04 -8.75074862e-02 
 2.51188643e+04 -8.73943553e-02 
 2.57039578e+04 -8.72867911e-02 
 2.63026799e+04 -8.71845619e-02 
 2.69153480e+04 -8.70874478e-02 
 2.75422870e+04 -8.69952402e-02 
 2.81838293e+04 -8.69077408e-02 
 2.88403150e+04 -8.68247619e-02 
 2.95120923e+04 -8.67461252e-02 
 3.01995172e+04 -8.66716620e-02 
 3.09029543e+04 -8.66012126e-02 
 3.16227766e+04 -8.65346261e-02 
 3.23593657e+04 -8.64717597e-02 
 3.31131121e+04 -8.64124787e-02 
 3.38844156e+04 -8.63566562e-02 
 3.46736850e+04 -8.63041727e-02 
 3.54813389e+04 -8.62549157e-02 
 3.63078055e+04 -8.62087800e-02 
 3.71535229e+04 -8.61656668e-02 
 3.80189396e+04 -8.61254840e-02 
 3.89045145e+04 -8.60881454e-02 
 3.98107171e+04 -8.60535714e-02 
 4.07380278e+04 -8.60216880e-02 
 4.16869383e+04 -8.59924271e-02 
 4.26579519e+04 -8.59657260e-02 
 4.36515832e+04 -8.59415278e-02 
 4.46683592e+04 -8.59197806e-02 
 4.57088190e+04 -8.59004379e-02 
 4.67735141e+04 -8.58834585e-02 
 4.78630092e+04 -8.58688059e-02 
 4.89778819e+04 -8.58564489e-02 
 5.01187234e+04 -8.58463608e-02 
 5.12861384e+04 -8.58385201e-02 
 5.24807460e+04 -8.58329100e-02 
 5.37031796e+04 -8.58295182e-02 
 5.49540874e+04 -8.58283375e-02 
 5.62341325e+04 -8.58293652e-02 
 5.75439937e+04 -8.58326032e-02 
 5.88843655e+04 -8.58380583e-02 
 6.02559586e+04 -8.58457419e-02 
 6.16595002e+04 -8.58556701e-02 
 6.30957344e+04 -8.58678640e-02 
 6.45654229e+04 -8.58823492e-02 
 6.60693448e+04 -8.58991564e-02 
 6.76082975e+04 -8.59183210e-02 
 6.91830971e+04 -8.59398837e-02 
 7.07945784e+04 -8.59638900e-02 
 7.24435960e+04 -8.59903908e-02 
 7.41310241e+04 -8.60194422e-02 
 7.58577575e+04 -8.60511057e-02 
 7.76247117e+04 -8.60854484e-02 
 7.94328235e+04 -8.61225429e-02 
 8.12830516e+04 -8.61624679e-02 
 8.31763771e+04 -8.62053079e-02 
 8.51138038e+04 -8.62511537e-02 
 8.70963590e+04 -8.63001024e-02 
 8.91250938e+04 -8.63522577e-02 
 9.12010839e+04 -8.64077300e-02 
 9.33254301e+04 -8.64666370e-02 
 9.54992586e+04 -8.65291033e-02 
 9.77237221e+04 -8.65952613e-02 
 1.00000000e+05 -8.66652512e-02 
