 1.00000000e+01  6.57197279e+00  1.00000000e+01  6.62111295e+00  1.00000000e+01  6.65553948e+00 
 1.12201845e+01  6.67995583e+00  1.12201845e+01  6.72467537e+00  1.12201845e+01  6.75601409e+00 
 1.25892541e+01  6.76768155e+00  1.25892541e+01  6.80873137e+00  1.25892541e+01  6.83751085e+00 
 1.41253754e+01  6.83864747e+00  1.41253754e+01  6.87667628e+00  1.41253754e+01  6.90335167e+00 
 1.58489319e+01  6.89585443e+00  1.58489319e+01  6.93141331e+00  1.58489319e+01  6.95637028e+00 
 1.77827941e+01  6.94183777e+00  1.77827941e+01  6.97538862e+00  1.77827941e+01  6.99894974e+00 
 1.99526231e+01  6.97871318e+00  1.99526231e+01  7.01063898e+00  1.99526231e+01  7.03307128e+00 
 2.23872114e+01  7.00822875e+00  2.23872114e+01  7.03884430e+00  2.23872114e+01  7.06036697e+00 
 2.51188643e+01  7.03181733e+00  2.51188643e+01  7.06137960e+00  2.51188643e+01  7.08217138e+00 
 2.81838293e+01  7.05064596e+00  2.81838293e+01  7.07936357e+00  2.81838293e+01  7.09956944e+00 
 3.16227766e+01  7.06566034e+00  3.16227766e+01  7.09370188e+00  3.16227766e+01  7.11343892e+00 
 3.54813389e+01  7.07762369e+00  3.54813389e+01  7.10512494e+00  3.54813389e+01  7.12448741e+00 
 3.98107171e+01  7.08714997e+00  3.98107171e+01  7.11421998e+00  3.98107171e+01  7.13328352e+00 
 4.46683592e+01  7.09473181e+00  4.46683592e+01  7.12145795e+00  4.46683592e+01  7.14028317e+00 
 5.01187234e+01  7.10076364e+00  5.01187234e+01  7.12721579e+00  5.01187234e+01  7.14585115e+00 
 5.62341325e+01  7.10556076e+00  5.62341325e+01  7.13179475e+00  5.62341325e+01  7.15027894e+00 
 6.30957344e+01  7.10937492e+00  6.30957344e+01  7.13543528e+00  6.30957344e+01  7.15379917e+00 
 7.07945784e+01  7.11240685e+00  7.07945784e+01  7.13832908e+00  7.07945784e+01  7.15659727e+00 
 7.94328235e+01  7.11481653e+00  7.94328235e+01  7.14062890e+00  7.94328235e+01  7.15882099e+00 
 8.91250938e+01  7.11673133e+00  8.91250938e+01  7.14245636e+00  8.91250938e+01  7.16058794e+00 
 1.00000000e+02  7.11825263e+00  1.00000000e+02  7.14390822e+00  1.00000000e+02  7.16199170e+00 
 1.12201845e+02  7.11946106e+00  1.12201845e+02  7.14506146e+00  1.12201845e+02  7.16310671e+00 
 1.25892541e+02  7.12042074e+00  1.25892541e+02  7.14597728e+00  1.25892541e+02  7.16399215e+00 
 1.41253754e+02  7.12118262e+00  1.41253754e+02  7.14670431e+00  1.41253754e+02  7.16469504e+00 
 1.58489319e+02  7.12178719e+00  1.58489319e+02  7.14728119e+00  1.58489319e+02  7.16525273e+00 
 1.77827941e+02  7.12226657e+00  1.77827941e+02  7.14773857e+00  1.77827941e+02  7.16569487e+00 
 1.99526231e+02  7.12264627e+00  1.99526231e+02  7.14810078e+00  1.99526231e+02  7.16604497e+00 
 2.23872114e+02  7.12294647e+00  2.23872114e+02  7.14838709e+00  2.23872114e+02  7.16632167e+00 
 2.51188643e+02  7.12318315e+00  2.51188643e+02  7.14861274e+00  2.51188643e+02  7.16653967e+00 
 2.81838293e+02  7.12336889e+00  2.81838293e+02  7.14878972e+00  2.81838293e+02  7.16671058e+00 
 3.16227766e+02  7.12351360e+00  3.16227766e+02  7.14892746e+00  3.16227766e+02  7.16684349e+00 
 3.54813389e+02  7.12362497e+00  3.54813389e+02  7.14903329e+00  3.54813389e+02  7.16694549e+00 
 3.98107171e+02  7.12370892e+00  3.98107171e+02  7.14911285e+00  3.98107171e+02  7.16702201e+00 
 4.46683592e+02  7.12376993e+00  4.46683592e+02  7.14917037e+00  4.46683592e+02  7.16707710e+00 
 5.01187234e+02  7.12381125e+00  5.01187234e+02  7.14920891e+00  5.01187234e+02  7.16711372e+00 
 5.62341325e+02  7.12383507e+00  5.62341325e+02  7.14923052e+00  5.62341325e+02  7.16713380e+00 
 6.30957344e+02  7.12384266e+00  6.30957344e+02  7.14923636e+00  6.30957344e+02  7.16713842e+00 
 7.07945784e+02  7.12383444e+00  7.07945784e+02  7.14922673e+00  7.07945784e+02  7.16712782e+00 
 7.94328235e+02  7.12380995e+00  7.94328235e+02  7.14920113e+00  7.94328235e+02  7.16710144e+00 
 8.91250938e+02  7.12376790e+00  8.91250938e+02  7.14915818e+00  8.91250938e+02  7.16705788e+00 
 1.00000000e+03  7.12370605e+00  1.00000000e+03  7.14909561e+00  1.00000000e+03  7.16699481e+00 
 1.12201845e+03  7.12362110e+00  1.12201845e+03  7.14901008e+00  1.12201845e+03  7.16690887e+00 
 1.25892541e+03  7.12350853e+00  1.25892541e+03  7.14889704e+00  1.25892541e+03  7.16679550e+00 
 1.41253754e+03  7.12336236e+00  1.41253754e+03  7.14875047e+00  1.41253754e+03  7.16664866e+00 
 1.58489319e+03  7.12317479e+00  1.58489319e+03  7.14856257e+00  1.58489319e+03  7.16646053e+00 
 1.77827941e+03  7.12293585e+00  1.77827941e+03  7.14832334e+00  1.77827941e+03  7.16622109e+00 
 1.99526231e+03  7.12263282e+00  1.99526231e+03  7.14802005e+00  1.99526231e+03  7.16591762e+00 
 2.23872114e+03  7.12224959e+00  2.23872114e+03  7.14763657e+00  2.23872114e+03  7.16553395e+00 
 2.51188643e+03  7.12176576e+00  2.51188643e+03  7.14715249e+00  2.51188643e+03  7.16504969e+00 
 2.81838293e+03  7.12115560e+00  2.81838293e+03  7.14654207e+00  2.81838293e+03  7.16443909e+00 
 3.16227766e+03  7.12038670e+00  3.16227766e+03  7.14577288e+00  3.16227766e+03  7.16366968e+00 
 3.54813389e+03  7.11941819e+00  3.54813389e+03  7.14480404e+00  3.54813389e+03  7.16270060e+00 
 3.98107171e+03  7.11819866e+00  3.98107171e+03  7.14358411e+00  3.98107171e+03  7.16148038e+00 
 4.46683592e+03  7.11666339e+00  4.46683592e+03  7.14204838e+00  4.46683592e+03  7.15994430e+00 
 5.01187234e+03  7.11473103e+00  5.01187234e+03  7.14011544e+00  5.01187234e+03  7.15801093e+00 
 5.62341325e+03  7.11229927e+00  5.62341325e+03  7.13768296e+00  5.62341325e+03  7.15557793e+00 
 6.30957344e+03  7.10923958e+00  6.30957344e+03  7.13462238e+00  6.30957344e+03  7.15251669e+00 
 7.07945784e+03  7.10539054e+00  7.07945784e+03  7.13077223e+00  7.07945784e+03  7.14866571e+00 
 7.94328235e+03  7.10054959e+00  7.94328235e+03  7.12592990e+00  7.94328235e+03  7.14382235e+00 
 8.91250938e+03  7.09446275e+00  8.91250938e+03  7.11984132e+00  8.91250938e+03  7.13773248e+00 
 1.00000000e+04  7.08681189e+00  1.00000000e+04  7.11218829e+00  1.00000000e+04  7.13007784e+00 
 1.12201845e+04  7.07719909e+00  1.12201845e+04  7.10257277e+00  1.12201845e+04  7.12046029e+00 
 1.25892541e+04  7.06512740e+00  1.25892541e+04  7.09049768e+00  1.25892541e+04  7.10838267e+00 
 1.41253754e+04  7.04997757e+00  1.41253754e+04  7.07534359e+00  1.41253754e+04  7.09322541e+00 
 1.58489319e+04  7.03097987e+00  1.58489319e+04  7.05634057e+00  1.58489319e+04  7.07421843e+00 
 1.77827941e+04  7.00718072e+00  1.77827941e+04  7.03253479e+00  1.77827941e+04  7.05040773e+00 
 1.99526231e+04  6.97740361e+00  1.99526231e+04  7.00274943e+00  1.99526231e+04  7.02061624e+00 
 2.23872114e+04  6.94020443e+00  2.23872114e+04  6.96554004e+00  2.23872114e+04  6.98339925e+00 
 2.51188643e+04  6.89382200e+00  2.51188643e+04  6.91914499e+00  2.51188643e+04  6.93699482e+00 
 2.81838293e+04  6.83612564e+00  2.81838293e+04  6.86143313e+00  2.81838293e+04  6.87927143e+00 
 3.16227766e+04  6.76456346e+00  3.16227766e+04  6.78985200e+00  3.16227766e+04  6.80767621e+00 
 3.54813389e+04  6.67611703e+00  3.54813389e+04  6.70138257e+00  3.54813389e+04  6.71918969e+00 
 3.98107171e+04  6.56727127e+00  3.98107171e+04  6.59250916e+00  3.98107171e+04  6.61029571e+00 
 4.46683592e+04  6.43401117e+00  4.46683592e+04  6.45921612e+00  4.46683592e+04  6.47697819e+00 
 5.01187234e+04  6.27185972e+00  5.01187234e+04  6.29702594e+00  5.01187234e+04  6.31475921e+00 
 5.62341325e+04  6.07597226e+00  5.62341325e+04  6.10109358e+00  5.62341325e+04  6.11879347e+00 
 6.30957344e+04  5.84129998e+00  6.30957344e+04  5.86637012e+00  6.30957344e+04  5.88403195e+00 
 7.07945784e+04  5.56282772e+00  7.07945784e+04  5.58784061e+00  7.07945784e+04  5.60545988e+00 
 7.94328235e+04  5.23587774e+00  7.94328235e+04  5.26082794e+00  7.94328235e+04  5.27840060e+00 
 8.91250938e+04  4.85645327e+00  8.91250938e+04  4.88133640e+00  8.91250938e+04  4.89885920e+00 
 1.00000000e+05  4.42157781e+00  1.00000000e+05  4.44639096e+00  1.00000000e+05  4.46386173e+00 
