 0.00000000e+00  0.00000000e+00  0.00000000e+00  0.00000000e+00 
 1.00000000e-07  5.29287230e+00  1.00000000e-07  5.38081093e+00 
 1.02802549e-07  5.28773343e+00  1.02802901e-07  5.37493352e+00 
 1.08407647e-07  5.28893013e+00  1.08408702e-07  5.37611640e+00 
 1.19617844e-07  5.28824379e+00  1.19620304e-07  5.37553680e+00 
 1.38349338e-07  5.28812787e+00  1.33003171e-07  5.37546438e+00 
 1.67422602e-07  5.28735797e+00  1.56178536e-07  5.37503300e+00 
 2.25569130e-07  5.28598122e+00  2.02529266e-07  5.37392473e+00 
 3.41862186e-07  5.28321826e+00  2.95230725e-07  5.37213493e+00 
 5.74448298e-07  5.27765289e+00  4.80633645e-07  5.36806194e+00 
 1.03962052e-06  5.26658503e+00  8.51439483e-07  5.36043626e+00 
 1.96996497e-06  5.24434808e+00  1.59305116e-06  5.34463195e+00 
 3.83065386e-06  5.19993498e+00  3.07627452e-06  5.31355449e+00 
 7.55203165e-06  5.11085429e+00  6.04272123e-06  5.25074175e+00 
 1.00000000e-05  5.05225726e+00  1.00000000e-05  5.16725156e+00 
 1.07442756e-05  5.03438786e+00  1.05932893e-05  5.15459510e+00 
 1.22328267e-05  4.99868843e+00  1.17798680e-05  5.12946602e+00 
 1.52099289e-05  4.92725513e+00  1.41530254e-05  5.07918156e+00 
 2.11641334e-05  4.78434343e+00  1.88993401e-05  4.97854678e+00 
 3.11641334e-05  4.54470263e+00  2.83919696e-05  4.77735572e+00 
 4.11641334e-05  4.30632838e+00  3.83919696e-05  4.56614384e+00 
 5.11641334e-05  4.07020874e+00  4.83919696e-05  4.35651592e+00 
 6.11641334e-05  3.83733431e+00  5.83919696e-05  4.14932880e+00 
 7.11641334e-05  3.60868666e+00  6.83919696e-05  3.94543008e+00 
 8.11641334e-05  3.38524262e+00  7.83919696e-05  3.74566243e+00 
 9.11641334e-05  3.16796409e+00  8.83919696e-05  3.55085248e+00 
 1.01164133e-04  2.95780033e+00  9.83919696e-05  3.36181306e+00 
 1.11164133e-04  2.75567975e+00  1.08391970e-04  3.17933351e+00 
 1.21164133e-04  2.56250901e+00  1.18391970e-04  3.00417917e+00 
 1.31164133e-04  2.37916663e+00  1.28391970e-04  2.83708332e+00 
 1.41164133e-04  2.20649616e+00  1.38391970e-04  2.67874308e+00 
 1.51164133e-04  2.04530034e+00  1.48391970e-04  2.52981344e+00 
 1.61164133e-04  1.89632204e+00  1.58391970e-04  2.39089887e+00 
 1.71164133e-04  1.76023442e+00  1.68391970e-04  2.26255052e+00 
 1.81164133e-04  1.63759764e+00  1.78391970e-04  2.14525390e+00 
 1.91164133e-04  1.52884000e+00  1.88391970e-04  2.03943212e+00 
 2.01164133e-04  1.43418618e+00  1.98391970e-04  1.94543209e+00 
 2.11164133e-04  1.35366298e+00  2.08391970e-04  1.86353874e+00 
 2.21164133e-04  1.28706924e+00  2.18391970e-04  1.79396381e+00 
 2.31164133e-04  1.23412447e+00  2.28391970e-04  1.73687394e+00 
 2.41164133e-04  1.19454182e+00  2.38391970e-04  1.69238176e+00 
 2.51164133e-04  1.16822271e+00  2.48391970e-04  1.66058104e+00 
 2.61164133e-04  1.15519955e+00  2.58391970e-04  1.64153244e+00 
 2.71164133e-04  1.15566180e+00  2.68391970e-04  1.63529229e+00 
 2.81164133e-04  1.16979650e+00  2.78391970e-04  1.64188881e+00 
 2.91164133e-04  1.19778344e+00  2.88391970e-04  1.66133962e+00 
 3.01164133e-04  1.23970757e+00  2.98391970e-04  1.69362532e+00 
 3.11164133e-04  1.29558604e+00  3.08391970e-04  1.73870025e+00 
 3.21164133e-04  1.36534183e+00  3.18391970e-04  1.79647196e+00 
 3.31164133e-04  1.44883070e+00  3.28391970e-04  1.86680911e+00 
 3.41164133e-04  1.54583309e+00  3.38391970e-04  1.94952936e+00 
 3.51164133e-04  1.65606902e+00  3.48391970e-04  2.04440490e+00 
 3.61164133e-04  1.77919579e+00  3.58391970e-04  2.15115743e+00 
 3.71164133e-04  1.91481428e+00  3.68391970e-04  2.26946093e+00 
 3.81164133e-04  2.06247069e+00  3.78391970e-04  2.39894176e+00 
 3.91164133e-04  2.22165781e+00  3.88391970e-04  2.53917879e+00 
 4.01164133e-04  2.39182003e+00  3.98391970e-04  2.68970720e+00 
 4.11164133e-04  2.57235168e+00  4.08391970e-04  2.85001640e+00 
 4.21164133e-04  2.76260463e+00  4.18391970e-04  3.01955667e+00 
 4.31164133e-04  2.96188478e+00  4.28391970e-04  3.19773523e+00 
 4.41164133e-04  3.16946165e+00  4.38391970e-04  3.38392521e+00 
 4.51164133e-04  3.38456367e+00  4.48391970e-04  3.57746037e+00 
 4.61164133e-04  3.60638939e+00  4.58391970e-04  3.77764577e+00 
 4.71164133e-04  3.83410188e+00  4.68391970e-04  3.98375153e+00 
 4.81164133e-04  4.06684124e+00  4.78391970e-04  4.19502497e+00 
 4.91164133e-04  4.30371837e+00  4.88391970e-04  4.41068352e+00 
 5.01164133e-04  4.54382849e+00  4.98391970e-04  4.62992807e+00 
 5.11164133e-04  4.78624443e+00  5.08391970e-04  4.85193527e+00 
 5.21164133e-04  5.03003097e+00  5.18391970e-04  5.07587180e+00 
 5.31164133e-04  5.27423773e+00  5.28391970e-04  5.30088619e+00 
 5.41164133e-04  5.51791410e+00  5.38391970e-04  5.52612386e+00 
 5.51164133e-04  5.76010184e+00  5.48391970e-04  5.75071849e+00 
 5.61164133e-04  5.99985042e+00  5.58391970e-04  5.97380766e+00 
 5.71164133e-04  6.23620934e+00  5.68391970e-04  6.19452384e+00 
 5.81164133e-04  6.46824380e+00  5.78391970e-04  6.41201051e+00 
 5.91164133e-04  6.69502660e+00  5.88391970e-04  6.62541276e+00 
 6.01164133e-04  6.91565412e+00  5.98391970e-04  6.83389373e+00 
 6.11164133e-04  7.12923784e+00  6.08391970e-04  7.03662489e+00 
 6.21164133e-04  7.33492033e+00  6.18391970e-04  7.23280269e+00 
 6.31164133e-04  7.53186652e+00  6.28391970e-04  7.42163844e+00 
 6.41164133e-04  7.71927957e+00  6.38391970e-04  7.60237506e+00 
 6.51164133e-04  7.89639181e+00  6.48391970e-04  7.77427667e+00 
 6.61164133e-04  8.06248042e+00  6.58391970e-04  7.93664526e+00 
 6.71164133e-04  8.21685799e+00  6.68391970e-04  8.08880993e+00 
 6.81164133e-04  8.35888798e+00  6.78391970e-04  8.23014347e+00 
 6.91164133e-04  8.48797482e+00  6.88391970e-04  8.36005117e+00 
 7.01164133e-04  8.60357909e+00  6.98391970e-04  8.47798729e+00 
 7.11164133e-04  8.70520715e+00  7.08391970e-04  8.58344341e+00 
 7.21164133e-04  8.79242591e+00  7.18391970e-04  8.67596464e+00 
 7.31164133e-04  8.86485206e+00  7.28391970e-04  8.75513761e+00 
 7.41164133e-04  8.92216638e+00  7.38391970e-04  8.82060632e+00 
 7.51164133e-04  8.96410243e+00  7.48391970e-04  8.87205968e+00 
 7.61164133e-04  8.99046050e+00  7.58391970e-04  8.90924706e+00 
 7.71164133e-04  9.00109576e+00  7.68391970e-04  8.93196537e+00 
 7.81164133e-04  8.99593171e+00  7.78391970e-04  8.94007418e+00 
 7.91164133e-04  8.97494785e+00  7.88391970e-04  8.93348242e+00 
 8.01164133e-04  8.93819265e+00  7.98391970e-04  8.91216302e+00 
 8.11164133e-04  8.88577078e+00  8.08391970e-04  8.87613922e+00 
 8.21164133e-04  8.81785550e+00  8.18391970e-04  8.82549873e+00 
 8.31164133e-04  8.73467545e+00  8.28391970e-04  8.76037967e+00 
 8.41164133e-04  8.63652657e+00  8.38391970e-04  8.68098422e+00 
 8.51164133e-04  8.52375850e+00  8.48391970e-04  8.58756419e+00 
 8.61164133e-04  8.39678585e+00  8.58391970e-04  8.48043417e+00 
 8.71164133e-04  8.25607437e+00  8.68391970e-04  8.35995680e+00 
 8.81164133e-04  8.10215162e+00  8.78391970e-04  8.22655531e+00 
 8.91164133e-04  7.93559287e+00  8.88391970e-04  8.08069862e+00 
 9.01164133e-04  7.75703124e+00  8.98391970e-04  7.92291324e+00 
 9.11164133e-04  7.56714329e+00  9.08391970e-04  7.75376823e+00 
 9.21164133e-04  7.36665873e+00  9.18391970e-04  7.57388647e+00 
 9.31164133e-04  7.15634586e+00  9.28391970e-04  7.38392954e+00 
 9.41164133e-04  6.93702066e+00  9.38391970e-04  7.18460836e+00 
 9.51164133e-04  6.70953223e+00  9.48391970e-04  6.97666805e+00 
 9.61164133e-04  6.47477136e+00  9.58391970e-04  6.76089797e+00 
 9.71164133e-04  6.23365604e+00  9.68391970e-04  6.53811660e+00 
 9.81164133e-04  5.98713944e+00  9.78391970e-04  6.30918097e+00 
 9.91164133e-04  5.73619567e+00  9.88391970e-04  6.07497175e+00 
 1.00116413e-03  5.48182719e+00  9.98391970e-04  5.83640195e+00 
 1.01116413e-03  5.22505095e+00  1.00839197e-03  5.59440238e+00 
 1.02116413e-03  4.96690524e+00  1.01839197e-03  5.34992961e+00 
 1.03116413e-03  4.70843645e+00  1.02839197e-03  5.10395196e+00 
 1.04116413e-03  4.45070529e+00  1.03839197e-03  4.85745656e+00 
 1.05116413e-03  4.19477451e+00  1.04839197e-03  4.61143624e+00 
 1.06116413e-03  3.94171445e+00  1.05839197e-03  4.36689545e+00 
 1.07116413e-03  3.69259225e+00  1.06839197e-03  4.12483834e+00 
 1.08116413e-03  3.44847664e+00  1.07839197e-03  3.88627335e+00 
 1.09116413e-03  3.21042940e+00  1.08839197e-03  3.65220281e+00 
 1.10116413e-03  2.97950937e+00  1.09839197e-03  3.42362581e+00 
 1.11116413e-03  2.75676750e+00  1.10839197e-03  3.20152974e+00 
 1.12116413e-03  2.54325012e+00  1.11839197e-03  2.98689061e+00 
 1.13116413e-03  2.33999976e+00  1.12839197e-03  2.78066698e+00 
 1.14116413e-03  2.14805772e+00  1.13839197e-03  2.58379610e+00 
 1.15116413e-03  1.96847415e+00  1.14839197e-03  2.39719009e+00 
 1.16116413e-03  1.80230784e+00  1.15839197e-03  2.22172420e+00 
 1.17116413e-03  1.65064525e+00  1.16839197e-03  2.05823348e+00 
 1.18116413e-03  1.51457291e+00  1.17839197e-03  1.90748477e+00 
 1.19116413e-03  1.39514650e+00  1.18839197e-03  1.77016788e+00 
 1.20116413e-03  1.29313661e+00  1.19839197e-03  1.64683605e+00 
 1.21116413e-03  1.20858595e+00  1.20839197e-03  1.53788718e+00 
 1.22116413e-03  1.14005738e+00  1.21839197e-03  1.44347235e+00 
 1.23116413e-03  1.08501253e+00  1.22839197e-03  1.36351878e+00 
 1.24116413e-03  1.04115352e+00  1.23839197e-03  1.29770181e+00 
 1.25116413e-03  1.00775366e+00  1.24839197e-03  1.24564633e+00 
 1.26116413e-03  9.85296034e-01  1.25839197e-03  1.20700152e+00 
 1.27116413e-03  9.75106800e-01  1.26839197e-03  1.18166341e+00 
 1.28116413e-03  9.78329310e-01  1.27839197e-03  1.16968003e+00 
 1.29116413e-03  9.95806890e-01  1.28839197e-03  1.17128438e+00 
 1.30116413e-03  1.02792142e+00  1.29839197e-03  1.18670236e+00 
 1.31116413e-03  1.07480816e+00  1.30839197e-03  1.21615856e+00 
 1.32116413e-03  1.13642474e+00  1.31839197e-03  1.25977195e+00 
 1.33116413e-03  1.21264910e+00  1.32839197e-03  1.31759426e+00 
 1.34116413e-03  1.30327887e+00  1.33839197e-03  1.38957494e+00 
 1.35116413e-03  1.40805501e+00  1.34839197e-03  1.47559658e+00 
 1.36116413e-03  1.52665400e+00  1.35839197e-03  1.57546120e+00 
 1.37116413e-03  1.65869680e+00  1.36839197e-03  1.68891075e+00 
 1.38116413e-03  1.80374642e+00  1.37839197e-03  1.81562076e+00 
 1.39116413e-03  1.96131104e+00  1.38839197e-03  1.95521031e+00 
 1.40116413e-03  2.13084621e+00  1.39839197e-03  2.10724076e+00 
 1.41116413e-03  2.31175483e+00  1.40839197e-03  2.27121959e+00 
 1.42116413e-03  2.50339261e+00  1.41839197e-03  2.44660310e+00 
 1.43116413e-03  2.70506616e+00  1.42839197e-03  2.63279658e+00 
 1.44116413e-03  2.91604085e+00  1.43839197e-03  2.82916014e+00 
 1.45116413e-03  3.13553760e+00  1.44839197e-03  3.03500650e+00 
 1.46116413e-03  3.36274256e+00  1.45839197e-03  3.24960926e+00 
 1.47116413e-03  3.59680301e+00  1.46839197e-03  3.47219914e+00 
 1.48116413e-03  3.83683847e+00  1.47839197e-03  3.70197416e+00 
 1.49116413e-03  4.08193595e+00  1.48839197e-03  3.93809470e+00 
 1.50116413e-03  4.33116212e+00  1.49839197e-03  4.17969529e+00 
 1.51116413e-03  4.58355818e+00  1.50839197e-03  4.42587881e+00 
 1.52116413e-03  4.83815279e+00  1.51839197e-03  4.67572950e+00 
 1.53116413e-03  5.09395664e+00  1.52839197e-03  4.92830657e+00 
 1.54116413e-03  5.34997598e+00  1.53839197e-03  5.18265812e+00 
 1.55116413e-03  5.60520695e+00  1.54839197e-03  5.43781432e+00 
 1.56116413e-03  5.85864956e+00  1.55839197e-03  5.69280206e+00 
 1.57116413e-03  6.10930171e+00  1.56839197e-03  5.94663770e+00 
 1.58116413e-03  6.35617355e+00  1.57839197e-03  6.19834234e+00 
 1.59116413e-03  6.59828119e+00  1.58839197e-03  6.44693420e+00 
 1.60116413e-03  6.83466127e+00  1.59839197e-03  6.69144429e+00 
 1.61116413e-03  7.06436437e+00  1.60839197e-03  6.93090841e+00 
 1.62116413e-03  7.28646966e+00  1.61839197e-03  7.16438319e+00 
 1.63116413e-03  7.50007797e+00  1.62839197e-03  7.39093771e+00 
 1.64116413e-03  7.70432642e+00  1.63839197e-03  7.60966962e+00 
 1.65116413e-03  7.89838112e+00  1.64839197e-03  7.81969652e+00 
 1.66116413e-03  8.08145168e+00  1.65839197e-03  8.02017203e+00 
 1.67116413e-03  8.25278349e+00  1.66839197e-03  8.21027683e+00 
 1.68116413e-03  8.41167202e+00  1.67839197e-03  8.38923468e+00 
 1.69116413e-03  8.55745466e+00  1.68839197e-03  8.55630298e+00 
 1.70116413e-03  8.68952471e+00  1.69839197e-03  8.71078871e+00 
 1.71116413e-03  8.80732276e+00  1.70839197e-03  8.85203855e+00 
 1.72116413e-03  8.91035030e+00  1.71839197e-03  8.97945450e+00 
 1.73116413e-03  8.99816062e+00  1.72839197e-03  9.09248362e+00 
 1.74116413e-03  9.07037197e+00  1.73839197e-03  9.19063334e+00 
 1.75116413e-03  9.12665797e+00  1.74839197e-03  9.27346063e+00 
 1.76116413e-03  9.16676027e+00  1.75839197e-03  9.34058701e+00 
 1.77116413e-03  9.19047851e+00  1.76839197e-03  9.39168723e+00 
 1.78116413e-03  9.19768239e+00  1.77839197e-03  9.42650380e+00 
 1.79116413e-03  9.18830115e+00  1.78839197e-03  9.44483523e+00 
 1.80116413e-03  9.16233519e+00  1.79839197e-03  9.44655004e+00 
 1.81116413e-03  9.11984494e+00  1.80839197e-03  9.43157457e+00 
 1.82116413e-03  9.06096202e+00  1.81839197e-03  9.39990645e+00 
 1.83116413e-03  8.98587763e+00  1.82839197e-03  9.35160197e+00 
 1.84116413e-03  8.89485312e+00  1.83839197e-03  9.28678902e+00 
 1.85116413e-03  8.78820800e+00  1.84839197e-03  9.20565401e+00 
 1.86116413e-03  8.66632994e+00  1.85839197e-03  9.10845423e+00 
 1.87116413e-03  8.52966236e+00  1.86839197e-03  8.99550443e+00 
 1.88116413e-03  8.37871390e+00  1.87839197e-03  8.86718861e+00 
 1.89116413e-03  8.21404567e+00  1.88839197e-03  8.72394617e+00 
 1.90116413e-03  8.03628015e+00  1.89839197e-03  8.56628312e+00 
 1.91116413e-03  7.84608823e+00  1.90839197e-03  8.39475801e+00 
 1.92116413e-03  7.64419747e+00  1.91839197e-03  8.20999250e+00 
 1.93116413e-03  7.43137900e+00  1.92839197e-03  8.01265700e+00 
 1.94116413e-03  7.20845529e+00  1.93839197e-03  7.80348070e+00 
 1.95116413e-03  6.97628683e+00  1.94839197e-03  7.58323709e+00 
 1.96116413e-03  6.73577949e+00  1.95839197e-03  7.35275331e+00 
 1.97116413e-03  6.48787115e+00  1.96839197e-03  7.11289566e+00 
 1.98116413e-03  6.23353856e+00  1.97839197e-03  6.86457836e+00 
 1.99116413e-03  5.97378414e+00  1.98839197e-03  6.60874914e+00 
 2.00116413e-03  5.70964229e+00  1.99839197e-03  6.34639736e+00 
 2.01116413e-03  5.44216658e+00  2.00839197e-03  6.07853993e+00 
 2.02116413e-03  5.17243552e+00  2.01839197e-03  5.80622871e+00 
 2.03116413e-03  4.90154037e+00  2.02839197e-03  5.53053702e+00 
 2.04116413e-03  4.63059045e+00  2.03839197e-03  5.25256637e+00 
 2.05116413e-03  4.36070189e+00  2.04839197e-03  4.97343383e+00 
 2.06116413e-03  4.09300260e+00  2.05839197e-03  4.69427811e+00 
 2.07116413e-03  3.82862262e+00  2.06839197e-03  4.41624835e+00 
 2.08116413e-03  3.56869892e+00  2.07839197e-03  4.14050967e+00 
 2.09116413e-03  3.31436855e+00  2.08839197e-03  3.86823422e+00 
 2.10116413e-03  3.06677404e+00  2.09839197e-03  3.60060656e+00 
 2.11116413e-03  2.82706173e+00  2.10839197e-03  3.33881868e+00 
 2.12116413e-03  2.59639008e+00  2.11839197e-03  3.08407631e+00 
 2.13116413e-03  2.37593935e+00  2.12839197e-03  2.83760171e+00 
 2.14116413e-03  2.16693064e+00  2.13839197e-03  2.60064447e+00 
 2.15116413e-03  1.97066590e+00  2.14839197e-03  2.37450195e+00 
 2.16116413e-03  1.78858848e+00  2.15839197e-03  2.16054762e+00 
 2.17116413e-03  1.62242515e+00  2.16839197e-03  1.96030094e+00 
 2.18116413e-03  1.47441466e+00  2.17839197e-03  1.77552603e+00 
 2.19116413e-03  1.34773613e+00  2.18839197e-03  1.60847091e+00 
 2.20116413e-03  1.24630837e+00  2.19839197e-03  1.46221447e+00 
 2.21116413e-03  1.17028759e+00  2.20839197e-03  1.34103857e+00 
 2.22116413e-03  1.11048599e+00  2.21839197e-03  1.24814251e+00 
 2.23116413e-03  1.06009057e+00  2.22839197e-03  1.17790815e+00 
 2.24116413e-03  1.01647956e+00  2.23839197e-03  1.12022873e+00 
 2.25116413e-03  9.78693456e-01  2.24839197e-03  1.07091011e+00 
 2.26116413e-03  9.46796836e-01  2.25839197e-03  1.02793763e+00 
 2.27116413e-03  9.22703359e-01  2.26839197e-03  9.90681873e-01 
 2.28116413e-03  9.09934248e-01  2.27839197e-03  9.59178661e-01 
 2.29116413e-03  9.11522542e-01  2.28839197e-03  9.35180373e-01 
 2.30116413e-03  9.28812500e-01  2.29839197e-03  9.21904701e-01 
 2.31116413e-03  9.61942252e-01  2.30839197e-03  9.22611898e-01 
 2.32116413e-03  1.01056039e+00  2.31839197e-03  9.38945898e-01 
 2.33116413e-03  1.07437307e+00  2.32839197e-03  9.71300275e-01 
 2.34116413e-03  1.15314601e+00  2.33839197e-03  1.01942375e+00 
 2.35116413e-03  1.24662698e+00  2.34839197e-03  1.08304633e+00 
 2.36116413e-03  1.35451437e+00  2.35839197e-03  1.16194254e+00 
 2.37116413e-03  1.47646054e+00  2.36839197e-03  1.25588685e+00 
 2.38116413e-03  1.61206425e+00  2.37839197e-03  1.36460256e+00 
 2.39116413e-03  1.76087141e+00  2.38839197e-03  1.48777155e+00 
 2.40116413e-03  1.92237404e+00  2.39839197e-03  1.62501909e+00 
 2.41116413e-03  2.09601094e+00  2.40839197e-03  1.77591913e+00 
 2.42116413e-03  2.28117037e+00  2.41839197e-03  1.93998896e+00 
 2.43116413e-03  2.47719004e+00  2.42839197e-03  2.11669220e+00 
 2.44116413e-03  2.68336202e+00  2.43839197e-03  2.30543938e+00 
 2.45116413e-03  2.89893220e+00  2.44839197e-03  2.50558875e+00 
 2.46116413e-03  3.12310665e+00  2.45839197e-03  2.71645051e+00 
 2.47116413e-03  3.35505071e+00  2.46839197e-03  2.93728598e+00 
 2.48116413e-03  3.59389651e+00  2.47839197e-03  3.16731440e+00 
 2.49116413e-03  3.83874176e+00  2.48839197e-03  3.40571084e+00 
 2.50116413e-03  4.08865813e+00  2.49839197e-03  3.65161483e+00 
 2.51116413e-03  4.34268987e+00  2.50839197e-03  3.90412753e+00 
 2.52116413e-03  4.59986283e+00  2.51839197e-03  4.16232168e+00 
 2.53116413e-03  4.85918301e+00  2.52839197e-03  4.42523816e+00 
 2.54116413e-03  5.11964603e+00  2.53839197e-03  4.69189707e+00 
 2.55116413e-03  5.38023561e+00  2.54839197e-03  4.96129382e+00 
 2.56116413e-03  5.63993340e+00  2.55839197e-03  5.23241105e+00 
 2.57116413e-03  5.89771731e+00  2.56839197e-03  5.50421440e+00 
 2.58116413e-03  6.15257162e+00  2.57839197e-03  5.77566502e+00 
 2.59116413e-03  6.40348518e+00  2.58839197e-03  6.04571512e+00 
 2.60116413e-03  6.64946166e+00  2.59839197e-03  6.31332088e+00 
 2.61116413e-03  6.88951752e+00  2.60839197e-03  6.57743777e+00 
 2.62116413e-03  7.12269230e+00  2.61839197e-03  6.83703385e+00 
 2.63116413e-03  7.34804643e+00  2.62839197e-03  7.09108468e+00 
 2.64116413e-03  7.56467141e+00  2.63839197e-03  7.33858694e+00 
 2.65116413e-03  7.77168730e+00  2.64839197e-03  7.57855301e+00 
 2.66116413e-03  7.96825280e+00  2.65839197e-03  7.81002463e+00 
 2.67116413e-03  8.15356239e+00  2.66839197e-03  8.03206726e+00 
 2.68116413e-03  8.32685618e+00  2.67839197e-03  8.24378361e+00 
 2.69116413e-03  8.48741665e+00  2.68839197e-03  8.44430768e+00 
 2.70116413e-03  8.63457819e+00  2.69839197e-03  8.63281819e+00 
 2.71116413e-03  8.76772342e+00  2.70839197e-03  8.80853221e+00 
 2.72116413e-03  8.88629232e+00  2.71839197e-03  8.97071834e+00 
 2.73116413e-03  8.98977812e+00  2.72839197e-03  9.11868994e+00 
 2.74116413e-03  9.07773599e+00  2.73839197e-03  9.25181799e+00 
 2.75116413e-03  9.14977842e+00  2.74839197e-03  9.36952387e+00 
 2.76116413e-03  9.20558343e+00  2.75839197e-03  9.47129186e+00 
 2.77116413e-03  9.24488942e+00  2.76839197e-03  9.55666137e+00 
 2.78116413e-03  9.26750292e+00  2.77839197e-03  9.62523904e+00 
 2.79116413e-03  9.27329290e+00  2.78839197e-03  9.67669049e+00 
 2.80116413e-03  9.26219798e+00  2.79839197e-03  9.71075189e+00 
 2.81116413e-03  9.23422025e+00  2.80839197e-03  9.72722122e+00 
 2.82116413e-03  9.18943191e+00  2.81839197e-03  9.72596932e+00 
 2.83116413e-03  9.12796861e+00  2.82839197e-03  9.70693064e+00 
 2.84116413e-03  9.05003559e+00  2.83839197e-03  9.67011379e+00 
 2.85116413e-03  8.95590049e+00  2.84839197e-03  9.61559174e+00 
 2.86116413e-03  8.84589895e+00  2.85839197e-03  9.54351185e+00 
 2.87116413e-03  8.72042702e+00  2.86839197e-03  9.45408563e+00 
 2.88116413e-03  8.57994618e+00  2.87839197e-03  9.34759813e+00 
 2.89116413e-03  8.42497538e+00  2.88839197e-03  9.22439728e+00 
 2.90116413e-03  8.25609552e+00  2.89839197e-03  9.08490275e+00 
 2.91116413e-03  8.07394113e+00  2.90839197e-03  8.92959483e+00 
 2.92116413e-03  7.87920437e+00  2.91839197e-03  8.75902269e+00 
 2.93116413e-03  7.67262638e+00  2.92839197e-03  8.57379298e+00 
 2.94116413e-03  7.45500085e+00  2.93839197e-03  8.37457742e+00 
 2.95116413e-03  7.22716512e+00  2.94839197e-03  8.16210117e+00 
 2.96116413e-03  6.99000331e+00  2.95839197e-03  7.93714985e+00 
 2.97116413e-03  6.74443725e+00  2.96839197e-03  7.70055767e+00 
 2.98116413e-03  6.49142928e+00  2.97839197e-03  7.45321393e+00 
 2.99116413e-03  6.23197307e+00  2.98839197e-03  7.19605104e+00 
 3.00116413e-03  5.96709607e+00  2.99839197e-03  6.93005051e+00 
 3.01116413e-03  5.69785049e+00  3.00839197e-03  6.65623098e+00 
 3.02116413e-03  5.42531536e+00  3.01839197e-03  6.37565373e+00 
 3.03116413e-03  5.15058787e+00  3.02839197e-03  6.08941100e+00 
 3.04116413e-03  4.87478521e+00  3.03839197e-03  5.79863096e+00 
 3.05116413e-03  4.59903645e+00  3.04839197e-03  5.50446663e+00 
 3.06116413e-03  4.32448439e+00  3.05839197e-03  5.20810049e+00 
 3.07116413e-03  4.05227846e+00  3.06839197e-03  4.91073439e+00 
 3.08116413e-03  3.78357694e+00  3.07839197e-03  4.61359408e+00 
 3.09116413e-03  3.51954183e+00  3.08839197e-03  4.31792096e+00 
 3.10116413e-03  3.26134232e+00  3.09839197e-03  4.02497713e+00 
 3.11116413e-03  3.01015371e+00  3.10839197e-03  3.73604074e+00 
 3.12116413e-03  2.76716466e+00  3.11839197e-03  3.45241333e+00 
 3.13116413e-03  2.53358567e+00  3.12839197e-03  3.17542310e+00 
 3.14116413e-03  2.31066852e+00  3.13839197e-03  2.90644035e+00 
 3.15116413e-03  2.09974255e+00  3.14839197e-03  2.64690169e+00 
 3.16116413e-03  1.90228049e+00  3.15839197e-03  2.39835644e+00 
 3.17116413e-03  1.72004211e+00  3.16839197e-03  2.16256541e+00 
 3.18116413e-03  1.55536406e+00  3.17839197e-03  1.94169773e+00 
 3.19116413e-03  1.41182491e+00  3.18839197e-03  1.73882999e+00 
 3.20116413e-03  1.29607667e+00  3.19839197e-03  1.55992204e+00 
 3.21116413e-03  1.21031262e+00  3.20839197e-03  1.41580728e+00 
 3.22116413e-03  1.14586115e+00  3.21839197e-03  1.31613316e+00 
 3.23116413e-03  1.09154485e+00  3.22839197e-03  1.24217058e+00 
 3.24116413e-03  1.04429262e+00  3.23839197e-03  1.17920679e+00 
 3.25116413e-03  1.00284683e+00  3.24839197e-03  1.12435125e+00 
 3.26116413e-03  9.66421290e-01  3.25839197e-03  1.07598095e+00 
 3.27116413e-03  9.35083865e-01  3.26839197e-03  1.03340043e+00 
 3.28116413e-03  9.10230920e-01  3.27839197e-03  9.95555292e-01 
 3.29116413e-03  8.95963846e-01  3.28839197e-03  9.62082566e-01 
 3.30116413e-03  8.96231327e-01  3.29839197e-03  9.32367226e-01 
 3.31116413e-03  9.12891923e-01  3.30839197e-03  9.07018647e-01 
 3.32116413e-03  9.45987788e-01  3.31839197e-03  8.88278512e-01 
 3.33116413e-03  9.94859122e-01  3.32839197e-03  8.81814708e-01 
 3.34116413e-03  1.05903264e+00  3.33839197e-03  8.92579684e-01 
 3.35116413e-03  1.13825952e+00  3.34839197e-03  9.20365509e-01 
 3.36116413e-03  1.23227194e+00  3.35839197e-03  9.65470173e-01 
 3.37116413e-03  1.34076059e+00  3.36839197e-03  1.02686086e+00 
 3.38116413e-03  1.46336751e+00  3.37839197e-03  1.10382668e+00 
 3.39116413e-03  1.59968784e+00  3.38839197e-03  1.19611211e+00 
 3.40116413e-03  1.74926284e+00  3.39839197e-03  1.30342641e+00 
 3.41116413e-03  1.91158089e+00  3.40839197e-03  1.42544017e+00 
 3.42116413e-03  2.08607808e+00  3.41839197e-03  1.56176745e+00 
 3.43116413e-03  2.27213816e+00  3.42839197e-03  1.71198313e+00 
 3.44116413e-03  2.46909695e+00  3.43839197e-03  1.87560400e+00 
 3.45116413e-03  2.67624116e+00  3.44839197e-03  2.05209587e+00 
 3.46116413e-03  2.89281514e+00  3.45839197e-03  2.24087111e+00 
 3.47116413e-03  3.11801884e+00  3.46839197e-03  2.44128857e+00 
 3.48116413e-03  3.35101628e+00  3.47839197e-03  2.65266021e+00 
 3.49116413e-03  3.59093284e+00  3.48839197e-03  2.87424568e+00 
 3.50116413e-03  3.83686503e+00  3.49839197e-03  3.10526498e+00 
 3.51116413e-03  4.08787732e+00  3.50839197e-03  3.34488909e+00 
 3.52116413e-03  4.34301282e+00  3.51839197e-03  3.59225693e+00 
 3.53116413e-03  4.60128987e+00  3.52839197e-03  3.84646318e+00 
 3.54116413e-03  4.86171343e+00  3.53839197e-03  4.10657842e+00 
 3.55116413e-03  5.12327140e+00  3.54839197e-03  4.37163480e+00 
 3.56116413e-03  5.38494658e+00  3.55839197e-03  4.64064865e+00 
 3.57116413e-03  5.64571279e+00  3.56839197e-03  4.91260454e+00 
 3.58116413e-03  5.90454722e+00  3.57839197e-03  5.18647975e+00 
 3.59116413e-03  6.16042631e+00  3.58839197e-03  5.46122714e+00 
 3.60116413e-03  6.41233841e+00  3.59839197e-03  5.73580097e+00 
 3.61116413e-03  6.65927943e+00  3.60839197e-03  6.00913890e+00 
 3.62116413e-03  6.90026562e+00  3.61839197e-03  6.28018885e+00 
 3.63116413e-03  7.13432896e+00  3.62839197e-03  6.54789016e+00 
 3.64116413e-03  7.36053000e+00  3.63839197e-03  6.81120136e+00 
 3.65116413e-03  7.57795290e+00  3.64839197e-03  7.06908058e+00 
 3.66116413e-03  7.78571826e+00  3.65839197e-03  7.32051390e+00 
 3.67116413e-03  7.98297779e+00  3.66839197e-03  7.56449514e+00 
 3.68116413e-03  8.16892693e+00  3.67839197e-03  7.80005461e+00 
 3.69116413e-03  8.34279919e+00  3.68839197e-03  8.02623836e+00 
 3.70116413e-03  8.50387849e+00  3.69839197e-03  8.24213705e+00 
 3.71116413e-03  8.65149308e+00  3.70839197e-03  8.44686468e+00 
 3.72116413e-03  8.78502753e+00  3.71839197e-03  8.63958758e+00 
 3.73116413e-03  8.90391620e+00  3.72839197e-03  8.81950247e+00 
 3.74116413e-03  9.00765481e+00  3.73839197e-03  8.98586546e+00 
 3.75116413e-03  9.09579342e+00  3.74839197e-03  9.13796955e+00 
 3.76116413e-03  9.16794758e+00  3.75839197e-03  9.27517338e+00 
 3.77116413e-03  9.22379076e+00  3.76839197e-03  9.39687821e+00 
 3.78116413e-03  9.26306502e+00  3.77839197e-03  9.50255640e+00 
 3.79116413e-03  9.28557288e+00  3.78839197e-03  9.59172776e+00 
 3.80116413e-03  9.29118754e+00  3.79839197e-03  9.66398768e+00 
 3.81116413e-03  9.27984422e+00  3.80839197e-03  9.71898296e+00 
 3.82116413e-03  9.25154975e+00  3.81839197e-03  9.75643943e+00 
 3.83116413e-03  9.20637353e+00  3.82839197e-03  9.77613727e+00 
 3.84116413e-03  9.14445652e+00  3.83839197e-03  9.77793810e+00 
 3.85116413e-03  9.06600169e+00  3.84839197e-03  9.76175982e+00 
 3.86116413e-03  8.97128251e+00  3.85839197e-03  9.72760314e+00 
 3.87116413e-03  8.86063290e+00  3.86839197e-03  9.67552594e+00 
 3.88116413e-03  8.73445521e+00  3.87839197e-03  9.60566917e+00 
 3.89116413e-03  8.59320974e+00  3.88839197e-03  9.51823086e+00 
 3.90116413e-03  8.43742217e+00  3.89839197e-03  9.41349133e+00 
 3.91116413e-03  8.26767272e+00  3.90839197e-03  9.29178685e+00 
 3.92116413e-03  8.08460302e+00  3.91839197e-03  9.15353411e+00 
 3.93116413e-03  7.88890502e+00  3.92839197e-03  8.99920368e+00 
 3.94116413e-03  7.68132731e+00  3.93839197e-03  8.82934365e+00 
 3.95116413e-03  7.46266379e+00  3.94839197e-03  8.64455298e+00 
 3.96116413e-03  7.23375953e+00  3.95839197e-03  8.44550431e+00 
 3.97116413e-03  6.99549924e+00  3.96839197e-03  8.23291721e+00 
 3.98116413e-03  6.74881272e+00  3.97839197e-03  8.00758023e+00 
 3.99116413e-03  6.49466327e+00  3.98839197e-03  7.77032421e+00 
 4.00116413e-03  6.23405264e+00  3.99839197e-03  7.52204339e+00 
 4.01116413e-03  5.96800966e+00  4.00839197e-03  7.26366903e+00 
 4.02116413e-03  5.69759468e+00  4.01839197e-03  6.99618960e+00 
 4.03116413e-03  5.42388850e+00  4.02839197e-03  6.72062487e+00 
 4.04116413e-03  5.14799650e+00  4.03839197e-03  6.43804504e+00 
 4.05116413e-03  4.87103807e+00  4.04839197e-03  6.14954574e+00 
 4.06116413e-03  4.59415050e+00  4.05839197e-03  5.85626600e+00 
 4.07116413e-03  4.31847940e+00  4.06839197e-03  5.55936456e+00 
 4.08116413e-03  4.04518252e+00  4.07839197e-03  5.26003662e+00 
 4.09116413e-03  3.77542190e+00  4.08839197e-03  4.95949218e+00 
 4.10116413e-03  3.51036821e+00  4.09839197e-03  4.65897156e+00 
 4.11116413e-03  3.25119620e+00  4.10839197e-03  4.35972704e+00 
 4.12116413e-03  2.99909099e+00  4.11839197e-03  4.06303731e+00 
 4.13116413e-03  2.75525064e+00  4.12839197e-03  3.77019479e+00 
 4.14116413e-03  2.52089929e+00  4.13839197e-03  3.48252040e+00 
 4.15116413e-03  2.29730801e+00  4.14839197e-03  3.20136192e+00 
 4.16116413e-03  2.08583339e+00  4.15839197e-03  2.92811450e+00 
 4.17116413e-03  1.88800024e+00  4.16839197e-03  2.66424599e+00 
 4.18116413e-03  1.70565634e+00  4.17839197e-03  2.41134698e+00 
 4.19116413e-03  1.54134563e+00  4.18839197e-03  2.17124789e+00 
 4.20116413e-03  1.39909262e+00  4.19839197e-03  1.94623634e+00 
 4.21116413e-03  1.28661067e+00  4.20839197e-03  1.73967372e+00 
 4.22116413e-03  1.20456403e+00  4.21839197e-03  1.55847734e+00 
 4.23116413e-03  1.14174001e+00  4.22839197e-03  1.41576321e+00 
 4.24116413e-03  1.08818198e+00  4.23839197e-03  1.31943990e+00 
 4.25116413e-03  1.04148631e+00  4.24839197e-03  1.24613333e+00 
 4.26116413e-03  1.00038372e+00  4.25839197e-03  1.18299681e+00 
 4.27116413e-03  9.64271291e-01  4.26839197e-03  1.12798336e+00 
 4.28116413e-03  9.32998305e-01  4.27839197e-03  1.07936105e+00 
 4.29116413e-03  9.07992465e-01  4.28839197e-03  1.03664517e+00 
 4.30116413e-03  8.93218252e-01  4.29839197e-03  9.98572300e-01 
 4.31116413e-03  8.93000031e-01  4.30839197e-03  9.64947033e-01 
 4.32116413e-03  9.09303588e-01  4.31839197e-03  9.34863736e-01 
 4.33116413e-03  9.42208274e-01  4.32839197e-03  9.08782086e-01 
 4.34116413e-03  9.90962727e-01  4.33839197e-03  8.87832037e-01 
 4.35116413e-03  1.05504890e+00  4.34839197e-03  8.77276178e-01 
 4.36116413e-03  1.13420568e+00  4.35839197e-03  8.82976633e-01 
 4.37116413e-03  1.22817055e+00  4.36839197e-03  9.06769083e-01 
 4.38116413e-03  1.33662829e+00  4.37839197e-03  9.47377782e-01 
 4.39116413e-03  1.45922209e+00  4.38839197e-03  1.00479655e+00 
 4.40116413e-03  1.59554513e+00  4.39839197e-03  1.07810250e+00 
 4.41116413e-03  1.74513899e+00  4.40839197e-03  1.16682233e+00 
 4.42116413e-03  1.90749191e+00  4.41839197e-03  1.27066205e+00 
 4.43116413e-03  2.08203925e+00  4.42839197e-03  1.38931343e+00 
 4.44116413e-03  2.26816565e+00  4.43839197e-03  1.52239633e+00 
 4.45116413e-03  2.46520533e+00  4.44839197e-03  1.66949790e+00 
 4.46116413e-03  2.67244647e+00  4.45839197e-03  1.83014526e+00 
 4.47116413e-03  2.88913116e+00  4.46839197e-03  2.00381687e+00 
 4.48116413e-03  3.11446118e+00  4.47839197e-03  2.18993666e+00 
 4.49116413e-03  3.34759779e+00  4.48839197e-03  2.38787477e+00 
 4.50116413e-03  3.58766843e+00  4.49839197e-03  2.59695458e+00 
 4.51116413e-03  3.83376641e+00  4.50839197e-03  2.81644533e+00 
 4.52116413e-03  4.08495841e+00  4.51839197e-03  3.04557760e+00 
 4.53116413e-03  4.34028400e+00  4.52839197e-03  3.28353008e+00 
 4.54116413e-03  4.59876383e+00  4.53839197e-03  3.52945106e+00 
 4.55116413e-03  4.85939904e+00  4.54839197e-03  3.78244101e+00 
 4.56116413e-03  5.12117989e+00  4.55839197e-03  4.04157835e+00 
 4.57116413e-03  5.38308514e+00  4.56839197e-03  4.30589900e+00 
 4.58116413e-03  5.64409100e+00  4.57839197e-03  4.57442547e+00 
 4.59116413e-03  5.90317043e+00  4.58839197e-03  4.84614398e+00 
 4.60116413e-03  6.15930229e+00  4.59839197e-03  5.12003619e+00 
 4.61116413e-03  6.41147057e+00  4.60839197e-03  5.39505446e+00 
 4.62116413e-03  6.65867360e+00  4.61839197e-03  5.67015556e+00 
 4.63116413e-03  6.89992315e+00  4.62839197e-03  5.94427445e+00 
 4.64116413e-03  7.13425365e+00  4.63839197e-03  6.21635960e+00 
 4.65116413e-03  7.36072108e+00  4.64839197e-03  6.48534555e+00 
 4.66116413e-03  7.57841211e+00  4.65839197e-03  6.75018936e+00 
 4.67116413e-03  7.78644269e+00  4.66839197e-03  7.00984226e+00 
 4.68116413e-03  7.98396705e+00  4.67839197e-03  7.26328690e+00 
 4.69116413e-03  8.17017598e+00  4.68839197e-03  7.50950819e+00 
 4.70116413e-03  8.34430557e+00  4.69839197e-03  7.74753112e+00 
 4.71116413e-03  8.50563507e+00  4.70839197e-03  7.97639086e+00 
 4.72116413e-03  8.65349537e+00  4.71839197e-03  8.19517099e+00 
 4.73116413e-03  8.78726639e+00  4.72839197e-03  8.40297282e+00 
 4.74116413e-03  8.90638518e+00  4.73839197e-03  8.59895392e+00 
 4.75116413e-03  9.01034287e+00  4.74839197e-03  8.78229673e+00 
 4.76116413e-03  9.09869231e+00  4.75839197e-03  8.95224708e+00 
 4.77116413e-03  9.17104451e+00  4.76839197e-03  9.10808223e+00 
 4.78116413e-03  9.22707580e+00  4.77839197e-03  9.24914927e+00 
 4.79116413e-03  9.26652378e+00  4.78839197e-03  9.37483249e+00 
 4.80116413e-03  9.28919396e+00  4.79839197e-03  9.48459159e+00 
 4.81116413e-03  9.29495518e+00  4.80839197e-03  9.57792845e+00 
 4.82116413e-03  9.28374570e+00  4.81839197e-03  9.65442495e+00 
 4.83116413e-03  9.25556816e+00  4.82839197e-03  9.71370920e+00 
 4.84116413e-03  9.21049509e+00  4.83839197e-03  9.75549294e+00 
 4.85116413e-03  9.14866339e+00  4.84839197e-03  9.77953717e+00 
 4.86116413e-03  9.07027927e+00  4.85839197e-03  9.78568908e+00 
 4.87116413e-03  8.97561227e+00  4.86839197e-03  9.77384718e+00 
 4.88116413e-03  8.86499968e+00  4.87839197e-03  9.74399765e+00 
 4.89116413e-03  8.73884006e+00  4.88839197e-03  9.69617901e+00 
 4.90116413e-03  8.59759720e+00  4.89839197e-03  9.63051785e+00 
 4.91116413e-03  8.44179315e+00  4.90839197e-03  9.54719316e+00 
 4.92116413e-03  8.27201168e+00  4.91839197e-03  9.44647126e+00 
 4.93116413e-03  8.08889103e+00  4.92839197e-03  9.32866994e+00 
 4.94116413e-03  7.89312676e+00  4.93839197e-03  9.19419255e+00 
 4.95116413e-03  7.68546425e+00  4.94839197e-03  9.04349197e+00 
 4.96116413e-03  7.46670110e+00  4.95839197e-03  8.87710383e+00 
 4.97116413e-03  7.23767934e+00  4.96839197e-03  8.69561041e+00 
 4.98116413e-03  6.99928748e+00  4.97839197e-03  8.49967294e+00 
 4.99116413e-03  6.75245246e+00  4.98839197e-03  8.28999560e+00 
 5.00116413e-03  6.49814141e+00  4.99839197e-03  8.06735677e+00 
 5.01116413e-03  6.23735349e+00  5.00839197e-03  7.83257330e+00 
 5.02116413e-03  5.97112132e+00  5.01839197e-03  7.58653069e+00 
 5.03116413e-03  5.70050294e+00  5.02839197e-03  7.33014781e+00 
 5.04116413e-03  5.42658291e+00  5.03839197e-03  7.06440591e+00 
 5.05116413e-03  5.15046458e+00  5.04839197e-03  6.79031406e+00 
 5.06116413e-03  4.87327104e+00  5.05839197e-03  6.50893684e+00 
 5.07116413e-03  4.59613789e+00  5.06839197e-03  6.22136099e+00 
 5.08116413e-03  4.32021431e+00  5.07839197e-03  5.92872147e+00 
 5.09116413e-03  4.04665680e+00  5.08839197e-03  5.63216992e+00 
 5.10116413e-03  3.77663078e+00  5.09839197e-03  5.33289895e+00 
 5.11116413e-03  3.51130633e+00  5.10839197e-03  5.03211311e+00 
 5.12116413e-03  3.25186126e+00  5.11839197e-03  4.73105131e+00 
 5.13116413e-03  2.99948111e+00  5.12839197e-03  4.43096162e+00 
 5.14116413e-03  2.75536672e+00  5.13839197e-03  4.13312177e+00 
 5.15116413e-03  2.52074448e+00  5.14839197e-03  3.83882033e+00 
 5.16116413e-03  2.29688825e+00  5.15839197e-03  3.54937594e+00 
 5.17116413e-03  2.08516113e+00  5.16839197e-03  3.26613044e+00 
 5.18116413e-03  1.88709323e+00  5.17839197e-03  2.99047075e+00 
 5.19116413e-03  1.70455285e+00  5.18839197e-03  2.72384896e+00 
 5.20116413e-03  1.54010995e+00  5.19839197e-03  2.46782609e+00 
 5.21116413e-03  1.39788417e+00  5.20839197e-03  2.22417603e+00 
 5.22116413e-03  1.28575870e+00  5.21839197e-03  1.99506280e+00 
 5.23116413e-03  1.20420094e+00  5.22839197e-03  1.78356474e+00 
 5.24116413e-03  1.14151631e+00  5.23839197e-03  1.59563529e+00 
 5.25116413e-03  1.08806356e+00  5.24839197e-03  1.44291815e+00 
 5.26116413e-03  1.04137085e+00  5.25839197e-03  1.33821067e+00 
 5.27116413e-03  1.00032345e+00  5.26839197e-03  1.26180663e+00 
 5.28116413e-03  9.64183227e-01  5.27839197e-03  1.19665147e+00 
 5.29116413e-03  9.32909901e-01  5.28839197e-03  1.14001828e+00 
 5.30116413e-03  9.07753929e-01  5.29839197e-03  1.08997487e+00 
 5.31116413e-03  8.92765131e-01  5.30839197e-03  1.04607795e+00 
 5.32116413e-03  8.92259414e-01  5.31839197e-03  1.00694880e+00 
 5.33116413e-03  9.08305177e-01  5.32839197e-03  9.72437473e-01 
 5.34116413e-03  9.40988410e-01  5.33839197e-03  9.41496939e-01 
 5.35116413e-03  9.89551056e-01  5.34839197e-03  9.14485743e-01 
 5.36116413e-03  1.05345060e+00  5.35839197e-03  8.91869539e-01 
 5.37116413e-03  1.13243001e+00  5.36839197e-03  8.78090139e-01 
 5.38116413e-03  1.22622307e+00  5.37839197e-03  8.78769197e-01 
 5.39116413e-03  1.33451760e+00  5.38839197e-03  8.98360074e-01 
 5.40116413e-03  1.45695507e+00  5.39839197e-03  9.34682728e-01 
 5.41116413e-03  1.59313024e+00  5.40839197e-03  9.88007522e-01 
 5.42116413e-03  1.74258472e+00  5.41839197e-03  1.05739177e+00 
 5.43116413e-03  1.90480727e+00  5.42839197e-03  1.14227538e+00 
 5.44116413e-03  2.07923426e+00  5.43839197e-03  1.24235597e+00 
 5.45116413e-03  2.26525000e+00  5.44839197e-03  1.35733914e+00 
 5.46116413e-03  2.46219037e+00  5.45839197e-03  1.48685434e+00 
 5.47116413e-03  2.66934260e+00  5.46839197e-03  1.63050153e+00 
 5.48116413e-03  2.88595080e+00  5.47839197e-03  1.78782017e+00 
 5.49116413e-03  3.11121537e+00  5.48839197e-03  1.95830257e+00 
 5.50116413e-03  3.34429978e+00  5.49839197e-03  2.14138542e+00 
 5.51116413e-03  3.58432973e+00  5.50839197e-03  2.33645207e+00 
 5.52116413e-03  3.83040090e+00  5.51839197e-03  2.54283803e+00 
 5.53116413e-03  4.08157789e+00  5.52839197e-03  2.75982454e+00 
 5.54116413e-03  4.33690276e+00  5.53839197e-03  2.98665321e+00 
 5.55116413e-03  4.59539379e+00  5.54839197e-03  3.22251326e+00 
 5.56116413e-03  4.85605463e+00  5.55839197e-03  3.46656258e+00 
 5.57116413e-03  5.11787296e+00  5.56839197e-03  3.71791048e+00 
 5.58116413e-03  5.37983004e+00  5.57839197e-03  3.97564336e+00 
 5.59116413e-03  5.64089929e+00  5.58839197e-03  4.23880414e+00 
 5.60116413e-03  5.90005616e+00  5.59839197e-03  4.50642148e+00 
 5.61116413e-03  6.15627655e+00  5.60839197e-03  4.77748669e+00 
 5.62116413e-03  6.40854687e+00  5.61839197e-03  5.05098562e+00 
 5.63116413e-03  6.65586234e+00  5.62839197e-03  5.32587364e+00 
 5.64116413e-03  6.89723710e+00  5.63839197e-03  5.60110968e+00 
 5.65116413e-03  7.13170233e+00  5.64839197e-03  5.87562962e+00 
 5.66116413e-03  7.35831634e+00  5.65839197e-03  6.14838196e+00 
 5.67116413e-03  7.57616239e+00  5.66839197e-03  6.41830001e+00 
 5.68116413e-03  7.78435872e+00  5.67839197e-03  6.68433873e+00 
 5.69116413e-03  7.98205606e+00  5.68839197e-03  6.94544596e+00 
 5.70116413e-03  8.16844741e+00  5.69839197e-03  7.20060015e+00 
 5.71116413e-03  8.34276526e+00  5.70839197e-03  7.44878068e+00 
 5.72116413e-03  8.50429106e+00  5.71839197e-03  7.68900627e+00 
 5.73116413e-03  8.65235200e+00  5.72839197e-03  7.92030452e+00 
 5.74116413e-03  8.78633015e+00  5.73839197e-03  8.14175075e+00 
 5.75116413e-03  8.90565882e+00  5.74839197e-03  8.35243677e+00 
 5.76116413e-03  9.00983126e+00  5.75839197e-03  8.55151001e+00 
 5.77116413e-03  9.09839652e+00  5.76839197e-03  8.73814160e+00 
 5.78116413e-03  9.17096771e+00  5.77839197e-03  8.91156554e+00 
 5.79116413e-03  9.22721734e+00  5.78839197e-03  9.07104614e+00 
 5.80116413e-03  9.26688512e+00  5.79839197e-03  9.21591713e+00 
 5.81116413e-03  9.28977271e+00  5.80839197e-03  9.34554843e+00 
 5.82116413e-03  9.29575105e+00  5.81839197e-03  9.45938508e+00 
 5.83116413e-03  9.28475459e+00  5.82839197e-03  9.55691336e+00 
 5.84116413e-03  9.25678806e+00  5.83839197e-03  9.63769942e+00 
 5.85116413e-03  9.21192022e+00  5.84839197e-03  9.70135484e+00 
 5.86116413e-03  9.15029006e+00  5.85839197e-03  9.74757479e+00 
 5.87116413e-03  9.07210007e+00  5.86839197e-03  9.77610304e+00 
 5.88116413e-03  8.97762192e+00  5.87839197e-03  9.78676964e+00 
 5.89116413e-03  8.86718923e+00  5.88839197e-03  9.77945545e+00 
 5.90116413e-03  8.74120274e+00  5.89839197e-03  9.75412918e+00 
 5.91116413e-03  8.60012262e+00  5.90839197e-03  9.71081156e+00 
 5.92116413e-03  8.44447315e+00  5.91839197e-03  9.64961166e+00 
 5.93116413e-03  8.27483461e+00  5.92839197e-03  9.57069075e+00 
 5.94116413e-03  8.09184745e+00  5.93839197e-03  9.47429789e+00 
 5.95116413e-03  7.89620390e+00  5.94839197e-03  9.36073348e+00 
 5.96116413e-03  7.68865157e+00  5.95839197e-03  9.23038410e+00 
 5.97116413e-03  7.46998486e+00  5.96839197e-03  9.08368584e+00 
 5.98116413e-03  7.24104809e+00  5.97839197e-03  8.92115828e+00 
 5.99116413e-03  7.00272668e+00  5.98839197e-03  8.74336777e+00 
 6.00116413e-03  6.75594992e+00  5.99839197e-03  8.55096047e+00 
 6.01116413e-03  6.50168201e+00  6.00839197e-03  8.34462567e+00 
 6.02116413e-03  6.24092446e+00  6.01839197e-03  8.12512787e+00 
 6.03116413e-03  5.97470719e+00  6.02839197e-03  7.89327030e+00 
 6.04116413e-03  5.70409055e+00  6.03839197e-03  7.64992593e+00 
 6.05116413e-03  5.43015663e+00  6.04839197e-03  7.39600148e+00 
 6.06116413e-03  5.15401104e+00  6.05839197e-03  7.13246713e+00 
 6.07116413e-03  4.87677467e+00  6.06839197e-03  6.86032138e+00 
 6.08116413e-03  4.59958530e+00  6.07839197e-03  6.58061939e+00 
 6.09116413e-03  4.32359018e+00  6.08839197e-03  6.29443891e+00 
 6.10116413e-03  4.04994785e+00  6.09839197e-03  6.00290715e+00 
 6.11116413e-03  3.77982217e+00  6.10839197e-03  5.70716838e+00 
 6.12116413e-03  3.51438495e+00  6.11839197e-03  5.40840901e+00 
 6.13116413e-03  3.25481293e+00  6.12839197e-03  5.10782769e+00 
 6.14116413e-03  3.00229287e+00  6.13839197e-03  4.80665840e+00 
 6.15116413e-03  2.75802517e+00  6.14839197e-03  4.50614432e+00 
 6.16116413e-03  2.52323650e+00  6.15839197e-03  4.20755883e+00 
 6.17116413e-03  2.29920115e+00  6.16839197e-03  3.91218549e+00 
 6.18116413e-03  2.08728068e+00  6.17839197e-03  3.62133747e+00 
 6.19116413e-03  1.88900667e+00  6.18839197e-03  3.33634864e+00 
 6.20116413e-03  1.70624153e+00  6.19839197e-03  3.05859462e+00 
 6.21116413e-03  1.54155738e+00  6.20839197e-03  2.78950809e+00 
 6.22116413e-03  1.39905619e+00  6.21839197e-03  2.53061715e+00 
 6.23116413e-03  1.28665354e+00  6.22839197e-03  2.28363234e+00 
 6.24116413e-03  1.20487331e+00  6.23839197e-03  2.05059040e+00 
 6.25116413e-03  1.14212155e+00  6.24839197e-03  1.83427639e+00 
 6.26116413e-03  1.08857058e+00  6.25839197e-03  1.63918429e+00 
 6.27116413e-03  1.04184588e+00  6.26839197e-03  1.47642992e+00 
 6.28116413e-03  1.00071867e+00  6.27839197e-03  1.36038717e+00 
 6.29116413e-03  9.64553688e-01  6.28839197e-03  1.27949370e+00 
 6.30116413e-03  9.33192006e-01  6.29839197e-03  1.21202987e+00 
 6.31116413e-03  9.07952246e-01  6.30839197e-03  1.15346126e+00 
 6.32116413e-03  8.92758274e-01  6.31839197e-03  1.10185401e+00 
 6.33116413e-03  8.92028854e-01  6.32839197e-03  1.05653959e+00 
 6.34116413e-03  9.07834702e-01  6.33839197e-03  1.01626836e+00 
 6.35116413e-03  9.40295614e-01  6.34839197e-03  9.80690906e-01 
 6.36116413e-03  9.88646225e-01  6.35839197e-03  9.48870383e-01 
 6.37116413e-03  1.05234216e+00  6.36839197e-03  9.20879914e-01 
 6.38116413e-03  1.13111989e+00  6.37839197e-03  8.96909718e-01 
 6.39116413e-03  1.22471740e+00  6.38839197e-03  8.80338319e-01 
 6.40116413e-03  1.33282061e+00  6.39839197e-03  8.76874475e-01 
 6.41116413e-03  1.45507309e+00  6.40839197e-03  8.91735715e-01 
 6.42116413e-03  1.59106934e+00  6.41839197e-03  9.23615791e-01 
 6.43116413e-03  1.74035205e+00  6.42839197e-03  9.72824242e-01 
 6.44116413e-03  1.90241071e+00  6.43839197e-03  1.03826090e+00 
 6.45116413e-03  2.07668198e+00  6.44839197e-03  1.11925598e+00 
 6.46116413e-03  2.26255152e+00  6.45839197e-03  1.21552189e+00 
 6.47116413e-03  2.45935492e+00  6.46839197e-03  1.32677518e+00 
 6.48116413e-03  2.66638113e+00  6.47839197e-03  1.45265753e+00 
 6.49116413e-03  2.88287354e+00  6.48839197e-03  1.59277894e+00 
 6.50116413e-03  3.10803449e+00  6.49839197e-03  1.74669286e+00 
 6.51116413e-03  3.34102638e+00  6.50839197e-03  1.91390482e+00 
 6.52116413e-03  3.58097700e+00  6.51839197e-03  2.09386469e+00 
 6.53116413e-03  3.82698067e+00  6.52839197e-03  2.28596963e+00 
 6.54116413e-03  4.07810414e+00  6.53839197e-03  2.48956686e+00 
 6.55116413e-03  4.33338786e+00  6.54839197e-03  2.70395105e+00 
 6.56116413e-03  4.59185228e+00  6.55839197e-03  2.92837380e+00 
 6.57116413e-03  4.85249923e+00  6.56839197e-03  3.16203688e+00 
 6.58116413e-03  5.11431855e+00  6.57839197e-03  3.40410631e+00 
 6.59116413e-03  5.37628948e+00  6.58839197e-03  3.65370270e+00 
 6.60116413e-03  5.63738757e+00  6.59839197e-03  3.90991863e+00 
 6.61116413e-03  5.89658603e+00  6.60839197e-03  4.17180683e+00 
 6.62116413e-03  6.15286286e+00  6.61839197e-03  4.43840006e+00 
 6.63116413e-03  6.40520209e+00  6.62839197e-03  4.70869773e+00 
 6.64116413e-03  6.65260094e+00  6.63839197e-03  4.98168767e+00 
 6.65116413e-03  6.89407103e+00  6.64839197e-03  5.25633149e+00 
 6.66116413e-03  7.12864547e+00  6.65839197e-03  5.53158787e+00 
 6.67116413e-03  7.35537988e+00  6.66839197e-03  5.80639698e+00 
 6.68116413e-03  7.57335941e+00  6.67839197e-03  6.07970486e+00 
 6.69116413e-03  7.78169947e+00  6.68839197e-03  6.35044701e+00 
 6.70116413e-03  7.97955259e+00  6.69839197e-03  6.61757372e+00 
 6.71116413e-03  8.16610885e+00  6.70839197e-03  6.88003295e+00 
 6.72116413e-03  8.34060245e+00  6.71839197e-03  7.13679625e+00 
 6.73116413e-03  8.50231183e+00  6.72839197e-03  7.38684103e+00 
 6.74116413e-03  8.65056581e+00  6.73839197e-03  7.62917698e+00 
 6.75116413e-03  8.78474337e+00  6.74839197e-03  7.86282771e+00 
 6.76116413e-03  8.90427941e+00  6.75839197e-03  8.08685741e+00 
 6.77116413e-03  9.00866400e+00  6.76839197e-03  8.30035200e+00 
 6.78116413e-03  9.09744774e+00  6.77839197e-03  8.50244582e+00 
 6.79116413e-03  9.17024050e+00  6.78839197e-03  8.69230228e+00 
 6.80116413e-03  9.22671631e+00  6.79839197e-03  8.86914054e+00 
 6.81116413e-03  9.26661159e+00  6.80839197e-03  9.03221554e+00 
 6.82116413e-03  9.28972952e+00  6.81839197e-03  9.18084455e+00 
 6.83116413e-03  9.29593771e+00  6.82839197e-03  9.31438666e+00 
 6.84116413e-03  9.28517211e+00  6.83839197e-03  9.43226906e+00 
 6.85116413e-03  9.25743415e+00  6.84839197e-03  9.53396598e+00 
 6.86116413e-03  9.21279406e+00  6.85839197e-03  9.61902458e+00 
 6.87116413e-03  9.15138754e+00  6.86839197e-03  9.68704337e+00 
 6.88116413e-03  9.07341856e+00  6.87839197e-03  9.73769763e+00 
 6.89116413e-03  8.97915555e+00  6.88839197e-03  9.77071731e+00 
 6.90116413e-03  8.86893363e+00  6.89839197e-03  9.78591197e+00 
 6.91116413e-03  8.74315033e+00  6.90839197e-03  9.78314812e+00 
 6.92116413e-03  8.60226734e+00  6.91839197e-03  9.76237364e+00 
 6.93116413e-03  8.44680582e+00  6.92839197e-03  9.72359467e+00 
 6.94116413e-03  8.27734759e+00  6.93839197e-03  9.66689937e+00 
 6.95116413e-03  8.09453007e+00  6.94839197e-03  9.59243444e+00 
 6.96116413e-03  7.89904705e+00  6.95839197e-03  9.50042820e+00 
 6.97116413e-03  7.69164325e+00  6.96839197e-03  9.39116677e+00 
 6.98116413e-03  7.47311464e+00  6.97839197e-03  9.26501645e+00 
 6.99116413e-03  7.24430275e+00  6.98839197e-03  9.12239954e+00 
 7.00116413e-03  7.00609465e+00  6.99839197e-03  8.96381610e+00 
 7.01116413e-03  6.75941697e+00  7.00839197e-03  8.78981943e+00 
 7.02116413e-03  6.50523557e+00  7.01839197e-03  8.60103711e+00 
 7.03116413e-03  6.24454947e+00  7.02839197e-03  8.39814640e+00 
 7.04116413e-03  5.97839026e+00  7.03839197e-03  8.18189437e+00 
 7.05116413e-03  5.70781599e+00  7.04839197e-03  7.95307341e+00 
 7.06116413e-03  5.43391043e+00  7.05839197e-03  7.71254048e+00 
 7.07116413e-03  5.15777708e+00  7.06839197e-03  7.46119274e+00 
 7.08116413e-03  4.88053845e+00  7.07839197e-03  7.19998595e+00 
 7.09116413e-03  4.60333048e+00  7.08839197e-03  6.92991051e+00 
 7.10116413e-03  4.32730196e+00  7.09839197e-03  6.65200883e+00 
 7.11116413e-03  4.05360984e+00  7.10839197e-03  6.36735209e+00 
 7.12116413e-03  3.78341933e+00  7.11839197e-03  6.07705652e+00 
 7.13116413e-03  3.51790098e+00  7.12839197e-03  5.78226124e+00 
 7.14116413e-03  3.25823254e+00  7.13839197e-03  5.48414349e+00 
 7.15116413e-03  3.00559989e+00  7.14839197e-03  5.18389801e+00 
 7.16116413e-03  2.76120377e+00  7.15839197e-03  4.88275117e+00 
 7.17116413e-03  2.52627037e+00  7.16839197e-03  4.58194301e+00 
 7.18116413e-03  2.30207292e+00  7.17839197e-03  4.28274036e+00 
 7.19116413e-03  2.08997260e+00  7.18839197e-03  3.98642323e+00 
 7.20116413e-03  1.89149644e+00  7.19839197e-03  3.69429789e+00 
 7.21116413e-03  1.70850443e+00  7.20839197e-03  3.40769152e+00 
 7.22116413e-03  1.54355163e+00  7.21839197e-03  3.12796848e+00 
 7.23116413e-03  1.40072300e+00  7.22839197e-03  2.85654381e+00 
 7.24116413e-03  1.28788816e+00  7.23839197e-03  2.59491679e+00 
 7.25116413e-03  1.20578050e+00  7.24839197e-03  2.34474095e+00 
 7.26116413e-03  1.14286462e+00  7.25839197e-03  2.10794730e+00 
 7.27116413e-03  1.08923656e+00  7.26839197e-03  1.88707339e+00 
 7.28116413e-03  1.04241046e+00  7.27839197e-03  1.68601733e+00 
 7.29116413e-03  1.00123709e+00  7.28839197e-03  1.51373444e+00 
 7.30116413e-03  9.64987868e-01  7.29839197e-03  1.38511851e+00 
 7.31116413e-03  9.33578651e-01  7.30839197e-03  1.29806714e+00 
 7.32116413e-03  9.08213730e-01  7.31839197e-03  1.22816243e+00 
 7.33116413e-03  8.92858965e-01  7.32839197e-03  1.16751610e+00 
 7.34116413e-03  8.91901918e-01  7.33839197e-03  1.11427475e+00 
 7.35116413e-03  9.07475204e-01  7.34839197e-03  1.06744784e+00 
 7.36116413e-03  9.39709787e-01  7.35839197e-03  1.02599033e+00 
 7.37116413e-03  9.87848053e-01  7.36839197e-03  9.89276679e-01 
 7.38116413e-03  1.05133420e+00  7.37839197e-03  9.56562453e-01 
 7.39116413e-03  1.12990726e+00  7.38839197e-03  9.27592416e-01 
 7.40116413e-03  1.22330305e+00  7.39839197e-03  9.02468961e-01 
 7.41116413e-03  1.33121006e+00  7.40839197e-03  8.83515094e-01 
 7.42116413e-03  1.45327120e+00  7.41839197e-03  8.76193898e-01 
 7.43116413e-03  1.58908239e+00  7.42839197e-03  8.86320991e-01 
 7.44116413e-03  1.73818673e+00  7.43839197e-03  9.13689903e-01 
 7.45116413e-03  1.90007440e+00  7.44839197e-03  9.58718703e-01 
 7.46116413e-03  2.07418310e+00  7.45839197e-03  1.02018369e+00 
 7.47116413e-03  2.25989863e+00  7.46839197e-03  1.09726770e+00 
 7.48116413e-03  2.45655797e+00  7.47839197e-03  1.18969378e+00 
 7.49116413e-03  2.66344981e+00  7.48839197e-03  1.29718808e+00 
 7.50116413e-03  2.87981916e+00  7.49839197e-03  1.41940675e+00 
 7.51116413e-03  3.10486775e+00  7.50839197e-03  1.55596744e+00 
 7.52116413e-03  3.33775978e+00  7.51839197e-03  1.70643867e+00 
 7.53116413e-03  3.57762212e+00  7.52839197e-03  1.87033837e+00 
 7.54116413e-03  3.82355094e+00  7.53839197e-03  2.04713012e+00 
 7.55116413e-03  4.07461187e+00  7.54839197e-03  2.23622483e+00 
 7.56116413e-03  4.32984720e+00  7.55839197e-03  2.43698148e+00 
 7.57116413e-03  4.58827607e+00  7.56839197e-03  2.64870868e+00 
 7.58116413e-03  4.84890214e+00  7.57839197e-03  2.87066771e+00 
 7.59116413e-03  5.11071372e+00  7.58839197e-03  3.10207372e+00 
 7.60116413e-03  5.37269185e+00  7.59839197e-03  3.34210037e+00 
 7.61116413e-03  5.63381037e+00  7.60839197e-03  3.58988063e+00 
 7.62116413e-03  5.89304426e+00  7.61839197e-03  3.84451257e+00 
 7.63116413e-03  6.14936961e+00  7.62839197e-03  4.10505999e+00 
 7.64116413e-03  6.40177214e+00  7.63839197e-03  4.37055897e+00 
 7.65116413e-03  6.64924705e+00  7.64839197e-03  4.64001839e+00 
 7.66116413e-03  6.89080755e+00  7.65839197e-03  4.91242717e+00 
 7.67116413e-03  7.12548457e+00  7.66839197e-03  5.18675466e+00 
 7.68116413e-03  7.35233525e+00  7.67839197e-03  5.46195836e+00 
 7.69116413e-03  7.57044242e+00  7.68839197e-03  5.73698426e+00 
 7.70116413e-03  7.77892294e+00  7.69839197e-03  6.01077492e+00 
 7.71116413e-03  7.97692688e+00  7.70839197e-03  6.28226970e+00 
 7.72116413e-03  8.16364571e+00  7.71839197e-03  6.55041312e+00 
 7.73116413e-03  8.33831107e+00  7.72839197e-03  6.81415493e+00 
 7.74116413e-03  8.50020267e+00  7.73839197e-03  7.07245865e+00 
 7.75116413e-03  8.64864670e+00  7.74839197e-03  7.32430149e+00 
 7.76116413e-03  8.78302335e+00  7.75839197e-03  7.56868287e+00 
 7.77116413e-03  8.90276481e+00  7.76839197e-03  7.80462417e+00 
 7.78116413e-03  9.00736229e+00  7.77839197e-03  8.03117724e+00 
 7.79116413e-03  9.09636361e+00  7.78839197e-03  8.24742383e+00 
 7.80116413e-03  9.16937975e+00  7.79839197e-03  8.45248395e+00 
 7.81116413e-03  9.22608191e+00  7.80839197e-03  8.64551504e+00 
 7.82116413e-03  9.26620758e+00  7.81839197e-03  8.82572009e+00 
 7.83116413e-03  9.28955705e+00  7.82839197e-03  8.99234641e+00 
 7.84116413e-03  9.29599902e+00  7.83839197e-03  9.14469346e+00 
 7.85116413e-03  9.28546652e+00  7.84839197e-03  9.28211122e+00 
 7.86116413e-03  9.25796203e+00  7.85839197e-03  9.40400766e+00 
 7.87116413e-03  9.21355289e+00  7.86839197e-03  9.50984662e+00 
 7.88116413e-03  9.15237585e+00  7.87839197e-03  9.59915486e+00 
 7.89116413e-03  9.07463202e+00  7.88839197e-03  9.67151945e+00 
 7.90116413e-03  8.98059085e+00  7.89839197e-03  9.72659436e+00 
 7.91116413e-03  8.87058466e+00  7.90839197e-03  9.76409730e+00 
 7.92116413e-03  8.74501202e+00  7.91839197e-03  9.78381585e+00 
 7.93116413e-03  8.60433187e+00  7.92839197e-03  9.78560378e+00 
 7.94116413e-03  8.44906645e+00  7.93839197e-03  9.76938657e+00 
 7.95116413e-03  8.27979488e+00  7.94839197e-03  9.73515734e+00 
 7.96116413e-03  8.09715571e+00  7.95839197e-03  9.68298175e+00 
 7.97116413e-03  7.90184012e+00  7.96839197e-03  9.61299344e+00 
 7.98116413e-03  7.69459398e+00  7.97839197e-03  9.52539841e+00 
 7.99116413e-03  7.47621077e+00  7.98839197e-03  9.42046994e+00 
 8.00116413e-03  7.24753323e+00  7.99839197e-03  9.29855243e+00 
 8.01116413e-03  7.00944603e+00  8.00839197e-03  9.16005584e+00 
 8.02116413e-03  6.76287704e+00  8.01839197e-03  9.00545899e+00 
 8.03116413e-03  6.50878989e+00  8.02839197e-03  8.83530358e+00 
 8.04116413e-03  6.24818488e+00  8.03839197e-03  8.65019691e+00 
 8.05116413e-03  5.98209150e+00  8.04839197e-03  8.45080553e+00 
 8.06116413e-03  5.71156911e+00  8.05839197e-03  8.23785745e+00 
 8.07116413e-03  5.43769955e+00  8.06839197e-03  8.01213545e+00 
 8.08116413e-03  5.16158764e+00  8.07839197e-03  7.77447883e+00 
 8.09116413e-03  4.88435417e+00  8.08839197e-03  7.52577643e+00 
 8.10116413e-03  4.60713634e+00  8.09839197e-03  7.26696795e+00 
 8.11116413e-03  4.33108145e+00  8.10839197e-03  6.99903682e+00 
 8.12116413e-03  4.05734761e+00  8.11839197e-03  6.72301115e+00 
 8.13116413e-03  3.78709880e+00  8.12839197e-03  6.43995657e+00 
 8.14116413e-03  3.52150652e+00  8.13839197e-03  6.15097686e+00 
 8.15116413e-03  3.26174757e+00  8.14839197e-03  5.85720702e+00 
 8.16116413e-03  3.00900837e+00  8.15839197e-03  5.55981363e+00 
 8.17116413e-03  2.76448897e+00  8.16839197e-03  5.25998851e+00 
 8.18116413e-03  2.52941527e+00  8.17839197e-03  4.95894916e+00 
 8.19116413e-03  2.30505991e+00  8.18839197e-03  4.65793338e+00 
 8.20116413e-03  2.09278173e+00  8.19839197e-03  4.35820037e+00 
 8.21116413e-03  1.89410621e+00  8.20839197e-03  4.06102763e+00 
 8.22116413e-03  1.71088459e+00  8.21839197e-03  3.76771385e+00 
 8.23116413e-03  1.54566270e+00  8.22839197e-03  3.47958080e+00 
 8.24116413e-03  1.40248976e+00  8.23839197e-03  3.19798199e+00 
 8.25116413e-03  1.28921233e+00  8.24839197e-03  2.92431724e+00 
 8.26116413e-03  1.20671925e+00  8.25839197e-03  2.66006060e+00 
 8.27116413e-03  1.14366259e+00  8.26839197e-03  2.40681656e+00 
 8.28116413e-03  1.08991071e+00  8.27839197e-03  2.16642865e+00 
 8.29116413e-03  1.04301929e+00  8.28839197e-03  1.94123148e+00 
 8.30116413e-03  1.00175695e+00  8.29839197e-03  1.73465785e+00 
 8.31116413e-03  9.65459953e-01  8.30839197e-03  1.55396662e+00 
 8.32116413e-03  9.33964106e-01  8.31839197e-03  1.41275846e+00 
 8.33116413e-03  9.08511004e-01  8.32839197e-03  1.31792123e+00 
 8.34116413e-03  8.92971038e-01  8.33839197e-03  1.24493650e+00 
 8.35116413e-03  8.91800136e-01  8.34839197e-03  1.18208216e+00 
 8.36116413e-03  9.07139435e-01  8.35839197e-03  1.12714428e+00 
 8.37116413e-03  9.39149783e-01  8.36839197e-03  1.07872791e+00 
 8.38116413e-03  9.87072423e-01  8.37839197e-03  1.03604508e+00 
 8.39116413e-03  1.05034970e+00  8.38839197e-03  9.98138559e-01 
 8.40116413e-03  1.12871584e+00  8.39839197e-03  9.64514895e-01 
 8.41116413e-03  1.22190969e+00  8.40839197e-03  9.34558076e-01 
 8.42116413e-03  1.32961876e+00  8.41839197e-03  9.08420675e-01 
 8.43116413e-03  1.45148760e+00  8.42839197e-03  8.87452262e-01 
 8.44116413e-03  1.58711224e+00  8.43839197e-03  8.76618183e-01 
 8.45116413e-03  1.73603676e+00  8.44839197e-03  8.82061146e-01 
 8.46116413e-03  1.89775211e+00  8.45839197e-03  9.05598475e-01 
 8.47116413e-03  2.07169644e+00  8.46839197e-03  9.46013854e-01 
 8.48116413e-03  2.25725668e+00  8.47839197e-03  1.00326629e+00 
 8.49116413e-03  2.45376991e+00  8.48839197e-03  1.07642810e+00 
 8.50116413e-03  2.66052614e+00  8.49839197e-03  1.16500399e+00 
 8.51116413e-03  2.87677019e+00  8.50839197e-03  1.26871191e+00 
 8.52116413e-03  3.10170525e+00  8.51839197e-03  1.38723543e+00 
 8.53116413e-03  3.33449502e+00  8.52839197e-03  1.52020033e+00 
 8.54116413e-03  3.57426793e+00  8.53839197e-03  1.66719001e+00 
 8.55116413e-03  3.82011944e+00  8.54839197e-03  1.82773438e+00 
 8.56116413e-03  4.07111672e+00  8.55839197e-03  2.00131113e+00 
 8.57116413e-03  4.32630116e+00  8.56839197e-03  2.18734471e+00 
 8.58116413e-03  4.58469344e+00  8.57839197e-03  2.38520637e+00 
 8.59116413e-03  4.84529611e+00  8.58839197e-03  2.59421844e+00 
 8.60116413e-03  5.10709899e+00  8.59839197e-03  2.81365248e+00 
 8.61116413e-03  5.36908184e+00  8.60839197e-03  3.04273687e+00 
 8.62116413e-03  5.63021995e+00  8.61839197e-03  3.28065350e+00 
 8.63116413e-03  5.88948685e+00  8.62839197e-03  3.52654759e+00 
 8.64116413e-03  6.14586000e+00  8.63839197e-03  3.77952336e+00 
 8.65116413e-03  6.39832353e+00  8.64839197e-03  4.03865554e+00 
 8.66116413e-03  6.64587391e+00  8.65839197e-03  4.30298421e+00 
 8.67116413e-03  6.88752263e+00  8.66839197e-03  4.57152763e+00 
 8.68116413e-03  7.12230181e+00  8.67839197e-03  4.84327652e+00 
 8.69116413e-03  7.34926673e+00  8.68839197e-03  5.11720785e+00 
 8.70116413e-03  7.56750131e+00  8.69839197e-03  5.39227867e+00 
 8.71116413e-03  7.77612042e+00  8.70839197e-03  5.66744070e+00 
 8.72116413e-03  7.97427517e+00  8.71839197e-03  5.94163377e+00 
 8.73116413e-03  8.16115490e+00  8.72839197e-03  6.21380097e+00 
 8.74116413e-03  8.33599219e+00  8.73839197e-03  6.48288182e+00 
 8.75116413e-03  8.49806455e+00  8.74839197e-03  6.74782776e+00 
 8.76116413e-03  8.64669904e+00  8.75839197e-03  7.00759504e+00 
 8.77116413e-03  8.78127355e+00  8.76839197e-03  7.26116049e+00 
 8.78116413e-03  8.90122106e+00  8.77839197e-03  7.50751407e+00 
 8.79116413e-03  9.00603043e+00  8.78839197e-03  7.74567478e+00 
 8.80116413e-03  9.09525021e+00  8.79839197e-03  7.97468285e+00 
 8.81116413e-03  9.16848896e+00  8.80839197e-03  8.19361571e+00 
 8.82116413e-03  9.22541858e+00  8.81839197e-03  8.40157977e+00 
 8.83116413e-03  9.26577409e+00  8.82839197e-03  8.59772630e+00 
 8.84116413e-03  9.28935646e+00  8.83839197e-03  8.78124283e+00 
 8.85116413e-03  9.29603189e+00  8.84839197e-03  8.95136882e+00 
 8.86116413e-03  9.28573406e+00  8.85839197e-03  9.10738660e+00 
 8.87116413e-03  9.25846295e+00  8.86839197e-03  9.24863680e+00 
 8.88116413e-03  9.21428655e+00  8.87839197e-03  9.37450879e+00 
 8.89116413e-03  9.15333912e+00  8.88839197e-03  9.48445576e+00 
 8.90116413e-03  9.07582241e+00  8.89839197e-03  9.57798464e+00 
 8.91116413e-03  8.98200342e+00  8.90839197e-03  9.65467079e+00 
 8.92116413e-03  8.87221510e+00  8.91839197e-03  9.71414738e+00 
 8.93116413e-03  8.74685365e+00  8.92839197e-03  9.75611958e+00 
 8.94116413e-03  8.60637866e+00  8.93839197e-03  9.78035347e+00 
 8.95116413e-03  8.45131001e+00  8.94839197e-03  9.78668969e+00 
 8.96116413e-03  8.28222756e+00  8.95839197e-03  9.77503183e+00 
 8.97116413e-03  8.09976756e+00  8.96839197e-03  9.74535951e+00 
 8.98116413e-03  7.90462196e+00  8.97839197e-03  9.69771638e+00 
 8.99116413e-03  7.69753442e+00  8.98839197e-03  9.63222252e+00 
 9.00116413e-03  7.47929925e+00  8.99839197e-03  9.54906200e+00 
 9.01116413e-03  7.25075709e+00  9.00839197e-03  9.44849477e+00 
 9.02116413e-03  7.01279346e+00  9.01839197e-03  9.33084368e+00 
 9.03116413e-03  6.76633428e+00  9.02839197e-03  9.19650579e+00 
 9.04116413e-03  6.51234407e+00  9.03839197e-03  9.04593903e+00 
 9.05116413e-03  6.25182130e+00  9.04839197e-03  8.87967288e+00 
 9.06116413e-03  5.98579642e+00  9.05839197e-03  8.69829466e+00 
 9.07116413e-03  5.71532708e+00  9.06839197e-03  8.50245961e+00 
 9.08116413e-03  5.44149612e+00  9.07839197e-03  8.29287690e+00 
 9.09116413e-03  5.16540684e+00  9.08839197e-03  8.07031909e+00 
 9.10116413e-03  4.88818101e+00  9.09839197e-03  7.83560800e+00 
 9.11116413e-03  4.61095449e+00  9.10839197e-03  7.58962353e+00 
 9.12116413e-03  4.33487554e+00  9.11839197e-03  7.33328943e+00 
 9.13116413e-03  4.06110113e+00  9.12839197e-03  7.06758160e+00 
 9.14116413e-03  3.79079610e+00  9.13839197e-03  6.79351389e+00 
 9.15116413e-03  3.52513102e+00  9.14839197e-03  6.51214584e+00 
 9.16116413e-03  3.26528331e+00  9.15839197e-03  6.22456879e+00 
 9.17116413e-03  3.01243869e+00  9.16839197e-03  5.93191305e+00 
 9.18116413e-03  2.76779733e+00  9.17839197e-03  5.63533462e+00 
 9.19116413e-03  2.53258452e+00  9.18839197e-03  5.33602188e+00 
 9.20116413e-03  2.30807190e+00  9.19839197e-03  5.03518343e+00 
 9.21116413e-03  2.09561728e+00  9.20839197e-03  4.73405452e+00 
 9.22116413e-03  1.89674188e+00  9.21839197e-03  4.43388675e+00 
 9.23116413e-03  1.71329267e+00  9.22839197e-03  4.13595492e+00 
 9.24116413e-03  1.54779860e+00  9.23839197e-03  3.84155037e+00 
 9.25116413e-03  1.40428501e+00  9.24839197e-03  3.55198985e+00 
 9.26116413e-03  1.29054746e+00  9.25839197e-03  3.26861669e+00 
 9.27116413e-03  1.20768193e+00  9.26839197e-03  2.99281741e+00 
 9.28116413e-03  1.14445231e+00  9.27839197e-03  2.72604347e+00 
 9.29116413e-03  1.09060784e+00  9.28839197e-03  2.46985762e+00 
 9.30116413e-03  1.04361744e+00  9.29839197e-03  2.22602899e+00 
 9.31116413e-03  1.00229752e+00  9.30839197e-03  1.99672639e+00 
 9.32116413e-03  9.65920719e-01  9.31839197e-03  1.78501240e+00 
 9.33116413e-03  9.34369015e-01  9.32839197e-03  1.59684639e+00 
 9.34116413e-03  9.08799476e-01  9.33839197e-03  1.44380484e+00 
 9.35116413e-03  8.93097929e-01  9.34839197e-03  1.33890740e+00 
 9.36116413e-03  8.91704529e-01  9.35839197e-03  1.26234708e+00 
 9.37116413e-03  9.06811976e-01  9.36839197e-03  1.19718552e+00 
 9.38116413e-03  9.38595943e-01  9.37839197e-03  1.14043478e+00 
 9.39116413e-03  9.86304759e-01  9.38839197e-03  1.09040211e+00 
 9.40116413e-03  1.04937152e+00  9.39839197e-03  1.04640449e+00 
 9.41116413e-03  1.12753156e+00  9.40839197e-03  1.00729662e+00 
 9.42116413e-03  1.22052249e+00  9.41839197e-03  9.72696435e-01 
 9.43116413e-03  1.32803379e+00  9.42839197e-03  9.41781310e-01 
 9.44116413e-03  1.44970976e+00  9.43839197e-03  9.14679371e-01 
 9.45116413e-03  1.58514762e+00  9.44839197e-03  8.92047059e-01 
 9.46116413e-03  1.73389200e+00  9.45839197e-03  8.78079500e-01 
 9.47116413e-03  1.89543451e+00  9.46839197e-03  8.78566944e-01 
 9.48116413e-03  2.06921428e+00  9.47839197e-03  8.97922479e-01 
 9.49116413e-03  2.25461854e+00  9.48839197e-03  9.34044976e-01 
 9.50116413e-03  2.45098554e+00  9.49839197e-03  9.87177894e-01 
 9.51116413e-03  2.65760535e+00  9.50839197e-03  1.05638392e+00 
 9.52116413e-03  2.87372405e+00  9.51839197e-03  1.14108762e+00 
 9.53116413e-03  3.09854463e+00  9.52839197e-03  1.24099639e+00 
 9.54116413e-03  3.33123216e+00  9.53839197e-03  1.35580928e+00 
 9.55116413e-03  3.57091462e+00  9.54839197e-03  1.48516120e+00 
 9.56116413e-03  3.81668885e+00  9.55839197e-03  1.62864916e+00 
 9.57116413e-03  4.06762141e+00  9.56839197e-03  1.78581542e+00 
 9.58116413e-03  4.32275504e+00  9.57839197e-03  1.95615169e+00 
 9.59116413e-03  4.58110961e+00  9.58839197e-03  2.13909563e+00 
 9.60116413e-03  4.84168900e+00  9.59839197e-03  2.33403149e+00 
 9.61116413e-03  5.10348204e+00  9.60839197e-03  2.54029448e+00 
 9.62116413e-03  5.36546977e+00  9.61839197e-03  2.75716773e+00 
 9.63116413e-03  5.62662631e+00  9.62839197e-03  2.98389160e+00 
 9.64116413e-03  5.88592640e+00  9.63839197e-03  3.21965786e+00 
 9.65116413e-03  6.14234620e+00  9.64839197e-03  3.46362250e+00 
 9.66116413e-03  6.39487095e+00  9.65839197e-03  3.71489781e+00 
 9.67116413e-03  6.64249568e+00  9.66839197e-03  3.97256775e+00 
 9.68116413e-03  6.88423289e+00  9.67839197e-03  4.23567856e+00 
 9.69116413e-03  7.11911314e+00  9.68839197e-03  4.50325599e+00 
 9.70116413e-03  7.34619260e+00  9.69839197e-03  4.77429490e+00 
 9.71116413e-03  7.56455353e+00  9.70839197e-03  5.04777788e+00 
 9.72116413e-03  7.77331161e+00  9.71839197e-03  5.32266399e+00 
 9.73116413e-03  7.97161614e+00  9.72839197e-03  5.59790857e+00 
 9.74116413e-03  8.15865719e+00  9.73839197e-03  5.87245130e+00 
 9.75116413e-03  8.33366545e+00  9.74839197e-03  6.14523682e+00 
 9.76116413e-03  8.49591906e+00  9.75839197e-03  6.41520229e+00 
 9.77116413e-03  8.64474309e+00  9.76839197e-03  6.68129859e+00 
 9.78116413e-03  8.77951602e+00  9.77839197e-03  6.94247741e+00 
 9.79116413e-03  8.89966873e+00  9.78839197e-03  7.19771292e+00 
 9.80116413e-03  9.00469060e+00  9.79839197e-03  7.44598835e+00 
 9.81116413e-03  9.09412804e+00  9.80839197e-03  7.68631797e+00 
 9.82116413e-03  9.16759009e+00  9.81839197e-03  7.91773320e+00 
 9.83116413e-03  9.22474644e+00  9.82839197e-03  8.13930473e+00 
 9.84116413e-03  9.26533255e+00  9.83839197e-03  8.35012819e+00 
 9.85116413e-03  9.28914715e+00  9.84839197e-03  8.54934625e+00 
 9.86116413e-03  9.29605686e+00  9.85839197e-03  8.73613380e+00 
 9.87116413e-03  9.28599311e+00  9.86839197e-03  8.90971995e+00 
 9.88116413e-03  9.25895627e+00  9.87839197e-03  9.06937277e+00 
 9.89116413e-03  9.21501208e+00  9.88839197e-03  9.21442097e+00 
 9.90116413e-03  9.15429520e+00  9.89839197e-03  9.34423819e+00 
 9.91116413e-03  9.07700515e+00  9.90839197e-03  9.45826439e+00 
 9.92116413e-03  8.98340933e+00  9.91839197e-03  9.55598952e+00 
 9.93116413e-03  8.87383850e+00  9.92839197e-03  9.63697459e+00 
 9.94116413e-03  8.74868927e+00  9.93839197e-03  9.70083481e+00 
 9.95116413e-03  8.60841910e+00  9.94839197e-03  9.74726018e+00 
 9.96116413e-03  8.45354832e+00  9.95839197e-03  9.77599806e+00 
 9.97116413e-03  8.28465470e+00  9.96839197e-03  9.78687330e+00 
 9.98116413e-03  8.10237500e+00  9.97839197e-03  9.77977035e+00 
 9.99116413e-03  7.90739915e+00  9.98839197e-03  9.75465271e+00 
 1.00000000e-02  7.72513712e+00  9.99839197e-03  9.71154466e+00 
                                 1.00000000e-02  9.70293914e+00 
