 1.00000000e+01  2.30626603e+01 
 1.12201845e+01  2.33312616e+01 
 1.25892541e+01  2.35571175e+01 
 1.41253754e+01  2.37452792e+01 
 1.58489319e+01  2.39007727e+01 
 1.77827941e+01  2.40283768e+01 
 1.99526231e+01  2.41324759e+01 
 2.23872114e+01  2.42169794e+01 
 2.51188643e+01  2.42852939e+01 
 2.81838293e+01  2.43403338e+01 
 3.16227766e+01  2.43845559e+01 
 3.54813389e+01  2.44200062e+01 
 3.98107171e+01  2.44483730e+01 
 4.46683592e+01  2.44710382e+01 
 5.01187234e+01  2.44891265e+01 
 5.62341325e+01  2.45035484e+01 
 6.30957344e+01  2.45150383e+01 
 7.07945784e+01  2.45241867e+01 
 7.94328235e+01  2.45314673e+01 
 8.91250938e+01  2.45372592e+01 
 1.00000000e+02  2.45418654e+01 
 1.12201845e+02  2.45455277e+01 
 1.25892541e+02  2.45484390e+01 
 1.41253754e+02  2.45507528e+01 
 1.58489319e+02  2.45525917e+01 
 1.77827941e+02  2.45540529e+01 
 1.99526231e+02  2.45552139e+01 
 2.23872114e+02  2.45561363e+01 
 2.51188643e+02  2.45568691e+01 
 2.81838293e+02  2.45574512e+01 
 3.16227766e+02  2.45579137e+01 
 3.54813389e+02  2.45582810e+01 
 3.98107171e+02  2.45585727e+01 
 4.46683592e+02  2.45588044e+01 
 5.01187234e+02  2.45589883e+01 
 5.62341325e+02  2.45591342e+01 
 6.30957344e+02  2.45592500e+01 
 7.07945784e+02  2.45593418e+01 
 7.94328235e+02  2.45594144e+01 
 8.91250938e+02  2.45594718e+01 
 1.00000000e+03  2.45595169e+01 
 1.12201845e+03  2.45595523e+01 
 1.25892541e+03  2.45595797e+01 
 1.41253754e+03  2.45596007e+01 
 1.58489319e+03  2.45596163e+01 
 1.77827941e+03  2.45596274e+01 
 1.99526231e+03  2.45596346e+01 
 2.23872114e+03  2.45596383e+01 
 2.51188643e+03  2.45596386e+01 
 2.81838293e+03  2.45596355e+01 
 3.16227766e+03  2.45596290e+01 
 3.54813389e+03  2.45596186e+01 
 3.98107171e+03  2.45596039e+01 
 4.46683592e+03  2.45595840e+01 
 5.01187234e+03  2.45595578e+01 
 5.62341325e+03  2.45595240e+01 
 6.30957344e+03  2.45594808e+01 
 7.07945784e+03  2.45594259e+01 
 7.94328235e+03  2.45593563e+01 
 8.91250938e+03  2.45592683e+01 
 1.00000000e+04  2.45591573e+01 
 1.12201845e+04  2.45590173e+01 
 1.25892541e+04  2.45588410e+01 
 1.41253754e+04  2.45586188e+01 
 1.58489319e+04  2.45583391e+01 
 1.77827941e+04  2.45579868e+01 
 1.99526231e+04  2.45575433e+01 
 2.23872114e+04  2.45569850e+01 
 2.51188643e+04  2.45562822e+01 
 2.81838293e+04  2.45553975e+01 
 3.16227766e+04  2.45542840e+01 
 3.54813389e+04  2.45528825e+01 
 3.98107171e+04  2.45511188e+01 
 4.46683592e+04  2.45488994e+01 
 5.01187234e+04  2.45461070e+01 
 5.62341325e+04  2.45425940e+01 
 6.30957344e+04  2.45381755e+01 
 7.07945784e+04  2.45326192e+01 
 7.94328235e+04  2.45256341e+01 
 8.91250938e+04  2.45168563e+01 
 1.00000000e+05  2.45058306e+01 
 1.12201845e+05  2.44919894e+01 
 1.25892541e+05  2.44746262e+01 
 1.41253754e+05  2.44528646e+01 
 1.58489319e+05  2.44256209e+01 
 1.77827941e+05  2.43915620e+01 
 1.99526231e+05  2.43490571e+01 
 2.23872114e+05  2.42961256e+01 
 2.51188643e+05  2.42303841e+01 
 2.81838293e+05  2.41489968e+01 
 3.16227766e+05  2.40486366e+01 
 3.54813389e+05  2.39254679e+01 
 3.98107171e+05  2.37751639e+01 
 4.46683592e+05  2.35929733e+01 
 5.01187234e+05  2.33738516e+01 
 5.62341325e+05  2.31126646e+01 
 6.30957344e+05  2.28044627e+01 
 7.07945784e+05  2.24448079e+01 
 7.94328235e+05  2.20301151e+01 
 8.91250938e+05  2.15579565e+01 
 1.00000000e+06  2.10272732e+01 
 1.12201845e+06  2.04384490e+01 
 1.25892541e+06  1.97932294e+01 
 1.41253754e+06  1.90944973e+01 
 1.58489319e+06  1.83459489e+01 
 1.77827941e+06  1.75517222e+01 
 1.99526231e+06  1.67160311e+01 
 2.23872114e+06  1.58428448e+01 
 2.51188643e+06  1.49356301e+01 
 2.81838293e+06  1.39971638e+01 
 3.16227766e+06  1.30294058e+01 
 3.54813389e+06  1.20334227e+01 
 3.98107171e+06  1.10093510e+01 
 4.46683592e+06  9.95639331e+00 
 5.01187234e+06  8.87284574e+00 
 5.62341325e+06  7.75616323e+00 
 6.30957344e+06  6.60307151e+00 
 7.07945784e+06  5.40973800e+00 
 7.94328235e+06  4.17201030e+00 
 8.91250938e+06  2.88572198e+00 
 1.00000000e+07  1.54705044e+00 
