 1.00000000e+01 -3.74782044e-01 
 1.12201845e+01 -3.67709940e-01 
 1.25892541e+01 -3.62084425e-01 
 1.41253754e+01 -3.57610895e-01 
 1.58489319e+01 -3.54054267e-01 
 1.77827941e+01 -3.51227129e-01 
 1.99526231e+01 -3.48980186e-01 
 2.23872114e+01 -3.47194574e-01 
 2.51188643e+01 -3.45775706e-01 
 2.81838293e+01 -3.44648340e-01 
 3.16227766e+01 -3.43752639e-01 
 3.54813389e+01 -3.43041032e-01 
 3.98107171e+01 -3.42475701e-01 
 4.46683592e+01 -3.42026593e-01 
 5.01187234e+01 -3.41669821e-01 
 5.62341325e+01 -3.41386408e-01 
 6.30957344e+01 -3.41161271e-01 
 7.07945784e+01 -3.40982431e-01 
 7.94328235e+01 -3.40840368e-01 
 8.91250938e+01 -3.40727520e-01 
 1.00000000e+02 -3.40637880e-01 
 1.12201845e+02 -3.40566675e-01 
 1.25892541e+02 -3.40510114e-01 
 1.41253754e+02 -3.40465185e-01 
 1.58489319e+02 -3.40429497e-01 
 1.77827941e+02 -3.40401148e-01 
 1.99526231e+02 -3.40378630e-01 
 2.23872114e+02 -3.40360743e-01 
 2.51188643e+02 -3.40346535e-01 
 2.81838293e+02 -3.40335249e-01 
 3.16227766e+02 -3.40326284e-01 
 3.54813389e+02 -3.40319163e-01 
 3.98107171e+02 -3.40313506e-01 
 4.46683592e+02 -3.40309012e-01 
 5.01187234e+02 -3.40305442e-01 
 5.62341325e+02 -3.40302606e-01 
 6.30957344e+02 -3.40300353e-01 
 7.07945784e+02 -3.40298563e-01 
 7.94328235e+02 -3.40297140e-01 
 8.91250938e+02 -3.40296009e-01 
 1.00000000e+03 -3.40295110e-01 
 1.12201845e+03 -3.40294394e-01 
 1.25892541e+03 -3.40293824e-01 
 1.41253754e+03 -3.40293368e-01 
 1.58489319e+03 -3.40293004e-01 
 1.77827941e+03 -3.40292711e-01 
 1.99526231e+03 -3.40292474e-01 
 2.23872114e+03 -3.40292280e-01 
 2.51188643e+03 -3.40292118e-01 
 2.81838293e+03 -3.40291982e-01 
 3.16227766e+03 -3.40291862e-01 
 3.54813389e+03 -3.40291753e-01 
 3.98107171e+03 -3.40291648e-01 
 4.46683592e+03 -3.40291543e-01 
 5.01187234e+03 -3.40291432e-01 
 5.62341325e+03 -3.40291308e-01 
 6.30957344e+03 -3.40291165e-01 
 7.07945784e+03 -3.40290996e-01 
 7.94328235e+03 -3.40290791e-01 
 8.91250938e+03 -3.40290540e-01 
 1.00000000e+04 -3.40290229e-01 
 1.12201845e+04 -3.40289842e-01 
 1.25892541e+04 -3.40289358e-01 
 1.41253754e+04 -3.40288751e-01 
 1.58489319e+04 -3.40287989e-01 
 1.77827941e+04 -3.40287032e-01 
 1.99526231e+04 -3.40285828e-01 
 2.23872114e+04 -3.40284313e-01 
 2.51188643e+04 -3.40282407e-01 
 2.81838293e+04 -3.40280008e-01 
 3.16227766e+04 -3.40276989e-01 
 3.54813389e+04 -3.40273188e-01 
 3.98107171e+04 -3.40268403e-01 
 4.46683592e+04 -3.40262379e-01 
 5.01187234e+04 -3.40254796e-01 
 5.62341325e+04 -3.40245250e-01 
 6.30957344e+04 -3.40233233e-01 
 7.07945784e+04 -3.40218103e-01 
 7.94328235e+04 -3.40199056e-01 
 8.91250938e+04 -3.40175078e-01 
 1.00000000e+05 -3.40144891e-01 
 1.12201845e+05 -3.40106888e-01 
 1.25892541e+05 -3.40059045e-01 
 1.41253754e+05 -3.39998813e-01 
 1.58489319e+05 -3.39922987e-01 
 1.77827941e+05 -3.39827526e-01 
 1.99526231e+05 -3.39707347e-01 
 2.23872114e+05 -3.39556050e-01 
 2.51188643e+05 -3.39365577e-01 
 2.81838293e+05 -3.39125783e-01 
 3.16227766e+05 -3.38823896e-01 
 3.54813389e+05 -3.38443835e-01 
 3.98107171e+05 -3.37965357e-01 
 4.46683592e+05 -3.37362972e-01 
 5.01187234e+05 -3.36604588e-01 
 5.62341325e+05 -3.35649797e-01 
 6.30957344e+05 -3.34447719e-01 
 7.07945784e+05 -3.32934286e-01 
 7.94328235e+05 -3.31028820e-01 
 8.91250938e+05 -3.28629716e-01 
 1.00000000e+06 -3.25609001e-01 
 1.12201845e+06 -3.21805481e-01 
 1.25892541e+06 -3.17016080e-01 
 1.41253754e+06 -3.10984915e-01 
 1.58489319e+06 -3.03389490e-01 
 1.77827941e+06 -2.93823249e-01 
 1.99526231e+06 -2.81773480e-01 
 2.23872114e+06 -2.66593327e-01 
 2.51188643e+06 -2.47466261e-01 
 2.81838293e+06 -2.23360923e-01 
 3.16227766e+06 -1.92973586e-01 
 3.54813389e+06 -1.54654732e-01 
 3.98107171e+06 -1.06315107e-01 
 4.46683592e+06 -4.53053508e-02 
 5.01187234e+06  3.17383433e-02 
 5.62341325e+06  1.29091759e-01 
 6.30957344e+06  2.52193611e-01 
 7.07945784e+06  4.07958408e-01 
 7.94328235e+06  6.05149145e-01 
 8.91250938e+06  8.54771713e-01 
 1.00000000e+07  1.17034509e+00 
 1.12201845e+07  1.56759048e+00 
 1.25892541e+07  2.06219218e+00 
 1.41253754e+07  2.66176091e+00 
 1.58489319e+07  3.34148499e+00 
 1.77827941e+07  3.98060778e+00 
 1.99526231e+07  4.25080849e+00 
 2.23872114e+07  3.63758114e+00 
 2.51188643e+07  1.93131095e+00 
 2.81838293e+07 -4.74568464e-01 
 3.16227766e+07 -3.09713236e+00 
 3.54813389e+07 -5.68794151e+00 
 3.98107171e+07 -8.16396375e+00 
 4.46683592e+07 -1.05070947e+01 
 5.01187234e+07 -1.27163495e+01 
 5.62341325e+07 -1.47895299e+01 
 6.30957344e+07 -1.67162356e+01 
 7.07945784e+07 -1.84753656e+01 
 7.94328235e+07 -2.00357796e+01 
 8.91250938e+07 -2.13610572e+01 
 1.00000000e+08 -2.24190207e+01 
