                          diode1.cir    ;voltage drive
                          DC transfer characteristic  Tue Aug 18 14:36:51  2020
--------------------------------------------------------------------------------
Index   v-sweep         out             v-sweep         
--------------------------------------------------------------------------------
0	-8.00000e-01	-8.10000e-13	-8.00000e-01	
1	-7.96000e-01	-8.06000e-13	-7.96000e-01	
2	-7.92000e-01	-8.02000e-13	-7.92000e-01	
3	-7.88000e-01	-7.98000e-13	-7.88000e-01	
4	-7.84000e-01	-7.94000e-13	-7.84000e-01	
5	-7.80000e-01	-7.90000e-13	-7.80000e-01	
6	-7.76000e-01	-7.86000e-13	-7.76000e-01	
7	-7.72000e-01	-7.81999e-13	-7.72000e-01	
8	-7.68000e-01	-7.77999e-13	-7.68000e-01	
9	-7.64000e-01	-7.73999e-13	-7.64000e-01	
10	-7.60000e-01	-7.69999e-13	-7.60000e-01	
11	-7.56000e-01	-7.65999e-13	-7.56000e-01	
12	-7.52000e-01	-7.61999e-13	-7.52000e-01	
13	-7.48000e-01	-7.57999e-13	-7.48000e-01	
14	-7.44000e-01	-7.53999e-13	-7.44000e-01	
15	-7.40000e-01	-7.49999e-13	-7.40000e-01	
16	-7.36000e-01	-7.45999e-13	-7.36000e-01	
17	-7.32000e-01	-7.41999e-13	-7.32000e-01	
18	-7.28000e-01	-7.37999e-13	-7.28000e-01	
19	-7.24000e-01	-7.33999e-13	-7.24000e-01	
20	-7.20000e-01	-7.29999e-13	-7.20000e-01	
21	-7.16000e-01	-7.25999e-13	-7.16000e-01	
22	-7.12000e-01	-7.21999e-13	-7.12000e-01	
23	-7.08000e-01	-7.17999e-13	-7.08000e-01	
24	-7.04000e-01	-7.13999e-13	-7.04000e-01	
25	-7.00000e-01	-7.09999e-13	-7.00000e-01	
26	-6.96000e-01	-7.05999e-13	-6.96000e-01	
27	-6.92000e-01	-7.01999e-13	-6.92000e-01	
28	-6.88000e-01	-6.97999e-13	-6.88000e-01	
29	-6.84000e-01	-6.93999e-13	-6.84000e-01	
30	-6.80000e-01	-6.89999e-13	-6.80000e-01	
31	-6.76000e-01	-6.85999e-13	-6.76000e-01	
32	-6.72000e-01	-6.81999e-13	-6.72000e-01	
33	-6.68000e-01	-6.77999e-13	-6.68000e-01	
34	-6.64000e-01	-6.73999e-13	-6.64000e-01	
35	-6.60000e-01	-6.69999e-13	-6.60000e-01	
36	-6.56000e-01	-6.65999e-13	-6.56000e-01	
37	-6.52000e-01	-6.61999e-13	-6.52000e-01	
38	-6.48000e-01	-6.57999e-13	-6.48000e-01	
39	-6.44000e-01	-6.53999e-13	-6.44000e-01	
40	-6.40000e-01	-6.49999e-13	-6.40000e-01	
41	-6.36000e-01	-6.45999e-13	-6.36000e-01	
42	-6.32000e-01	-6.41999e-13	-6.32000e-01	
43	-6.28000e-01	-6.37999e-13	-6.28000e-01	
44	-6.24000e-01	-6.33999e-13	-6.24000e-01	
45	-6.20000e-01	-6.29999e-13	-6.20000e-01	
46	-6.16000e-01	-6.25999e-13	-6.16000e-01	
47	-6.12000e-01	-6.21999e-13	-6.12000e-01	
48	-6.08000e-01	-6.17999e-13	-6.08000e-01	
49	-6.04000e-01	-6.13999e-13	-6.04000e-01	
50	-6.00000e-01	-6.09999e-13	-6.00000e-01	
51	-5.96000e-01	-6.05999e-13	-5.96000e-01	
52	-5.92000e-01	-6.01999e-13	-5.92000e-01	
53	-5.88000e-01	-5.97999e-13	-5.88000e-01	
54	-5.84000e-01	-5.93999e-13	-5.84000e-01	

Index   v-sweep         out             v-sweep         
--------------------------------------------------------------------------------
55	-5.80000e-01	-5.89999e-13	-5.80000e-01	
56	-5.76000e-01	-5.85999e-13	-5.76000e-01	
57	-5.72000e-01	-5.81999e-13	-5.72000e-01	
58	-5.68000e-01	-5.77999e-13	-5.68000e-01	
59	-5.64000e-01	-5.73999e-13	-5.64000e-01	
60	-5.60000e-01	-5.69999e-13	-5.60000e-01	
61	-5.56000e-01	-5.65999e-13	-5.56000e-01	
62	-5.52000e-01	-5.61999e-13	-5.52000e-01	
63	-5.48000e-01	-5.57999e-13	-5.48000e-01	
64	-5.44000e-01	-5.53999e-13	-5.44000e-01	
65	-5.40000e-01	-5.49999e-13	-5.40000e-01	
66	-5.36000e-01	-5.45998e-13	-5.36000e-01	
67	-5.32000e-01	-5.41998e-13	-5.32000e-01	
68	-5.28000e-01	-5.37998e-13	-5.28000e-01	
69	-5.24000e-01	-5.33998e-13	-5.24000e-01	
70	-5.20000e-01	-5.29998e-13	-5.20000e-01	
71	-5.16000e-01	-5.25998e-13	-5.16000e-01	
72	-5.12000e-01	-5.21998e-13	-5.12000e-01	
73	-5.08000e-01	-5.17998e-13	-5.08000e-01	
74	-5.04000e-01	-5.13998e-13	-5.04000e-01	
75	-5.00000e-01	-5.09998e-13	-5.00000e-01	
76	-4.96000e-01	-5.05998e-13	-4.96000e-01	
77	-4.92000e-01	-5.01998e-13	-4.92000e-01	
78	-4.88000e-01	-4.97998e-13	-4.88000e-01	
79	-4.84000e-01	-4.93998e-13	-4.84000e-01	
80	-4.80000e-01	-4.89998e-13	-4.80000e-01	
81	-4.76000e-01	-4.85998e-13	-4.76000e-01	
82	-4.72000e-01	-4.81998e-13	-4.72000e-01	
83	-4.68000e-01	-4.77998e-13	-4.68000e-01	
84	-4.64000e-01	-4.73998e-13	-4.64000e-01	
85	-4.60000e-01	-4.69998e-13	-4.60000e-01	
86	-4.56000e-01	-4.65998e-13	-4.56000e-01	
87	-4.52000e-01	-4.61997e-13	-4.52000e-01	
88	-4.48000e-01	-4.57997e-13	-4.48000e-01	
89	-4.44000e-01	-4.53997e-13	-4.44000e-01	
90	-4.40000e-01	-4.49997e-13	-4.40000e-01	
91	-4.36000e-01	-4.45997e-13	-4.36000e-01	
92	-4.32000e-01	-4.41997e-13	-4.32000e-01	
93	-4.28000e-01	-4.37997e-13	-4.28000e-01	
94	-4.24000e-01	-4.33997e-13	-4.24000e-01	
95	-4.20000e-01	-4.29997e-13	-4.20000e-01	
96	-4.16000e-01	-4.25997e-13	-4.16000e-01	
97	-4.12000e-01	-4.21997e-13	-4.12000e-01	
98	-4.08000e-01	-4.17997e-13	-4.08000e-01	
99	-4.04000e-01	-4.13996e-13	-4.04000e-01	
100	-4.00000e-01	-4.09996e-13	-4.00000e-01	
101	-3.96000e-01	-4.05996e-13	-3.96000e-01	
102	-3.92000e-01	-4.01996e-13	-3.92000e-01	
103	-3.88000e-01	-3.97996e-13	-3.88000e-01	
104	-3.84000e-01	-3.93996e-13	-3.84000e-01	
105	-3.80000e-01	-3.89996e-13	-3.80000e-01	
106	-3.76000e-01	-3.85996e-13	-3.76000e-01	
107	-3.72000e-01	-3.81995e-13	-3.72000e-01	
108	-3.68000e-01	-3.77995e-13	-3.68000e-01	
109	-3.64000e-01	-3.73995e-13	-3.64000e-01	
110	-3.60000e-01	-3.69995e-13	-3.60000e-01	
111	-3.56000e-01	-3.65995e-13	-3.56000e-01	
112	-3.52000e-01	-3.61995e-13	-3.52000e-01	

Index   v-sweep         out             v-sweep         
--------------------------------------------------------------------------------
113	-3.48000e-01	-3.57994e-13	-3.48000e-01	
114	-3.44000e-01	-3.53994e-13	-3.44000e-01	
115	-3.40000e-01	-3.49994e-13	-3.40000e-01	
116	-3.36000e-01	-3.45994e-13	-3.36000e-01	
117	-3.32000e-01	-3.41994e-13	-3.32000e-01	
118	-3.28000e-01	-3.37993e-13	-3.28000e-01	
119	-3.24000e-01	-3.33993e-13	-3.24000e-01	
120	-3.20000e-01	-3.29993e-13	-3.20000e-01	
121	-3.16000e-01	-3.25993e-13	-3.16000e-01	
122	-3.12000e-01	-3.21992e-13	-3.12000e-01	
123	-3.08000e-01	-3.17992e-13	-3.08000e-01	
124	-3.04000e-01	-3.13992e-13	-3.04000e-01	
125	-3.00000e-01	-3.09991e-13	-3.00000e-01	
126	-2.96000e-01	-3.05991e-13	-2.96000e-01	
127	-2.92000e-01	-3.01991e-13	-2.92000e-01	
128	-2.88000e-01	-2.97990e-13	-2.88000e-01	
129	-2.84000e-01	-2.93990e-13	-2.84000e-01	
130	-2.80000e-01	-2.89989e-13	-2.80000e-01	
131	-2.76000e-01	-2.85989e-13	-2.76000e-01	
132	-2.72000e-01	-2.81988e-13	-2.72000e-01	
133	-2.68000e-01	-2.77988e-13	-2.68000e-01	
134	-2.64000e-01	-2.73987e-13	-2.64000e-01	
135	-2.60000e-01	-2.69987e-13	-2.60000e-01	
136	-2.56000e-01	-2.65986e-13	-2.56000e-01	
137	-2.52000e-01	-2.61985e-13	-2.52000e-01	
138	-2.48000e-01	-2.57985e-13	-2.48000e-01	
139	-2.44000e-01	-2.53984e-13	-2.44000e-01	
140	-2.40000e-01	-2.49983e-13	-2.40000e-01	
141	-2.36000e-01	-2.45982e-13	-2.36000e-01	
142	-2.32000e-01	-2.41981e-13	-2.32000e-01	
143	-2.28000e-01	-2.37980e-13	-2.28000e-01	
144	-2.24000e-01	-2.33979e-13	-2.24000e-01	
145	-2.20000e-01	-2.29978e-13	-2.20000e-01	
146	-2.16000e-01	-2.25977e-13	-2.16000e-01	
147	-2.12000e-01	-2.21976e-13	-2.12000e-01	
148	-2.08000e-01	-2.17974e-13	-2.08000e-01	
149	-2.04000e-01	-2.13973e-13	-2.04000e-01	
150	-2.00000e-01	-2.09971e-13	-2.00000e-01	
151	-1.96000e-01	-2.05969e-13	-1.96000e-01	
152	-1.92000e-01	-2.01967e-13	-1.92000e-01	
153	-1.88000e-01	-1.97965e-13	-1.88000e-01	
154	-1.84000e-01	-1.93963e-13	-1.84000e-01	
155	-1.80000e-01	-1.89960e-13	-1.80000e-01	
156	-1.76000e-01	-1.85957e-13	-1.76000e-01	
157	-1.72000e-01	-1.81954e-13	-1.72000e-01	
158	-1.68000e-01	-1.77951e-13	-1.68000e-01	
159	-1.64000e-01	-1.73947e-13	-1.64000e-01	
160	-1.60000e-01	-1.69943e-13	-1.60000e-01	
161	-1.56000e-01	-1.65939e-13	-1.56000e-01	
162	-1.52000e-01	-1.61934e-13	-1.52000e-01	
163	-1.48000e-01	-1.57928e-13	-1.48000e-01	
164	-1.44000e-01	-1.53922e-13	-1.44000e-01	
165	-1.40000e-01	-1.49915e-13	-1.40000e-01	
166	-1.36000e-01	-1.45908e-13	-1.36000e-01	
167	-1.32000e-01	-1.41899e-13	-1.32000e-01	
168	-1.28000e-01	-1.37889e-13	-1.28000e-01	
169	-1.24000e-01	-1.33878e-13	-1.24000e-01	
170	-1.20000e-01	-1.29865e-13	-1.20000e-01	

Index   v-sweep         out             v-sweep         
--------------------------------------------------------------------------------
171	-1.16000e-01	-1.25851e-13	-1.16000e-01	
172	-1.12000e-01	-1.21834e-13	-1.12000e-01	
173	-1.08000e-01	-1.17815e-13	-1.08000e-01	
174	-1.04000e-01	-1.13793e-13	-1.04000e-01	
175	-1.00000e-01	-1.09767e-13	-1.00000e-01	
176	-9.60000e-02	-1.05737e-13	-9.60000e-02	
177	-9.20000e-02	-1.01701e-13	-9.20000e-02	
178	-8.80000e-02	-9.76587e-14	-8.80000e-02	
179	-8.40000e-02	-9.36076e-14	-8.40000e-02	
180	-8.00000e-02	-8.95457e-14	-8.00000e-02	
181	-7.60000e-02	-8.54705e-14	-7.60000e-02	
182	-7.20000e-02	-8.13819e-14	-7.20000e-02	
183	-6.80000e-02	-7.72785e-14	-6.80000e-02	
184	-6.40000e-02	-7.31579e-14	-6.40000e-02	
185	-6.00000e-02	-6.90170e-14	-6.00000e-02	
186	-5.60000e-02	-6.48526e-14	-5.60000e-02	
187	-5.20000e-02	-6.06607e-14	-5.20000e-02	
188	-4.80000e-02	-5.64367e-14	-4.80000e-02	
189	-4.40000e-02	-5.21753e-14	-4.40000e-02	
190	-4.00000e-02	-4.78701e-14	-4.00000e-02	
191	-3.60000e-02	-4.35138e-14	-3.60000e-02	
192	-3.20000e-02	-3.90980e-14	-3.20000e-02	
193	-2.80000e-02	-3.46127e-14	-2.80000e-02	
194	-2.40000e-02	-3.00462e-14	-2.40000e-02	
195	-2.00000e-02	-2.53849e-14	-2.00000e-02	
196	-1.60000e-02	-2.06130e-14	-1.60000e-02	
197	-1.20000e-02	-1.57120e-14	-1.20000e-02	
198	-8.00000e-03	-1.06604e-14	-8.00000e-03	
199	-4.00000e-03	-5.43285e-15	-4.00000e-03	
200	6.383782e-16	8.848478e-28	6.383782e-16	
201	4.000000e-03	5.672489e-15	4.000000e-03	
202	8.000000e-03	1.162470e-14	8.000000e-03	
203	1.200000e-02	1.790342e-14	1.200000e-02	
204	1.600000e-02	2.456325e-14	1.600000e-02	
205	2.000000e-02	3.166793e-14	2.000000e-02	
206	2.400000e-02	3.929187e-14	2.400000e-02	
207	2.800000e-02	4.752191e-14	2.800000e-02	
208	3.200000e-02	5.645941e-14	3.200000e-02	
209	3.600000e-02	6.622271e-14	3.600000e-02	
210	4.000000e-02	7.694992e-14	4.000000e-02	
211	4.400000e-02	8.880224e-14	4.400000e-02	
212	4.800000e-02	1.019679e-13	4.800000e-02	
213	5.200000e-02	1.166664e-13	5.200000e-02	
214	5.600000e-02	1.331543e-13	5.600000e-02	
215	6.000000e-02	1.517308e-13	6.000000e-02	
216	6.400000e-02	1.727451e-13	6.400000e-02	
217	6.800000e-02	1.966051e-13	6.800000e-02	
218	7.200000e-02	2.237867e-13	7.200000e-02	
219	7.600000e-02	2.548453e-13	7.600000e-02	
220	8.000000e-02	2.904295e-13	8.000000e-02	
221	8.400000e-02	3.312961e-13	8.400000e-02	
222	8.800000e-02	3.783286e-13	8.800000e-02	
223	9.200000e-02	4.325582e-13	9.200000e-02	
224	9.600000e-02	4.951887e-13	9.600000e-02	
225	1.000000e-01	5.676250e-13	1.000000e-01	
226	1.040000e-01	6.515073e-13	1.040000e-01	
227	1.080000e-01	7.487498e-13	1.080000e-01	
228	1.120000e-01	8.615870e-13	1.120000e-01	

Index   v-sweep         out             v-sweep         
--------------------------------------------------------------------------------
229	1.160000e-01	9.926271e-13	1.160000e-01	
230	1.200000e-01	1.144915e-12	1.200000e-01	
231	1.240000e-01	1.322003e-12	1.240000e-01	
232	1.280000e-01	1.528040e-12	1.280000e-01	
233	1.320000e-01	1.767868e-12	1.320000e-01	
234	1.360000e-01	2.047137e-12	1.360000e-01	
235	1.400000e-01	2.372446e-12	1.400000e-01	
236	1.440000e-01	2.751492e-12	1.440000e-01	
237	1.480000e-01	3.193265e-12	1.480000e-01	
238	1.520000e-01	3.708255e-12	1.520000e-01	
239	1.560000e-01	4.308707e-12	1.560000e-01	
240	1.600000e-01	5.008915e-12	1.600000e-01	
241	1.640000e-01	5.825564e-12	1.640000e-01	
242	1.680000e-01	6.778127e-12	1.680000e-01	
243	1.720000e-01	7.889336e-12	1.720000e-01	
244	1.760000e-01	9.185725e-12	1.760000e-01	
245	1.800000e-01	1.069826e-11	1.800000e-01	
246	1.840000e-01	1.246310e-11	1.840000e-01	
247	1.880000e-01	1.452244e-11	1.880000e-01	
248	1.920000e-01	1.692554e-11	1.920000e-01	
249	1.960000e-01	1.972988e-11	1.960000e-01	
250	2.000000e-01	2.300257e-11	2.000000e-01	
251	2.040000e-01	2.682195e-11	2.040000e-01	
252	2.080000e-01	3.127944e-11	2.080000e-01	
253	2.120000e-01	3.648178e-11	2.120000e-01	
254	2.160000e-01	4.255353e-11	2.160000e-01	
255	2.200000e-01	4.964011e-11	2.200000e-01	
256	2.240000e-01	5.791125e-11	2.240000e-01	
257	2.280000e-01	6.756505e-11	2.280000e-01	
258	2.320000e-01	7.883277e-11	2.320000e-01	
259	2.360000e-01	9.198434e-11	2.360000e-01	
260	2.400000e-01	1.073348e-10	2.400000e-01	
261	2.440000e-01	1.252520e-10	2.440000e-01	
262	2.480000e-01	1.461651e-10	2.480000e-01	
263	2.520000e-01	1.705753e-10	2.520000e-01	
264	2.560000e-01	1.990673e-10	2.560000e-01	
265	2.600000e-01	2.323240e-10	2.600000e-01	
266	2.640000e-01	2.711421e-10	2.640000e-01	
267	2.680000e-01	3.164518e-10	2.680000e-01	
268	2.720000e-01	3.693389e-10	2.720000e-01	
269	2.760000e-01	4.310706e-10	2.760000e-01	
270	2.800000e-01	5.031262e-10	2.800000e-01	
271	2.840000e-01	5.872324e-10	2.840000e-01	
272	2.880000e-01	6.854046e-10	2.880000e-01	
273	2.920000e-01	7.999953e-10	2.920000e-01	
274	2.960000e-01	9.337504e-10	2.960000e-01	
275	3.000000e-01	1.089875e-09	3.000000e-01	
276	3.040000e-01	1.272111e-09	3.040000e-01	
277	3.080000e-01	1.484825e-09	3.080000e-01	
278	3.120000e-01	1.733115e-09	3.120000e-01	
279	3.160000e-01	2.022930e-09	3.160000e-01	
280	3.200000e-01	2.361216e-09	3.200000e-01	
281	3.240000e-01	2.756079e-09	3.240000e-01	
282	3.280000e-01	3.216982e-09	3.280000e-01	
283	3.320000e-01	3.754969e-09	3.320000e-01	
284	3.360000e-01	4.382934e-09	3.360000e-01	
285	3.400000e-01	5.115924e-09	3.400000e-01	
286	3.440000e-01	5.971506e-09	3.440000e-01	

Index   v-sweep         out             v-sweep         
--------------------------------------------------------------------------------
287	3.480000e-01	6.970182e-09	3.480000e-01	
288	3.520000e-01	8.135885e-09	3.520000e-01	
289	3.560000e-01	9.496550e-09	3.560000e-01	
290	3.600000e-01	1.108478e-08	3.600000e-01	
291	3.640000e-01	1.293865e-08	3.640000e-01	
292	3.680000e-01	1.510257e-08	3.680000e-01	
293	3.720000e-01	1.762840e-08	3.720000e-01	
294	3.760000e-01	2.057667e-08	3.760000e-01	
295	3.800000e-01	2.401804e-08	3.800000e-01	
296	3.840000e-01	2.803498e-08	3.840000e-01	
297	3.880000e-01	3.272374e-08	3.880000e-01	
298	3.920000e-01	3.819669e-08	3.920000e-01	
299	3.960000e-01	4.458499e-08	3.960000e-01	
300	4.000000e-01	5.204172e-08	4.000000e-01	
301	4.040000e-01	6.074558e-08	4.040000e-01	
302	4.080000e-01	7.090515e-08	4.080000e-01	
303	4.120000e-01	8.276389e-08	4.120000e-01	
304	4.160000e-01	9.660600e-08	4.160000e-01	
305	4.200000e-01	1.127632e-07	4.200000e-01	
306	4.240000e-01	1.316226e-07	4.240000e-01	
307	4.280000e-01	1.536363e-07	4.280000e-01	
308	4.320000e-01	1.793318e-07	4.320000e-01	
309	4.360000e-01	2.093248e-07	4.360000e-01	
310	4.400000e-01	2.443340e-07	4.400000e-01	
311	4.440000e-01	2.851986e-07	4.440000e-01	
312	4.480000e-01	3.328976e-07	4.480000e-01	
313	4.520000e-01	3.885744e-07	4.520000e-01	
314	4.560000e-01	4.535629e-07	4.560000e-01	
315	4.600000e-01	5.294208e-07	4.600000e-01	
316	4.640000e-01	6.179658e-07	4.640000e-01	
317	4.680000e-01	7.213198e-07	4.680000e-01	
318	4.720000e-01	8.419597e-07	4.720000e-01	
319	4.760000e-01	9.827765e-07	4.760000e-01	
320	4.800000e-01	1.147145e-06	4.800000e-01	
321	4.840000e-01	1.339003e-06	4.840000e-01	
322	4.880000e-01	1.562950e-06	4.880000e-01	
323	4.920000e-01	1.824352e-06	4.920000e-01	
324	4.960000e-01	2.129473e-06	4.960000e-01	
325	5.000000e-01	2.485625e-06	5.000000e-01	
326	5.040000e-01	2.901342e-06	5.040000e-01	
327	5.080000e-01	3.386589e-06	5.080000e-01	
328	5.120000e-01	3.952992e-06	5.120000e-01	
329	5.160000e-01	4.614126e-06	5.160000e-01	
330	5.200000e-01	5.385833e-06	5.200000e-01	
331	5.240000e-01	6.286608e-06	5.240000e-01	
332	5.280000e-01	7.338036e-06	5.280000e-01	
333	5.320000e-01	8.565315e-06	5.320000e-01	
334	5.360000e-01	9.997855e-06	5.360000e-01	
335	5.400000e-01	1.166998e-05	5.400000e-01	
336	5.440000e-01	1.362178e-05	5.440000e-01	
337	5.480000e-01	1.590000e-05	5.480000e-01	
338	5.520000e-01	1.855926e-05	5.520000e-01	
339	5.560000e-01	2.166328e-05	5.560000e-01	
340	5.600000e-01	2.528644e-05	5.600000e-01	
341	5.640000e-01	2.951557e-05	5.640000e-01	
342	5.680000e-01	3.445202e-05	5.680000e-01	
343	5.720000e-01	4.021408e-05	5.720000e-01	
344	5.760000e-01	4.693984e-05	5.760000e-01	

Index   v-sweep         out             v-sweep         
--------------------------------------------------------------------------------
345	5.800000e-01	5.479048e-05	5.800000e-01	
346	5.840000e-01	6.395413e-05	5.840000e-01	
347	5.880000e-01	7.465039e-05	5.880000e-01	
348	5.920000e-01	8.713559e-05	5.920000e-01	
349	5.960000e-01	1.017089e-04	5.960000e-01	
350	6.000000e-01	1.187196e-04	6.000000e-01	
351	6.040000e-01	1.385754e-04	6.040000e-01	
352	6.080000e-01	1.617519e-04	6.080000e-01	
353	6.120000e-01	1.888048e-04	6.120000e-01	
354	6.160000e-01	2.203822e-04	6.160000e-01	
355	6.200000e-01	2.572409e-04	6.200000e-01	
356	6.240000e-01	3.002641e-04	6.240000e-01	
357	6.280000e-01	3.504830e-04	6.280000e-01	
358	6.320000e-01	4.091009e-04	6.320000e-01	
359	6.360000e-01	4.775225e-04	6.360000e-01	
360	6.400000e-01	5.573877e-04	6.400000e-01	
361	6.440000e-01	6.506102e-04	6.440000e-01	
362	6.480000e-01	7.594240e-04	6.480000e-01	
363	6.520000e-01	8.864369e-04	6.520000e-01	
364	6.560000e-01	1.034692e-03	6.560000e-01	
365	6.600000e-01	1.207744e-03	6.600000e-01	
366	6.640000e-01	1.409738e-03	6.640000e-01	
367	6.680000e-01	1.645515e-03	6.680000e-01	
368	6.720000e-01	1.920725e-03	6.720000e-01	
369	6.760000e-01	2.241964e-03	6.760000e-01	
370	6.800000e-01	2.616931e-03	6.800000e-01	
371	6.840000e-01	3.054609e-03	6.840000e-01	
372	6.880000e-01	3.565490e-03	6.880000e-01	
373	6.920000e-01	4.161814e-03	6.920000e-01	
374	6.960000e-01	4.857873e-03	6.960000e-01	
375	7.000000e-01	5.670347e-03	7.000000e-01	
