 1.00000000e+01  2.41063707e+01 
 1.12201845e+01  2.44208685e+01 
 1.25892541e+01  2.46879450e+01 
 1.41253754e+01  2.49124179e+01 
 1.58489319e+01  2.50993544e+01 
 1.77827941e+01  2.52537835e+01 
 1.99526231e+01  2.53804781e+01 
 2.23872114e+01  2.54838105e+01 
 2.51188643e+01  2.55676750e+01 
 2.81838293e+01  2.56354619e+01 
 3.16227766e+01  2.56900694e+01 
 3.54813389e+01  2.57339393e+01 
 3.98107171e+01  2.57691043e+01 
 4.46683592e+01  2.57972407e+01 
 5.01187234e+01  2.58197206e+01 
 5.62341325e+01  2.58376601e+01 
 6.30957344e+01  2.58519629e+01 
 7.07945784e+01  2.58633576e+01 
 7.94328235e+01  2.58724300e+01 
 8.91250938e+01  2.58796500e+01 
 1.00000000e+02  2.58853935e+01 
 1.12201845e+02  2.58899612e+01 
 1.25892541e+02  2.58935929e+01 
 1.41253754e+02  2.58964797e+01 
 1.58489319e+02  2.58987742e+01 
 1.77827941e+02  2.59005976e+01 
 1.99526231e+02  2.59020465e+01 
 2.23872114e+02  2.59031978e+01 
 2.51188643e+02  2.59041124e+01 
 2.81838293e+02  2.59048391e+01 
 3.16227766e+02  2.59054163e+01 
 3.54813389e+02  2.59058748e+01 
 3.98107171e+02  2.59062389e+01 
 4.46683592e+02  2.59065281e+01 
 5.01187234e+02  2.59067577e+01 
 5.62341325e+02  2.59069400e+01 
 6.30957344e+02  2.59070846e+01 
 7.07945784e+02  2.59071992e+01 
 7.94328235e+02  2.59072899e+01 
 8.91250938e+02  2.59073616e+01 
 1.00000000e+03  2.59074181e+01 
 1.12201845e+03  2.59074624e+01 
 1.25892541e+03  2.59074968e+01 
 1.41253754e+03  2.59075232e+01 
 1.58489319e+03  2.59075430e+01 
 1.77827941e+03  2.59075573e+01 
 1.99526231e+03  2.59075667e+01 
 2.23872114e+03  2.59075718e+01 
 2.51188643e+03  2.59075729e+01 
 2.81838293e+03  2.59075701e+01 
 3.16227766e+03  2.59075631e+01 
 3.54813389e+03  2.59075516e+01 
 3.98107171e+03  2.59075351e+01 
 4.46683592e+03  2.59075125e+01 
 5.01187234e+03  2.59074828e+01 
 5.62341325e+03  2.59074443e+01 
 6.30957344e+03  2.59073950e+01 
 7.07945784e+03  2.59073323e+01 
 7.94328235e+03  2.59072527e+01 
 8.91250938e+03  2.59071522e+01 
 1.00000000e+04  2.59070253e+01 
 1.12201845e+04  2.59068652e+01 
 1.25892541e+04  2.59066636e+01 
 1.41253754e+04  2.59064095e+01 
 1.58489319e+04  2.59060895e+01 
 1.77827941e+04  2.59056867e+01 
 1.99526231e+04  2.59051795e+01 
 2.23872114e+04  2.59045409e+01 
 2.51188643e+04  2.59037372e+01 
 2.81838293e+04  2.59027254e+01 
 3.16227766e+04  2.59014520e+01 
 3.54813389e+04  2.58998494e+01 
 3.98107171e+04  2.58978327e+01 
 4.46683592e+04  2.58952950e+01 
 5.01187234e+04  2.58921024e+01 
 5.62341325e+04  2.58880864e+01 
 6.30957344e+04  2.58830357e+01 
 7.07945784e+04  2.58766856e+01 
 7.94328235e+04  2.58687043e+01 
 8.91250938e+04  2.58586770e+01 
 1.00000000e+05  2.58460859e+01 
 1.12201845e+05  2.58302859e+01 
 1.25892541e+05  2.58104753e+01 
 1.41253754e+05  2.57856618e+01 
 1.58489319e+05  2.57546216e+01 
 1.77827941e+05  2.57158538e+01 
 1.99526231e+05  2.56675300e+01 
 2.23872114e+05  2.56074405e+01 
 2.51188643e+05  2.55329433e+01 
 2.81838293e+05  2.54409186e+01 
 3.16227766e+05  2.53277422e+01 
 3.54813389e+05  2.51892852e+01 
 3.98107171e+05  2.50209591e+01 
 4.46683592e+05  2.48178180e+01 
 5.01187234e+05  2.45747314e+01 
 5.62341325e+05  2.42866296e+01 
 6.30957344e+05  2.39488122e+01 
 7.07945784e+05  2.35572884e+01 
 7.94328235e+05  2.31091036e+01 
 8.91250938e+05  2.26025955e+01 
 1.00000000e+06  2.20375290e+01 
 1.12201845e+06  2.14150791e+01 
 1.25892541e+06  2.07376620e+01 
 1.41253754e+06  2.00086455e+01 
 1.58489319e+06  1.92319890e+01 
 1.77827941e+06  1.84118685e+01 
 1.99526231e+06  1.75523314e+01 
 2.23872114e+06  1.66570100e+01 
 2.51188643e+06  1.57289032e+01 
 2.81838293e+06  1.47702245e+01 
 3.16227766e+06  1.37823058e+01 
 3.54813389e+06  1.27655459e+01 
 3.98107171e+06  1.17193971e+01 
 4.46683592e+06  1.06423848e+01 
 5.01187234e+06  9.53216712e+00 
 5.62341325e+06  8.38563939e+00 
 6.30957344e+06  7.19909814e+00 
 7.07945784e+06  5.96847148e+00 
 7.94328235e+06  4.68961776e+00 
 8.91250938e+06  3.35867938e+00 
 1.00000000e+07  1.97246048e+00 
