 1.00000000e+01  2.20119136e+01  1.00000000e+01  2.35153939e+01  1.00000000e+01  2.47595802e+01 
 1.12201845e+01  2.23732239e+01  1.12201845e+01  2.38764719e+01  1.12201845e+01  2.51203381e+01 
 1.25892541e+01  2.26833106e+01  1.25892541e+01  2.41863432e+01  1.25892541e+01  2.54299128e+01 
 1.41253754e+01  2.29464403e+01  1.41253754e+01  2.44492777e+01  1.41253754e+01  2.56925784e+01 
 1.58489319e+01  2.31674422e+01  1.58489319e+01  2.46701063e+01  1.58489319e+01  2.59131683e+01 
 1.77827941e+01  2.33513742e+01  1.77827941e+01  2.48538871e+01  1.77827941e+01  2.60967410e+01 
 1.99526231e+01  2.35032390e+01  1.99526231e+01  2.50056222e+01  1.99526231e+01  2.62482975e+01 
 2.23872114e+01  2.36277720e+01  2.23872114e+01  2.51300455e+01  2.23872114e+01  2.63725696e+01 
 2.51188643e+01  2.37293016e+01  2.51188643e+01  2.52314832e+01  2.51188643e+01  2.64738808e+01 
 2.81838293e+01  2.38116758e+01  2.81838293e+01  2.53137812e+01  2.81838293e+01  2.65560740e+01 
 3.16227766e+01  2.38782399e+01  3.16227766e+01  2.53802828e+01  3.16227766e+01  2.66224894e+01 
 3.54813389e+01  2.39318505e+01  3.54813389e+01  2.54338423e+01  3.54813389e+01  2.66759786e+01 
 3.98107171e+01  2.39749116e+01  3.98107171e+01  2.54768618e+01  3.98107171e+01  2.67189410e+01 
 4.46683592e+01  2.40094231e+01  4.46683592e+01  2.55113398e+01  4.46683592e+01  2.67533728e+01 
 5.01187234e+01  2.40370334e+01  5.01187234e+01  2.55389230e+01  5.01187234e+01  2.67809187e+01 
 5.62341325e+01  2.40590907e+01  5.62341325e+01  2.55609586e+01  5.62341325e+01  2.68029245e+01 
 6.30957344e+01  2.40766917e+01  6.30957344e+01  2.55785422e+01  6.30957344e+01  2.68204840e+01 
 7.07945784e+01  2.40907237e+01  7.07945784e+01  2.55925602e+01  7.07945784e+01  2.68344828e+01 
 7.94328235e+01  2.41019020e+01  7.94328235e+01  2.56037274e+01  7.94328235e+01  2.68456347e+01 
 8.91250938e+01  2.41108018e+01  8.91250938e+01  2.56126183e+01  8.91250938e+01  2.68545134e+01 
 1.00000000e+02  2.41178841e+01  1.00000000e+02  2.56196935e+01  1.00000000e+02  2.68615788e+01 
 1.12201845e+02  2.41235180e+01  1.12201845e+02  2.56253217e+01  1.12201845e+02  2.68671993e+01 
 1.25892541e+02  2.41279983e+01  1.25892541e+02  2.56297975e+01  1.25892541e+02  2.68716689e+01 
 1.41253754e+02  2.41315603e+01  1.41253754e+02  2.56333560e+01  1.41253754e+02  2.68752224e+01 
 1.58489319e+02  2.41343917e+01  1.58489319e+02  2.56361845e+01  1.58489319e+02  2.68780469e+01 
 1.77827941e+02  2.41366420e+01  1.77827941e+02  2.56384325e+01  1.77827941e+02  2.68802917e+01 
 1.99526231e+02  2.41384301e+01  1.99526231e+02  2.56402187e+01  1.99526231e+02  2.68820755e+01 
 2.23872114e+02  2.41398507e+01  2.23872114e+02  2.56416379e+01  2.23872114e+02  2.68834926e+01 
 2.51188643e+02  2.41409793e+01  2.51188643e+02  2.56427652e+01  2.51188643e+02  2.68846183e+01 
 2.81838293e+02  2.41418756e+01  2.81838293e+02  2.56436606e+01  2.81838293e+02  2.68855123e+01 
 3.16227766e+02  2.41425872e+01  3.16227766e+02  2.56443714e+01  3.16227766e+02  2.68862220e+01 
 3.54813389e+02  2.41431521e+01  3.54813389e+02  2.56449356e+01  3.54813389e+02  2.68867852e+01 
 3.98107171e+02  2.41436001e+01  3.98107171e+02  2.56453830e+01  3.98107171e+02  2.68872318e+01 
 4.46683592e+02  2.41439552e+01  4.46683592e+02  2.56457375e+01  4.46683592e+02  2.68875856e+01 
 5.01187234e+02  2.41442363e+01  5.01187234e+02  2.56460180e+01  5.01187234e+02  2.68878654e+01 
 5.62341325e+02  2.41444582e+01  5.62341325e+02  2.56462394e+01  5.62341325e+02  2.68880860e+01 
 6.30957344e+02  2.41446327e+01  6.30957344e+02  2.56464134e+01  6.30957344e+02  2.68882593e+01 
 7.07945784e+02  2.41447693e+01  7.07945784e+02  2.56465493e+01  7.07945784e+02  2.68883943e+01 
 7.94328235e+02  2.41448751e+01  7.94328235e+02  2.56466544e+01  7.94328235e+02  2.68884984e+01 
 8.91250938e+02  2.41449558e+01  8.91250938e+02  2.56467342e+01  8.91250938e+02  2.68885771e+01 
 1.00000000e+03  2.41450157e+01  1.00000000e+03  2.56467931e+01  1.00000000e+03  2.68886345e+01 
 1.12201845e+03  2.41450580e+01  1.12201845e+03  2.56468340e+01  1.12201845e+03  2.68886737e+01 
 1.25892541e+03  2.41450849e+01  1.25892541e+03  2.56468593e+01  1.25892541e+03  2.68886969e+01 
 1.41253754e+03  2.41450978e+01  1.41253754e+03  2.56468702e+01  1.41253754e+03  2.68887051e+01 
 1.58489319e+03  2.41450974e+01  1.58489319e+03  2.56468673e+01  1.58489319e+03  2.68886989e+01 
 1.77827941e+03  2.41450838e+01  1.77827941e+03  2.56468505e+01  1.77827941e+03  2.68886780e+01 
 1.99526231e+03  2.41450562e+01  1.99526231e+03  2.56468189e+01  1.99526231e+03  2.68886412e+01 
 2.23872114e+03  2.41450130e+01  2.23872114e+03  2.56467708e+01  2.23872114e+03  2.68885865e+01 
 2.51188643e+03  2.41449522e+01  2.51188643e+03  2.56467037e+01  2.51188643e+03  2.68885111e+01 
 2.81838293e+03  2.41448703e+01  2.81838293e+03  2.56466139e+01  2.81838293e+03  2.68884109e+01 
 3.16227766e+03  2.41447630e+01  3.16227766e+03  2.56464967e+01  3.16227766e+03  2.68882807e+01 
 3.54813389e+03  2.41446246e+01  3.54813389e+03  2.56463458e+01  3.54813389e+03  2.68881134e+01 
 3.98107171e+03  2.41444478e+01  3.98107171e+03  2.56461533e+01  3.98107171e+03  2.68879002e+01 
 4.46683592e+03  2.41442231e+01  4.46683592e+03  2.56459089e+01  4.46683592e+03  2.68876297e+01 
 5.01187234e+03  2.41439386e+01  5.01187234e+03  2.56455995e+01  5.01187234e+03  2.68872875e+01 
 5.62341325e+03  2.41435791e+01  5.62341325e+03  2.56452087e+01  5.62341325e+03  2.68868554e+01 
 6.30957344e+03  2.41431256e+01  6.30957344e+03  2.56447157e+01  6.30957344e+03  2.68863105e+01 
 7.07945784e+03  2.41425538e+01  7.07945784e+03  2.56440943e+01  7.07945784e+03  2.68856238e+01 
 7.94328235e+03  2.41418334e+01  7.94328235e+03  2.56433115e+01  7.94328235e+03  2.68847587e+01 
 8.91250938e+03  2.41409262e+01  8.91250938e+03  2.56423257e+01  8.91250938e+03  2.68836694e+01 
 1.00000000e+04  2.41397839e+01  1.00000000e+04  2.56410845e+01  1.00000000e+04  2.68822980e+01 
 1.12201845e+04  2.41383459e+01  1.12201845e+04  2.56395221e+01  1.12201845e+04  2.68805717e+01 
 1.25892541e+04  2.41365360e+01  1.25892541e+04  2.56375556e+01  1.25892541e+04  2.68783991e+01 
 1.41253754e+04  2.41342582e+01  1.41253754e+04  2.56350810e+01  1.41253754e+04  2.68756653e+01 
 1.58489319e+04  2.41313922e+01  1.58489319e+04  2.56319674e+01  1.58489319e+04  2.68722257e+01 
 1.77827941e+04  2.41277865e+01  1.77827941e+04  2.56280505e+01  1.77827941e+04  2.68678992e+01 
 1.99526231e+04  2.41232512e+01  1.99526231e+04  2.56231241e+01  1.99526231e+04  2.68624581e+01 
 2.23872114e+04  2.41175479e+01  2.23872114e+04  2.56169297e+01  2.23872114e+04  2.68556174e+01 
 2.51188643e+04  2.41103781e+01  2.51188643e+04  2.56091433e+01  2.51188643e+04  2.68470199e+01 
 2.81838293e+04  2.41013680e+01  2.81838293e+04  2.55993597e+01  2.81838293e+04  2.68362194e+01 
 3.16227766e+04  2.40900503e+01  3.16227766e+04  2.55870728e+01  3.16227766e+04  2.68226588e+01 
 3.54813389e+04  2.40758424e+01  3.54813389e+04  2.55716516e+01  3.54813389e+04  2.68056442e+01 
 3.98107171e+04  2.40580189e+01  3.98107171e+04  2.55523116e+01  3.98107171e+04  2.67843142e+01 
 4.46683592e+04  2.40356799e+01  4.46683592e+04  2.55280806e+01  4.46683592e+04  2.67576028e+01 
 5.01187234e+04  2.40077127e+01  5.01187234e+04  2.54977583e+01  5.01187234e+04  2.67241966e+01 
 5.62341325e+04  2.39727483e+01  5.62341325e+04  2.54598704e+01  5.62341325e+04  2.66824863e+01 
 6.30957344e+04  2.39291115e+01  6.30957344e+04  2.54126172e+01  6.30957344e+04  2.66305138e+01 
 7.07945784e+04  2.38747676e+01  7.07945784e+04  2.53538190e+01  7.07945784e+04  2.65659163e+01 
 7.94328235e+04  2.38072672e+01  7.94328235e+04  2.52808611e+01  7.94328235e+04  2.64858733e+01 
 8.91250938e+04  2.37236947e+01  8.91250938e+04  2.51906448e+01  8.91250938e+04  2.63870618e+01 
 1.00000000e+05  2.36206270e+01  1.00000000e+05  2.50795517e+01  1.00000000e+05  2.62656303e+01 
