 1.00000000e+01  3.42470885e+01  1.00000000e+01  3.60716226e+01  1.00000000e+01  3.75995570e+01 
 1.12201845e+01  3.51106871e+01  1.12201845e+01  3.68789503e+01  1.12201845e+01  3.83408372e+01 
 1.25892541e+01  3.59431162e+01  1.25892541e+01  3.76455282e+01  1.25892541e+01  3.90324230e+01 
 1.41253754e+01  3.67396448e+01  1.41253754e+01  3.83666533e+01  1.41253754e+01  3.96705807e+01 
 1.58489319e+01  3.74953587e+01  1.58489319e+01  3.90379352e+01  1.58489319e+01  4.02524441e+01 
 1.77827941e+01  3.82054262e+01  1.77827941e+01  3.96556538e+01  1.77827941e+01  4.07763281e+01 
 1.99526231e+01  3.88654232e+01  1.99526231e+01  4.02171039e+01  1.99526231e+01  4.12419368e+01 
 2.23872114e+01  3.94716852e+01  2.23872114e+01  4.07208740e+01  2.23872114e+01  4.16504276e+01 
 2.51188643e+01  4.00216404e+01  2.51188643e+01  4.11670055e+01  2.51188643e+01  4.20043194e+01 
 2.81838293e+01  4.05140651e+01  2.81838293e+01  4.15570036e+01  2.81838293e+01  4.23072691e+01 
 3.16227766e+01  4.09492152e+01  3.16227766e+01  4.18936964e+01  3.16227766e+01  4.25637588e+01 
 3.54813389e+01  4.13288063e+01  3.54813389e+01  4.21809747e+01  3.54813389e+01  4.27787528e+01 
 3.98107171e+01  4.16558464e+01  3.98107171e+01  4.24234611e+01  3.98107171e+01  4.29573739e+01 
 4.46683592e+01  4.19343566e+01  4.46683592e+01  4.26261655e+01  4.46683592e+01  4.31046347e+01 
 5.01187234e+01  4.21690334e+01  5.01187234e+01  4.27941741e+01  5.01187234e+01  4.32252406e+01 
 5.62341325e+01  4.23649053e+01  5.62341325e+01  4.29323995e+01  5.62341325e+01  4.33234652e+01 
 6.30957344e+01  4.25270305e+01  6.30957344e+01  4.30454065e+01  6.30957344e+01  4.34030885e+01 
 7.07945784e+01  4.26602599e+01  7.07945784e+01  4.31373061e+01  7.07945784e+01  4.34673837e+01 
 7.94328235e+01  4.27690744e+01  7.94328235e+01  4.32117106e+01  7.94328235e+01  4.35191364e+01 
 8.91250938e+01  4.28574911e+01  8.91250938e+01  4.32717305e+01  8.91250938e+01  4.35606852e+01 
 1.00000000e+02  4.29290264e+01  1.00000000e+02  4.33200018e+01  1.00000000e+02  4.35939717e+01 
 1.12201845e+02  4.29866990e+01  1.12201845e+02  4.33587293e+01  1.12201845e+02  4.36205934e+01 
 1.25892541e+02  4.30330607e+01  1.25892541e+02  4.33897383e+01  1.25892541e+02  4.36418552e+01 
 1.41253754e+02  4.30702420e+01  1.41253754e+02  4.34145273e+01  1.41253754e+02  4.36588175e+01 
 1.58489319e+02  4.31000037e+01  1.58489319e+02  4.34343182e+01  1.58489319e+02  4.36723373e+01 
 1.77827941e+02  4.31237894e+01  1.77827941e+02  4.34501020e+01  1.77827941e+02  4.36831055e+01 
 1.99526231e+02  4.31427750e+01  1.99526231e+02  4.34626793e+01  1.99526231e+02  4.36916768e+01 
 2.23872114e+02  4.31579137e+01  2.23872114e+02  4.34726943e+01  2.23872114e+02  4.36984958e+01 
 2.51188643e+02  4.31699747e+01  2.51188643e+02  4.34806642e+01  2.51188643e+02  4.37039180e+01 
 2.81838293e+02  4.31795767e+01  2.81838293e+02  4.34870031e+01  2.81838293e+02  4.37082277e+01 
 3.16227766e+02  4.31872162e+01  3.16227766e+02  4.34920420e+01  3.16227766e+02  4.37116511e+01 
 3.54813389e+02  4.31932905e+01  3.54813389e+02  4.34960451e+01  3.54813389e+02  4.37143688e+01 
 3.98107171e+02  4.31981171e+01  3.98107171e+02  4.34992230e+01  3.98107171e+02  4.37165242e+01 
 4.46683592e+02  4.32019491e+01  4.46683592e+02  4.35017433e+01  4.46683592e+02  4.37182315e+01 
 5.01187234e+02  4.32049883e+01  5.01187234e+02  4.35037392e+01  5.01187234e+02  4.37195809e+01 
 5.62341325e+02  4.32073950e+01  5.62341325e+02  4.35053163e+01  5.62341325e+02  4.37206441e+01 
 6.30957344e+02  4.32092964e+01  6.30957344e+02  4.35065581e+01  6.30957344e+02  4.37214776e+01 
 7.07945784e+02  4.32107932e+01  7.07945784e+02  4.35075306e+01  7.07945784e+02  4.37221255e+01 
 7.94328235e+02  4.32119646e+01  7.94328235e+02  4.35082853e+01  7.94328235e+02  4.37226223e+01 
 8.91250938e+02  4.32128728e+01  8.91250938e+02  4.35088624e+01  8.91250938e+02  4.37229944e+01 
 1.00000000e+03  4.32135660e+01  1.00000000e+03  4.35092924e+01  1.00000000e+03  4.37232616e+01 
 1.12201845e+03  4.32140810e+01  1.12201845e+03  4.35095983e+01  1.12201845e+03  4.37234381e+01 
 1.25892541e+03  4.32144453e+01  1.25892541e+03  4.35097964e+01  1.25892541e+03  4.37235332e+01 
 1.41253754e+03  4.32146781e+01  1.41253754e+03  4.35098971e+01  1.41253754e+03  4.37235522e+01 
 1.58489319e+03  4.32147919e+01  1.58489319e+03  4.35099058e+01  1.58489319e+03  4.37234959e+01 
 1.77827941e+03  4.32147926e+01  1.77827941e+03  4.35098230e+01  1.77827941e+03  4.37233614e+01 
 1.99526231e+03  4.32146804e+01  1.99526231e+03  4.35096443e+01  1.99526231e+03  4.37231414e+01 
 2.23872114e+03  4.32144492e+01  2.23872114e+03  4.35093601e+01  2.23872114e+03  4.37228244e+01 
 2.51188643e+03  4.32140868e+01  2.51188643e+03  4.35089554e+01  2.51188643e+03  4.37223935e+01 
 2.81838293e+03  4.32135740e+01  2.81838293e+03  4.35084087e+01  2.81838293e+03  4.37218257e+01 
 3.16227766e+03  4.32128834e+01  3.16227766e+03  4.35076908e+01  3.16227766e+03  4.37210908e+01 
 3.54813389e+03  4.32119783e+01  3.54813389e+03  4.35067638e+01  3.54813389e+03  4.37201499e+01 
 3.98107171e+03  4.32108108e+01  3.98107171e+03  4.35055782e+01  3.98107171e+03  4.37189530e+01 
 4.46683592e+03  4.32093189e+01  4.46683592e+03  4.35040713e+01  4.46683592e+03  4.37174365e+01 
 5.01187234e+03  4.32074236e+01  5.01187234e+03  4.35021632e+01  5.01187234e+03  4.37155201e+01 
 5.62341325e+03  4.32050244e+01  5.62341325e+03  4.34997529e+01  5.62341325e+03  4.37131024e+01 
 6.30957344e+03  4.32019946e+01  6.30957344e+03  4.34967129e+01  6.30957344e+03  4.37100556e+01 
 7.07945784e+03  4.31981744e+01  7.07945784e+03  4.34928830e+01  7.07945784e+03  4.37062188e+01 
 7.94328235e+03  4.31933627e+01  7.94328235e+03  4.34880615e+01  7.94328235e+03  4.37013903e+01 
 8.91250938e+03  4.31873071e+01  8.91250938e+03  4.34819955e+01  8.91250938e+03  4.36953167e+01 
 1.00000000e+04  4.31796911e+01  1.00000000e+04  4.34743679e+01  1.00000000e+04  4.36876805e+01 
 1.12201845e+04  4.31701184e+01  1.12201845e+04  4.34647821e+01  1.12201845e+04  4.36780846e+01 
 1.25892541e+04  4.31580943e+01  1.25892541e+04  4.34527423e+01  1.25892541e+04  4.36660329e+01 
 1.41253754e+04  4.31430018e+01  1.41253754e+04  4.34376311e+01  1.41253754e+04  4.36509071e+01 
 1.58489319e+04  4.31240739e+01  1.58489319e+04  4.34186804e+01  1.58489319e+04  4.36319386e+01 
 1.77827941e+04  4.31003605e+01  1.77827941e+04  4.33949390e+01  1.77827941e+04  4.36081753e+01 
 1.99526231e+04  4.30706889e+01  1.99526231e+04  4.33652329e+01  1.99526231e+04  4.35784423e+01 
 2.23872114e+04  4.30336196e+01  2.23872114e+04  4.33281213e+01  2.23872114e+04  4.35412973e+01 
 2.51188643e+04  4.29873969e+01  2.51188643e+04  4.32818465e+01  2.51188643e+04  4.34949816e+01 
 2.81838293e+04  4.29298963e+01  2.81838293e+04  4.32242820e+01  2.81838293e+04  4.34373668e+01 
 3.16227766e+04  4.28585728e+01  3.16227766e+04  4.31528805e+01  3.16227766e+04  4.33659041e+01 
 3.54813389e+04  4.27704155e+01  3.54813389e+04  4.30646287e+01  3.54813389e+04  4.32775779e+01 
 3.98107171e+04  4.26619170e+01  3.98107171e+04  4.29560167e+01  3.98107171e+04  4.31688765e+01 
 4.46683592e+04  4.25290699e+01  4.46683592e+04  4.28230343e+01  4.46683592e+04  4.30357877e+01 
 5.01187234e+04  4.23674033e+01  5.01187234e+04  4.26612087e+01  5.01187234e+04  4.28738370e+01 
 5.62341325e+04  4.21720770e+01  5.62341325e+04  4.24656979e+01  5.62341325e+04  4.26781811e+01 
 6.30957344e+04  4.19380429e+01  6.30957344e+04  4.22314535e+01  6.30957344e+04  4.24437712e+01 
 7.07945784e+04  4.16602823e+01  7.07945784e+04  4.19534575e+01  7.07945784e+04  4.21655900e+01 
 7.94328235e+04  4.13341084e+01  7.94328235e+04  4.16270257e+01  7.94328235e+04  4.18389553e+01 
 8.91250938e+04  4.09555096e+01  8.91250938e+04  4.12481506e+01  8.91250938e+04  4.14598629e+01 
 1.00000000e+05  4.05214891e+01  1.00000000e+05  4.08138414e+01  1.00000000e+05  4.10253267e+01 
