 0.00000000e+00  3.01965368e+00  0.00000000e+00  2.65282772e+00  0.00000000e+00  2.29916638e+00 
 1.00000000e-07  3.01961144e+00  1.00000000e-07  2.65275037e+00  1.00000000e-07  2.29910486e+00 
 1.07118719e-07  3.01960821e+00  1.11695959e-07  2.65274092e+00  1.08330724e-07  2.29909941e+00 
 1.21356157e-07  3.01960126e+00  1.35087877e-07  2.65272111e+00  1.24992172e-07  2.29908786e+00 
 1.49831033e-07  3.01958425e+00  1.81871713e-07  2.65267434e+00  1.58315067e-07  2.29906016e+00 
 2.06780784e-07  3.01953637e+00  2.75439386e-07  2.65254351e+00  2.24960859e-07  2.29898298e+00 
 3.20680288e-07  3.01938260e+00  4.62574730e-07  2.65212297e+00  3.58252442e-07  2.29873324e+00 
 5.48479295e-07  3.01886980e+00  8.36845420e-07  2.65078027e+00  6.24835607e-07  2.29789049e+00 
 1.00407731e-06  3.01729314e+00  1.52406719e-06  2.64736134e+00  1.15800194e-06  2.29529655e+00 
 1.63664625e-06  3.01447646e+00  2.40286784e-06  2.64228821e+00  1.88049261e-06  2.29081638e+00 
 2.66343257e-06  3.00941944e+00  3.96828757e-06  2.63290089e+00  3.05755267e-06  2.28282593e+00 
 4.34381796e-06  3.00091112e+00  6.79910322e-06  2.61583090e+00  4.99649421e-06  2.26935512e+00 
 7.70458876e-06  2.98386339e+00  1.24607345e-05  2.58168536e+00  8.87437728e-06  2.24238117e+00 
 1.44261303e-05  2.94975293e+00  2.24607345e-05  2.52141149e+00  1.66301434e-05  2.18841617e+00 
 2.44261303e-05  2.89907183e+00  3.24607345e-05  2.46141582e+00  2.66301434e-05  2.11897991e+00 
 3.44261303e-05  2.84866618e+00  4.24607345e-05  2.40195144e+00  3.66301434e-05  2.04998296e+00 
 4.44261303e-05  2.79875163e+00  5.24607345e-05  2.34327753e+00  4.66301434e-05  1.98172098e+00 
 5.44261303e-05  2.74954395e+00  6.24607345e-05  2.28564619e+00  5.66301434e-05  1.91448921e+00 
 6.44261303e-05  2.70125653e+00  7.24607345e-05  2.22931019e+00  6.66301434e-05  1.84857953e+00 
 7.44261303e-05  2.65410007e+00  8.24607345e-05  2.17451448e+00  7.66301434e-05  1.78427951e+00 
 8.44261303e-05  2.60828089e+00  9.24607345e-05  2.12150046e+00  8.66301434e-05  1.72187072e+00 
 9.44261303e-05  2.56400019e+00  1.02460735e-04  2.07050039e+00  9.66301434e-05  1.66162703e+00 
 1.04426130e-04  2.52145283e+00  1.12460735e-04  2.02173956e+00  1.06630143e-04  1.60381369e+00 
 1.14426130e-04  2.48082635e+00  1.22460735e-04  1.97543255e+00  1.16630143e-04  1.54868530e+00 
 1.24426130e-04  2.44230016e+00  1.32460735e-04  1.93178423e+00  1.26630143e-04  1.49648538e+00 
 1.34426130e-04  2.40604442e+00  1.42460735e-04  1.89098719e+00  1.36630143e-04  1.44744424e+00 
 1.44426130e-04  2.37221954e+00  1.52460735e-04  1.85322199e+00  1.46630143e-04  1.40177893e+00 
 1.54426130e-04  2.34097504e+00  1.62460735e-04  1.81865550e+00  1.56630143e-04  1.35969114e+00 
 1.64426130e-04  2.31244927e+00  1.72460735e-04  1.78744074e+00  1.66630143e-04  1.32136737e+00 
 1.74426130e-04  2.28676835e+00  1.82460735e-04  1.75971572e+00  1.76630143e-04  1.28697700e+00 
 1.84426130e-04  2.26404602e+00  1.92460735e-04  1.73560318e+00  1.86630143e-04  1.25667262e+00 
 1.94426130e-04  2.24438272e+00  2.02460735e-04  1.71520980e+00  1.96630143e-04  1.23058829e+00 
 2.04426130e-04  2.22786556e+00  2.12460735e-04  1.69862588e+00  2.06630143e-04  1.20884002e+00 
 2.14426130e-04  2.21456751e+00  2.22460735e-04  1.68592490e+00  2.16630143e-04  1.19152418e+00 
 2.24426130e-04  2.20454752e+00  2.32460735e-04  1.67716317e+00  2.26630143e-04  1.17871814e+00 
 2.34426130e-04  2.19784983e+00  2.42460735e-04  1.67237964e+00  2.36630143e-04  1.17047890e+00 
 2.44426130e-04  2.19450420e+00  2.52460735e-04  1.67159566e+00  2.46630143e-04  1.16684381e+00 
 2.54426130e-04  2.19452536e+00  2.62460735e-04  1.67481495e+00  2.56630143e-04  1.16782941e+00 
 2.64426130e-04  2.19791340e+00  2.72460735e-04  1.68202351e+00  2.66630143e-04  1.17343229e+00 
 2.74426130e-04  2.20465329e+00  2.82460735e-04  1.69318973e+00  2.76630143e-04  1.18362812e+00 
 2.84426130e-04  2.21471538e+00  2.92460735e-04  1.70826446e+00  2.86630143e-04  1.19837264e+00 
 2.94426130e-04  2.22805514e+00  3.02460735e-04  1.72718126e+00  2.96630143e-04  1.21760095e+00 
 3.04426130e-04  2.24461372e+00  3.12460735e-04  1.74985663e+00  3.06630143e-04  1.24122862e+00 
 3.14426130e-04  2.26431782e+00  3.22460735e-04  1.77619042e+00  3.16630143e-04  1.26915120e+00 
 3.24426130e-04  2.28708039e+00  3.32460735e-04  1.80606623e+00  3.26630143e-04  1.30124546e+00 
 3.34426130e-04  2.31280063e+00  3.42460735e-04  1.83935192e+00  3.36630143e-04  1.33736919e+00 
 3.44426130e-04  2.34136481e+00  3.52460735e-04  1.87590022e+00  3.46630143e-04  1.37736256e+00 
 3.54426130e-04  2.37264643e+00  3.62460735e-04  1.91554939e+00  3.56630143e-04  1.42104815e+00 
 3.64426130e-04  2.40650711e+00  3.72460735e-04  1.95812394e+00  3.66630143e-04  1.46823243e+00 
 3.74426130e-04  2.44279694e+00  3.82460735e-04  2.00343553e+00  3.76630143e-04  1.51870605e+00 
 3.84426130e-04  2.48135547e+00  3.92460735e-04  2.05128374e+00  3.86630143e-04  1.57224546e+00 
 3.94426130e-04  2.52201216e+00  4.02460735e-04  2.10145718e+00  3.96630143e-04  1.62861337e+00 
 4.04426130e-04  2.56458755e+00  4.12460735e-04  2.15373441e+00  4.06630143e-04  1.68756054e+00 
 4.14426130e-04  2.60889379e+00  4.22460735e-04  2.20788516e+00  4.16630143e-04  1.74882643e+00 
 4.24426130e-04  2.65473593e+00  4.32460735e-04  2.26367139e+00  4.26630143e-04  1.81214109e+00 
 4.34426130e-04  2.70191261e+00  4.42460735e-04  2.32084866e+00  4.36630143e-04  1.87722604e+00 
 4.44426130e-04  2.75021737e+00  4.52460735e-04  2.37916731e+00  4.46630143e-04  1.94379623e+00 
 4.54426130e-04  2.79943951e+00  4.62460735e-04  2.43837387e+00  4.56630143e-04  2.01156107e+00 
 4.64426130e-04  2.84936549e+00  4.72460735e-04  2.49821244e+00  4.66630143e-04  2.08022652e+00 
 4.74426130e-04  2.89977979e+00  4.82460735e-04  2.55842610e+00  4.76630143e-04  2.14949621e+00 
 4.84426130e-04  2.95046644e+00  4.92460735e-04  2.61875836e+00  4.86630143e-04  2.21907356e+00 
 4.94426130e-04  3.00120993e+00  5.02460735e-04  2.67895461e+00  4.96630143e-04  2.28866304e+00 
 5.04426130e-04  3.05179671e+00  5.12460735e-04  2.73876358e+00  5.06630143e-04  2.35797225e+00 
 5.14426130e-04  3.10201613e+00  5.22460735e-04  2.79793875e+00  5.16630143e-04  2.42671316e+00 
 5.24426130e-04  3.15166191e+00  5.32460735e-04  2.85623977e+00  5.26630143e-04  2.49460419e+00 
 5.34426130e-04  3.20053305e+00  5.42460735e-04  2.91343379e+00  5.36630143e-04  2.56137135e+00 
 5.44426130e-04  3.24843516e+00  5.52460735e-04  2.96929666e+00  5.46630143e-04  2.62675015e+00 
 5.54426130e-04  3.29518130e+00  5.62460735e-04  3.02361419e+00  5.56630143e-04  2.69048663e+00 
 5.64426130e-04  3.34059311e+00  5.72460735e-04  3.07618307e+00  5.66630143e-04  2.75233898e+00 
 5.74426130e-04  3.38450152e+00  5.82460735e-04  3.12681185e+00  5.76630143e-04  2.81207832e+00 
 5.84426130e-04  3.42674758e+00  5.92460735e-04  3.17532166e+00  5.86630143e-04  2.86949002e+00 
 5.94426130e-04  3.46718294e+00  6.02460735e-04  3.22154673e+00  5.96630143e-04  2.92437407e+00 
 6.04426130e-04  3.50567046e+00  6.12460735e-04  3.26533483e+00  6.06630143e-04  2.97654606e+00 
 6.14426130e-04  3.54208427e+00  6.22460735e-04  3.30654738e+00  6.16630143e-04  3.02583707e+00 
 6.24426130e-04  3.57631013e+00  6.32460735e-04  3.34505949e+00  6.26630143e-04  3.07209421e+00 
 6.34426130e-04  3.60824516e+00  6.42460735e-04  3.38075975e+00  6.36630143e-04  3.11518011e+00 
 6.44426130e-04  3.63779784e+00  6.52460735e-04  3.41354980e+00  6.46630143e-04  3.15497295e+00 
 6.54426130e-04  3.66488749e+00  6.62460735e-04  3.44334385e+00  6.56630143e-04  3.19136560e+00 
 6.64426130e-04  3.68944394e+00  6.72460735e-04  3.47006797e+00  6.66630143e-04  3.22426524e+00 
 6.74426130e-04  3.71140681e+00  6.82460735e-04  3.49365934e+00  6.76630143e-04  3.25359223e+00 
 6.84426130e-04  3.73072499e+00  6.92460735e-04  3.51406539e+00  6.86630143e-04  3.27927946e+00 
 6.94426130e-04  3.74735578e+00  7.02460735e-04  3.53124293e+00  6.96630143e-04  3.30127110e+00 
 7.04426130e-04  3.76126432e+00  7.12460735e-04  3.54515737e+00  7.06630143e-04  3.31952182e+00 
 7.14426130e-04  3.77242273e+00  7.22460735e-04  3.55578184e+00  7.16630143e-04  3.33399568e+00 
 7.24426130e-04  3.78080963e+00  7.32460735e-04  3.56309659e+00  7.26630143e-04  3.34466538e+00 
 7.34426130e-04  3.78640943e+00  7.42460735e-04  3.56708835e+00  7.36630143e-04  3.35151142e+00 
 7.44426130e-04  3.78921201e+00  7.52460735e-04  3.56775002e+00  7.46630143e-04  3.35452164e+00 
 7.54426130e-04  3.78921231e+00  7.62460735e-04  3.56508036e+00  7.56630143e-04  3.35369070e+00 
 7.64426130e-04  3.78641026e+00  7.72460735e-04  3.55908399e+00  7.66630143e-04  3.34902007e+00 
 7.74426130e-04  3.78081070e+00  7.82460735e-04  3.54977159e+00  7.76630143e-04  3.34051790e+00 
 7.84426130e-04  3.77242362e+00  7.92460735e-04  3.53716014e+00  7.86630143e-04  3.32819949e+00 
 7.94426130e-04  3.76126443e+00  8.02460735e-04  3.52127353e+00  7.96630143e-04  3.31208757e+00 
 8.04426130e-04  3.74735442e+00  8.12460735e-04  3.50214312e+00  8.06630143e-04  3.29221313e+00 
 8.14426130e-04  3.73072130e+00  8.22460735e-04  3.47980857e+00  8.16630143e-04  3.26861607e+00 
 8.24426130e-04  3.71139991e+00  8.32460735e-04  3.45431860e+00  8.26630143e-04  3.24134624e+00 
 8.34426130e-04  3.68943284e+00  8.42460735e-04  3.42573192e+00  8.36630143e-04  3.21046431e+00 
 8.44426130e-04  3.66487124e+00  8.52460735e-04  3.39411800e+00  8.46630143e-04  3.17604289e+00 
 8.54426130e-04  3.63777548e+00  8.62460735e-04  3.35955798e+00  8.56630143e-04  3.13816736e+00 
 8.64426130e-04  3.60821583e+00  8.72460735e-04  3.32214530e+00  8.66630143e-04  3.09693691e+00 
 8.74426130e-04  3.57627302e+00  8.82460735e-04  3.28198632e+00  8.76630143e-04  3.05246519e+00 
 8.84426130e-04  3.54203878e+00  8.92460735e-04  3.23920078e+00  8.86630143e-04  3.00488103e+00 
 8.94426130e-04  3.50561609e+00  9.02460735e-04  3.19392206e+00  8.96630143e-04  2.95432877e+00 
 9.04426130e-04  3.46711948e+00  9.12460735e-04  3.14629727e+00  9.06630143e-04  2.90096862e+00 
 9.14426130e-04  3.42667497e+00  9.22460735e-04  3.09648713e+00  9.16630143e-04  2.84497655e+00 
 9.24426130e-04  3.38442005e+00  9.32460735e-04  3.04466566e+00  9.26630143e-04  2.78654414e+00 
 9.34426130e-04  3.34050327e+00  9.42460735e-04  2.99101971e+00  9.36630143e-04  2.72587813e+00 
 9.44426130e-04  3.29508392e+00  9.52460735e-04  2.93574825e+00  9.46630143e-04  2.66319974e+00 
 9.54426130e-04  3.24833132e+00  9.62460735e-04  2.87906154e+00  9.56630143e-04  2.59874382e+00 
 9.64426130e-04  3.20042416e+00  9.72460735e-04  2.82118015e+00  9.66630143e-04  2.53275782e+00 
 9.74426130e-04  3.15154960e+00  9.82460735e-04  2.76233382e+00  9.76630143e-04  2.46550054e+00 
 9.84426130e-04  3.10190235e+00  9.92460735e-04  2.70276023e+00  9.86630143e-04  2.39724087e+00 
 9.94426130e-04  3.05168357e+00  1.00246073e-03  2.64270374e+00  9.96630143e-04  2.32825622e+00 
 1.00442613e-03  3.00109982e+00  1.01246073e-03  2.58241393e+00  1.00663014e-03  2.25883110e+00 
 1.01442613e-03  2.95036184e+00  1.02246073e-03  2.52214424e+00  1.01663014e-03  2.18925537e+00 
 1.02442613e-03  2.89968339e+00  1.03246073e-03  2.46215053e+00  1.02663014e-03  2.11982271e+00 
 1.03442613e-03  2.84928000e+00  1.04246073e-03  2.40268957e+00  1.03663014e-03  2.05082887e+00 
 1.04442613e-03  2.79936777e+00  1.05246073e-03  2.34401765e+00  1.04663014e-03  1.98257002e+00 
 1.05442613e-03  2.75016213e+00  1.06246073e-03  2.28638910e+00  1.05663014e-03  1.91534107e+00 
 1.06442613e-03  2.70187669e+00  1.07246073e-03  2.23005495e+00  1.06663014e-03  1.84943405e+00 
 1.07442613e-03  2.65472200e+00  1.08246073e-03  2.17526152e+00  1.07663014e-03  1.78513649e+00 
 1.08442613e-03  2.60890449e+00  1.09246073e-03  2.12224914e+00  1.08663014e-03  1.72272992e+00 
 1.09442613e-03  2.56462530e+00  1.10246073e-03  2.07125090e+00  1.09663014e-03  1.66248833e+00 
 1.10442613e-03  2.52207931e+00  1.11246073e-03  2.02249146e+00  1.10663014e-03  1.60467681e+00 
 1.11442613e-03  2.48145408e+00  1.12246073e-03  1.97618590e+00  1.11663014e-03  1.54955016e+00 
 1.12442613e-03  2.44292899e+00  1.13246073e-03  1.93253872e+00  1.12663014e-03  1.49735167e+00 
 1.13442613e-03  2.40667425e+00  1.14246073e-03  1.89174278e+00  1.13663014e-03  1.44831193e+00 
 1.14442613e-03  2.37285020e+00  1.15246073e-03  1.85397845e+00  1.14663014e-03  1.40264772e+00 
 1.15442613e-03  2.34160646e+00  1.16246073e-03  1.81941277e+00  1.15663014e-03  1.36056100e+00 
 1.16442613e-03  2.31308128e+00  1.17246073e-03  1.78819862e+00  1.16663014e-03  1.32223801e+00 
 1.17442613e-03  2.28740088e+00  1.18246073e-03  1.76047411e+00  1.17663014e-03  1.28784839e+00 
 1.18442613e-03  2.26467892e+00  1.19246073e-03  1.73636193e+00  1.18663014e-03  1.25754449e+00 
 1.19442613e-03  2.24501594e+00  1.20246073e-03  1.71596880e+00  1.19663014e-03  1.23146062e+00 
 1.20442613e-03  2.22849893e+00  1.21246073e-03  1.69938500e+00  1.20663014e-03  1.20971253e+00 
 1.21442613e-03  2.21520098e+00  1.22246073e-03  1.68668402e+00  1.21663014e-03  1.19239686e+00 
 1.22442613e-03  2.20518093e+00  1.23246073e-03  1.67792217e+00  1.22663014e-03  1.17959073e+00 
 1.23442613e-03  2.19848313e+00  1.24246073e-03  1.67313839e+00  1.23663014e-03  1.17135138e+00 
 1.24442613e-03  2.19513724e+00  1.25246073e-03  1.67235405e+00  1.24663014e-03  1.16771593e+00 
 1.25442613e-03  2.19515810e+00  1.26246073e-03  1.67557285e+00  1.25663014e-03  1.16870114e+00 
 1.26442613e-03  2.19854568e+00  1.27246073e-03  1.68278081e+00  1.26663014e-03  1.17430338e+00 
 1.27442613e-03  2.20528506e+00  1.28246073e-03  1.69394631e+00  1.27663014e-03  1.18449854e+00 
 1.28442613e-03  2.21534650e+00  1.29246073e-03  1.70902020e+00  1.28663014e-03  1.19924214e+00 
 1.29442613e-03  2.22868555e+00  1.30246073e-03  1.72793603e+00  1.29663014e-03  1.21846949e+00 
 1.30442613e-03  2.24524327e+00  1.31246073e-03  1.75061031e+00  1.30663014e-03  1.24209596e+00 
 1.31442613e-03  2.26494645e+00  1.32246073e-03  1.77694288e+00  1.31663014e-03  1.27001727e+00 
 1.32442613e-03  2.28770795e+00  1.33246073e-03  1.80681734e+00  1.32663014e-03  1.30211002e+00 
 1.33442613e-03  2.31342705e+00  1.34246073e-03  1.84010155e+00  1.33663014e-03  1.33823218e+00 
 1.34442613e-03  2.34198995e+00  1.35246073e-03  1.87664822e+00  1.34663014e-03  1.37822373e+00 
 1.35442613e-03  2.37327020e+00  1.36246073e-03  1.91629563e+00  1.35663014e-03  1.42190742e+00 
 1.36442613e-03  2.40712937e+00  1.37246073e-03  1.95886828e+00  1.36663014e-03  1.46908955e+00 
 1.37442613e-03  2.44341760e+00  1.38246073e-03  2.00417781e+00  1.37663014e-03  1.51956094e+00 
 1.38442613e-03  2.48197436e+00  1.39246073e-03  2.05202382e+00  1.38663014e-03  1.57309786e+00 
 1.39442613e-03  2.52262921e+00  1.40246073e-03  2.10219490e+00  1.39663014e-03  1.62946317e+00 
 1.40442613e-03  2.56520257e+00  1.41246073e-03  2.15446962e+00  1.40663014e-03  1.68840749e+00 
 1.41442613e-03  2.60950670e+00  1.42246073e-03  2.20861768e+00  1.41663014e-03  1.74967041e+00 
 1.42442613e-03  2.65534656e+00  1.43246073e-03  2.26440108e+00  1.42663014e-03  1.81298186e+00 
 1.43442613e-03  2.70252086e+00  1.44246073e-03  2.32157534e+00  1.43663014e-03  1.87806346e+00 
 1.44442613e-03  2.75082307e+00  1.45246073e-03  2.37989082e+00  1.44663014e-03  1.94463006e+00 
 1.45442613e-03  2.80004255e+00  1.46246073e-03  2.43909404e+00  1.45663014e-03  2.01239117e+00 
 1.46442613e-03  2.84996570e+00  1.47246073e-03  2.49892911e+00  1.46663014e-03  2.08105264e+00 
 1.47442613e-03  2.90037707e+00  1.48246073e-03  2.55913910e+00  1.47663014e-03  2.15031821e+00 
 1.48442613e-03  2.95106062e+00  1.49246073e-03  2.61946753e+00  1.48663014e-03  2.21989121e+00 
 1.49442613e-03  3.00180091e+00  1.50246073e-03  2.67965980e+00  1.49663014e-03  2.28947621e+00 
 1.50442613e-03  3.05238432e+00  1.51246073e-03  2.73946463e+00  1.50663014e-03  2.35878071e+00 
 1.51442613e-03  3.10260029e+00  1.52246073e-03  2.79863554e+00  1.51663014e-03  2.42751680e+00 
 1.52442613e-03  3.15224248e+00  1.53246073e-03  2.85693217e+00  1.52663014e-03  2.49540280e+00 
 1.53442613e-03  3.20110995e+00  1.54246073e-03  2.91412168e+00  1.53663014e-03  2.56216485e+00 
 1.54442613e-03  3.24900828e+00  1.55246073e-03  2.96997996e+00  1.54663014e-03  2.62753838e+00 
 1.55442613e-03  3.29575058e+00  1.56246073e-03  3.02429281e+00  1.55663014e-03  2.69126952e+00 
 1.56442613e-03  3.34115848e+00  1.57246073e-03  3.07685697e+00  1.56663014e-03  2.75311642e+00 
 1.57442613e-03  3.38506295e+00  1.58246073e-03  3.12748100e+00  1.57663014e-03  2.81285031e+00 
 1.58442613e-03  3.42730504e+00  1.59246073e-03  3.17598605e+00  1.58663014e-03  2.87025649e+00 
 1.59442613e-03  3.46773646e+00  1.60246073e-03  3.22220641e+00  1.59663014e-03  2.92513509e+00 
 1.60442613e-03  3.50622004e+00  1.61246073e-03  3.26598984e+00  1.60663014e-03  2.97730162e+00 
 1.61442613e-03  3.54262999e+00  1.62246073e-03  3.30719783e+00  1.61663014e-03  3.02658732e+00 
 1.62442613e-03  3.57685206e+00  1.63246073e-03  3.34570552e+00  1.62663014e-03  3.07283923e+00 
 1.63442613e-03  3.60878343e+00  1.64246073e-03  3.38140151e+00  1.63663014e-03  3.11592011e+00 
 1.64442613e-03  3.63833259e+00  1.65246073e-03  3.41418750e+00  1.64663014e-03  3.15570811e+00 
 1.65442613e-03  3.66541890e+00  1.66246073e-03  3.44397774e+00  1.65663014e-03  3.19209621e+00 
 1.66442613e-03  3.68997221e+00  1.67246073e-03  3.47069833e+00  1.66663014e-03  3.22499156e+00 
 1.67442613e-03  3.71193220e+00  1.68246073e-03  3.49428647e+00  1.67663014e-03  3.25431464e+00 
 1.68442613e-03  3.73124774e+00  1.69246073e-03  3.51468964e+00  1.68663014e-03  3.27999830e+00 
 1.69442613e-03  3.74787620e+00  1.70246073e-03  3.53186468e+00  1.69663014e-03  3.30198679e+00 
 1.70442613e-03  3.76178270e+00  1.71246073e-03  3.54577700e+00  1.70663014e-03  3.32023480e+00 
 1.71442613e-03  3.77293943e+00  1.72246073e-03  3.55639978e+00  1.71663014e-03  3.33470643e+00 
 1.72442613e-03  3.78132499e+00  1.73246073e-03  3.56371327e+00  1.72663014e-03  3.34537438e+00 
 1.73442613e-03  3.78692382e+00  1.74246073e-03  3.56770422e+00  1.73663014e-03  3.35221919e+00 
 1.74442613e-03  3.78972580e+00  1.75246073e-03  3.56836553e+00  1.74663014e-03  3.35522868e+00 
 1.75442613e-03  3.78972587e+00  1.76246073e-03  3.56569595e+00  1.75663014e-03  3.35439754e+00 
 1.76442613e-03  3.78692396e+00  1.77246073e-03  3.55970012e+00  1.76663014e-03  3.34972721e+00 
 1.77442613e-03  3.78132492e+00  1.78246073e-03  3.55038868e+00  1.77663014e-03  3.34122587e+00 
 1.78442613e-03  3.77293873e+00  1.79246073e-03  3.53777863e+00  1.78663014e-03  3.32890877e+00 
 1.79442613e-03  3.76178077e+00  1.80246073e-03  3.52189380e+00  1.79663014e-03  3.31279865e+00 
 1.80442613e-03  3.74787231e+00  1.81246073e-03  3.50276556e+00  1.80663014e-03  3.29292645e+00 
 1.81442613e-03  3.73124106e+00  1.82246073e-03  3.48043352e+00  1.81663014e-03  3.26933206e+00 
 1.82442613e-03  3.71192181e+00  1.83246073e-03  3.45494637e+00  1.82663014e-03  3.24206526e+00 
 1.83442613e-03  3.68995714e+00  1.84246073e-03  3.42636279e+00  1.83663014e-03  3.21118673e+00 
 1.84442613e-03  3.66539817e+00  1.85246073e-03  3.39475222e+00  1.84663014e-03  3.17676900e+00 
 1.85442613e-03  3.63830524e+00  1.86246073e-03  3.36019576e+00  1.85663014e-03  3.13889744e+00 
 1.86442613e-03  3.60874858e+00  1.87246073e-03  3.32278679e+00  1.86663014e-03  3.09767117e+00 
 1.87442613e-03  3.57680891e+00  1.88246073e-03  3.28263167e+00  1.87663014e-03  3.05320382e+00 
 1.88442613e-03  3.54257790e+00  1.89246073e-03  3.23985009e+00  1.88663014e-03  3.00562415e+00 
 1.89442613e-03  3.50615853e+00  1.90246073e-03  3.19457539e+00  1.89663014e-03  2.95507649e+00 
 1.90442613e-03  3.46766527e+00  1.91246073e-03  3.14695465e+00  1.90663014e-03  2.90172099e+00 
 1.91442613e-03  3.42722415e+00  1.92246073e-03  3.09714856e+00  1.91663014e-03  2.84573359e+00 
 1.92442613e-03  3.38497259e+00  1.93246073e-03  3.04533110e+00  1.92663014e-03  2.78730584e+00 
 1.93442613e-03  3.34105917e+00  1.94246073e-03  2.99168911e+00  1.93663014e-03  2.72664445e+00 
 1.94442613e-03  3.29564311e+00  1.95246073e-03  2.93642154e+00  1.94663014e-03  2.66397059e+00 
 1.95442613e-03  3.24889374e+00  1.96246073e-03  2.87973861e+00  1.95663014e-03  2.59951911e+00 
 1.96442613e-03  3.20098972e+00  1.97246073e-03  2.82186089e+00  1.96663014e-03  2.53353742e+00 
 1.97442613e-03  3.15211821e+00  1.98246073e-03  2.76301810e+00  1.97663014e-03  2.46628433e+00 
 1.98442613e-03  3.10247388e+00  1.99246073e-03  2.70344791e+00  1.98663014e-03  2.39802867e+00 
 1.99442613e-03  3.05225792e+00  2.00000000e-03  2.65820250e+00  1.99663014e-03  2.32904788e+00 
 2.00000000e-03  3.02409503e+00                                  2.00000000e-03  2.30568664e+00 
